This is pdfTeX, Version 3.141592653-2.6-1.40.24 (MiKTeX 22.7) (preloaded format=pdflatex 2022.8.29)  7 DEC 2022 18:47
entering extended mode
 restricted \write18 enabled.
 %&-line parsing enabled.
**./Physics402ClassNote.tex
(Physics402ClassNote.tex
LaTeX2e <2022-06-01> patch level 5
L3 programming layer <2022-07-04>
(C:\Users\Cat\AppData\Local\Programs\MiKTeX\tex/latex/base\book.cls
Document Class: book 2021/10/04 v1.4n Standard LaTeX document class
(C:\Users\Cat\AppData\Local\Programs\MiKTeX\tex/latex/base\bk11.clo
File: bk11.clo 2021/10/04 v1.4n Standard LaTeX file (size option)
)
\c@part=\count185
\c@chapter=\count186
\c@section=\count187
\c@subsection=\count188
\c@subsubsection=\count189
\c@paragraph=\count190
\c@subparagraph=\count191
\c@figure=\count192
\c@table=\count193
\abovecaptionskip=\skip47
\belowcaptionskip=\skip48
\bibindent=\dimen138
)
(C:\Users\Cat\AppData\Local\Programs\MiKTeX\tex/latex/xcolor\xcolor.sty
Package: xcolor 2022/06/12 v2.14 LaTeX color extensions (UK)

(C:\Users\Cat\AppData\Local\Programs\MiKTeX\tex/latex/graphics-cfg\color.cfg
File: color.cfg 2016/01/02 v1.6 sample color configuration
)
Package xcolor Info: Driver file: pdftex.def on input line 227.

(C:\Users\Cat\AppData\Local\Programs\MiKTeX\tex/latex/graphics-def\pdftex.def
File: pdftex.def 2020/10/05 v1.2a Graphics/color driver for pdftex
)
(C:\Users\Cat\AppData\Local\Programs\MiKTeX\tex/latex-dev/graphics\mathcolor.lt
x)
Package xcolor Info: Model `cmy' substituted by `cmy0' on input line 1353.
Package xcolor Info: Model `hsb' substituted by `rgb' on input line 1357.
Package xcolor Info: Model `RGB' extended on input line 1369.
Package xcolor Info: Model `HTML' substituted by `rgb' on input line 1371.
Package xcolor Info: Model `Hsb' substituted by `hsb' on input line 1372.
Package xcolor Info: Model `tHsb' substituted by `hsb' on input line 1373.
Package xcolor Info: Model `HSB' substituted by `hsb' on input line 1374.
Package xcolor Info: Model `Gray' substituted by `gray' on input line 1375.
Package xcolor Info: Model `wave' substituted by `hsb' on input line 1376.
)
(C:\Users\Cat\AppData\Local\Programs\MiKTeX\tex/latex/mathtools\mathtools.sty
Package: mathtools 2022/06/29 v1.29 mathematical typesetting tools

(C:\Users\Cat\AppData\Local\Programs\MiKTeX\tex/latex/graphics\keyval.sty
Package: keyval 2022/05/29 v1.15 key=value parser (DPC)
\KV@toks@=\toks16
)
(C:\Users\Cat\AppData\Local\Programs\MiKTeX\tex/latex/tools\calc.sty
Package: calc 2017/05/25 v4.3 Infix arithmetic (KKT,FJ)
\calc@Acount=\count194
\calc@Bcount=\count195
\calc@Adimen=\dimen139
\calc@Bdimen=\dimen140
\calc@Askip=\skip49
\calc@Bskip=\skip50
LaTeX Info: Redefining \setlength on input line 80.
LaTeX Info: Redefining \addtolength on input line 81.
\calc@Ccount=\count196
\calc@Cskip=\skip51
)
(C:\Users\Cat\AppData\Local\Programs\MiKTeX\tex/latex/mathtools\mhsetup.sty
Package: mhsetup 2021/03/18 v1.4 programming setup (MH)
)
(C:\Users\Cat\AppData\Local\Programs\MiKTeX\tex/latex/amsmath\amsmath.sty
Package: amsmath 2022/04/08 v2.17n AMS math features
\@mathmargin=\skip52

For additional information on amsmath, use the `?' option.
(C:\Users\Cat\AppData\Local\Programs\MiKTeX\tex/latex/amsmath\amstext.sty
Package: amstext 2021/08/26 v2.01 AMS text

(C:\Users\Cat\AppData\Local\Programs\MiKTeX\tex/latex/amsmath\amsgen.sty
File: amsgen.sty 1999/11/30 v2.0 generic functions
\@emptytoks=\toks17
\ex@=\dimen141
))
(C:\Users\Cat\AppData\Local\Programs\MiKTeX\tex/latex/amsmath\amsbsy.sty
Package: amsbsy 1999/11/29 v1.2d Bold Symbols
\pmbraise@=\dimen142
)
(C:\Users\Cat\AppData\Local\Programs\MiKTeX\tex/latex/amsmath\amsopn.sty
Package: amsopn 2022/04/08 v2.04 operator names
)
\inf@bad=\count197
LaTeX Info: Redefining \frac on input line 234.
\uproot@=\count198
\leftroot@=\count199
LaTeX Info: Redefining \overline on input line 399.
LaTeX Info: Redefining \colon on input line 410.
\classnum@=\count266
\DOTSCASE@=\count267
LaTeX Info: Redefining \ldots on input line 496.
LaTeX Info: Redefining \dots on input line 499.
LaTeX Info: Redefining \cdots on input line 620.
\Mathstrutbox@=\box51
\strutbox@=\box52
LaTeX Info: Redefining \big on input line 722.
LaTeX Info: Redefining \Big on input line 723.
LaTeX Info: Redefining \bigg on input line 724.
LaTeX Info: Redefining \Bigg on input line 725.
\big@size=\dimen143
LaTeX Font Info:    Redeclaring font encoding OML on input line 743.
LaTeX Font Info:    Redeclaring font encoding OMS on input line 744.
\macc@depth=\count268
LaTeX Info: Redefining \bmod on input line 905.
LaTeX Info: Redefining \pmod on input line 910.
LaTeX Info: Redefining \smash on input line 940.
LaTeX Info: Redefining \relbar on input line 970.
LaTeX Info: Redefining \Relbar on input line 971.
\c@MaxMatrixCols=\count269
\dotsspace@=\muskip16
\c@parentequation=\count270
\dspbrk@lvl=\count271
\tag@help=\toks18
\row@=\count272
\column@=\count273
\maxfields@=\count274
\andhelp@=\toks19
\eqnshift@=\dimen144
\alignsep@=\dimen145
\tagshift@=\dimen146
\tagwidth@=\dimen147
\totwidth@=\dimen148
\lineht@=\dimen149
\@envbody=\toks20
\multlinegap=\skip53
\multlinetaggap=\skip54
\mathdisplay@stack=\toks21
LaTeX Info: Redefining \[ on input line 2953.
LaTeX Info: Redefining \] on input line 2954.
)
\g_MT_multlinerow_int=\count275
\l_MT_multwidth_dim=\dimen150
\origjot=\skip55
\l_MT_shortvdotswithinadjustabove_dim=\dimen151
\l_MT_shortvdotswithinadjustbelow_dim=\dimen152
\l_MT_above_intertext_sep=\dimen153
\l_MT_below_intertext_sep=\dimen154
\l_MT_above_shortintertext_sep=\dimen155
\l_MT_below_shortintertext_sep=\dimen156
\xmathstrut@box=\box53
\xmathstrut@dim=\dimen157
)
(C:\Users\Cat\AppData\Local\Programs\MiKTeX\tex/latex/geometry\geometry.sty
Package: geometry 2020/01/02 v5.9 Page Geometry

(C:\Users\Cat\AppData\Local\Programs\MiKTeX\tex/generic/iftex\ifvtex.sty
Package: ifvtex 2019/10/25 v1.7 ifvtex legacy package. Use iftex instead.

(C:\Users\Cat\AppData\Local\Programs\MiKTeX\tex/generic/iftex\iftex.sty
Package: iftex 2022/02/03 v1.0f TeX engine tests
))
\Gm@cnth=\count276
\Gm@cntv=\count277
\c@Gm@tempcnt=\count278
\Gm@bindingoffset=\dimen158
\Gm@wd@mp=\dimen159
\Gm@odd@mp=\dimen160
\Gm@even@mp=\dimen161
\Gm@layoutwidth=\dimen162
\Gm@layoutheight=\dimen163
\Gm@layouthoffset=\dimen164
\Gm@layoutvoffset=\dimen165
\Gm@dimlist=\toks22

(C:\Users\Cat\AppData\Local\Programs\MiKTeX\tex/latex/geometry\geometry.cfg)

Package geometry Warning: Over-specification in `h'-direction.
    `width' (433.62pt) is ignored.


Package geometry Warning: Over-specification in `v'-direction.
    `height' (578.15999pt) is ignored.

) (C:\Users\Cat\AppData\Local\Programs\MiKTeX\tex/latex/amsfonts\amssymb.sty
Package: amssymb 2013/01/14 v3.01 AMS font symbols

(C:\Users\Cat\AppData\Local\Programs\MiKTeX\tex/latex/amsfonts\amsfonts.sty
Package: amsfonts 2013/01/14 v3.01 Basic AMSFonts support
\symAMSa=\mathgroup4
\symAMSb=\mathgroup5
LaTeX Font Info:    Redeclaring math symbol \hbar on input line 98.
LaTeX Font Info:    Overwriting math alphabet `\mathfrak' in version `bold'
(Font)                  U/euf/m/n --> U/euf/b/n on input line 106.
))
(C:\Users\Cat\AppData\Local\Programs\MiKTeX\tex/latex/paralist\paralist.sty
Package: paralist 2017/01/22 v2.7 Extended list environments
\pltopsep=\skip56
\plpartopsep=\skip57
\plitemsep=\skip58
\plparsep=\skip59
\pl@lab=\toks23
)
(C:\Users\Cat\AppData\Local\Programs\MiKTeX\tex/latex/rsfso\rsfso.sty
Package: rsfso 2013/11/02 v1.01 U/rsfso (Michael Sharpe)

(C:\Users\Cat\AppData\Local\Programs\MiKTeX\tex/latex/xkeyval\xkeyval.sty
Package: xkeyval 2022/06/16 v2.9 package option processing (HA)

(C:\Users\Cat\AppData\Local\Programs\MiKTeX\tex/generic/xkeyval\xkeyval.tex
(C:\Users\Cat\AppData\Local\Programs\MiKTeX\tex/generic/xkeyval\xkvutils.tex
\XKV@toks=\toks24
\XKV@tempa@toks=\toks25
)
\XKV@depth=\count279
File: xkeyval.tex 2014/12/03 v2.7a key=value parser (HA)
))
LaTeX Font Info:    Redeclaring math alphabet \mathcal on input line 12.
) (C:\Users\Cat\AppData\Local\Programs\MiKTeX\tex/latex/amscls\amsthm.sty
Package: amsthm 2020/05/29 v2.20.6
\thm@style=\toks26
\thm@bodyfont=\toks27
\thm@headfont=\toks28
\thm@notefont=\toks29
\thm@headpunct=\toks30
\thm@preskip=\skip60
\thm@postskip=\skip61
\thm@headsep=\skip62
\dth@everypar=\toks31
)
(C:\Users\Cat\AppData\Local\Programs\MiKTeX\tex/latex/wasysym\wasysym.sty
Package: wasysym 2020/01/19 v2.4 Wasy-2 symbol support package
\symwasy=\mathgroup6
LaTeX Font Info:    Overwriting symbol font `wasy' in version `bold'
(Font)                  U/wasy/m/n --> U/wasy/b/n on input line 93.
)
(C:\Users\Cat\AppData\Local\Programs\MiKTeX\tex/latex/enumitem\enumitem.sty
Package: enumitem 2019/06/20 v3.9 Customized lists
\labelindent=\skip63
\enit@outerparindent=\dimen166
\enit@toks=\toks32
\enit@inbox=\box54
\enit@count@id=\count280
\enitdp@description=\count281
)
(C:\Users\Cat\AppData\Local\Programs\MiKTeX\tex/latex/hyperref\hyperref.sty
Package: hyperref 2022-06-20 v7.00s Hypertext links for LaTeX

(C:\Users\Cat\AppData\Local\Programs\MiKTeX\tex/generic/ltxcmds\ltxcmds.sty
Package: ltxcmds 2020-05-10 v1.25 LaTeX kernel commands for general use (HO)
)
(C:\Users\Cat\AppData\Local\Programs\MiKTeX\tex/generic/pdftexcmds\pdftexcmds.s
ty
Package: pdftexcmds 2020-06-27 v0.33 Utility functions of pdfTeX for LuaTeX (HO
)

(C:\Users\Cat\AppData\Local\Programs\MiKTeX\tex/generic/infwarerr\infwarerr.sty
Package: infwarerr 2019/12/03 v1.5 Providing info/warning/error messages (HO)
)
Package pdftexcmds Info: \pdf@primitive is available.
Package pdftexcmds Info: \pdf@ifprimitive is available.
Package pdftexcmds Info: \pdfdraftmode found.
)
(C:\Users\Cat\AppData\Local\Programs\MiKTeX\tex/generic/kvsetkeys\kvsetkeys.sty
Package: kvsetkeys 2019/12/15 v1.18 Key value parser (HO)
)
(C:\Users\Cat\AppData\Local\Programs\MiKTeX\tex/generic/kvdefinekeys\kvdefineke
ys.sty
Package: kvdefinekeys 2019-12-19 v1.6 Define keys (HO)
)
(C:\Users\Cat\AppData\Local\Programs\MiKTeX\tex/generic/pdfescape\pdfescape.sty
Package: pdfescape 2019/12/09 v1.15 Implements pdfTeX's escape features (HO)
) (C:\Users\Cat\AppData\Local\Programs\MiKTeX\tex/latex/hycolor\hycolor.sty
Package: hycolor 2020-01-27 v1.10 Color options for hyperref/bookmark (HO)
)
(C:\Users\Cat\AppData\Local\Programs\MiKTeX\tex/latex/letltxmacro\letltxmacro.s
ty
Package: letltxmacro 2019/12/03 v1.6 Let assignment for LaTeX macros (HO)
) (C:\Users\Cat\AppData\Local\Programs\MiKTeX\tex/latex/auxhook\auxhook.sty
Package: auxhook 2019-12-17 v1.6 Hooks for auxiliary files (HO)
)
(C:\Users\Cat\AppData\Local\Programs\MiKTeX\tex/latex/hyperref\nameref.sty
Package: nameref 2022-05-17 v2.50 Cross-referencing by name of section

(C:\Users\Cat\AppData\Local\Programs\MiKTeX\tex/latex/refcount\refcount.sty
Package: refcount 2019/12/15 v3.6 Data extraction from label references (HO)
)
(C:\Users\Cat\AppData\Local\Programs\MiKTeX\tex/generic/gettitlestring\gettitle
string.sty
Package: gettitlestring 2019/12/15 v1.6 Cleanup title references (HO)

(C:\Users\Cat\AppData\Local\Programs\MiKTeX\tex/latex/kvoptions\kvoptions.sty
Package: kvoptions 2022-06-15 v3.15 Key value format for package options (HO)
))
\c@section@level=\count282
)
\@linkdim=\dimen167
\Hy@linkcounter=\count283
\Hy@pagecounter=\count284
 (C:\Users\Cat\AppData\Local\Programs\MiKTeX\tex/latex/hyperref\pd1enc.def
File: pd1enc.def 2022-06-20 v7.00s Hyperref: PDFDocEncoding definition (HO)
Now handling font encoding PD1 ...
... no UTF-8 mapping file for font encoding PD1
)
(C:\Users\Cat\AppData\Local\Programs\MiKTeX\tex/generic/intcalc\intcalc.sty
Package: intcalc 2019/12/15 v1.3 Expandable calculations with integers (HO)
)
(C:\Users\Cat\AppData\Local\Programs\MiKTeX\tex/generic/etexcmds\etexcmds.sty
Package: etexcmds 2019/12/15 v1.7 Avoid name clashes with e-TeX commands (HO)
)
\Hy@SavedSpaceFactor=\count285

(C:\Users\Cat\AppData\Local\Programs\MiKTeX\tex/latex/hyperref\puenc.def
File: puenc.def 2022-06-20 v7.00s Hyperref: PDF Unicode definition (HO)
Now handling font encoding PU ...
... no UTF-8 mapping file for font encoding PU
)
Package hyperref Info: Hyper figures OFF on input line 4162.
Package hyperref Info: Link nesting OFF on input line 4167.
Package hyperref Info: Hyper index ON on input line 4170.
Package hyperref Info: Plain pages OFF on input line 4177.
Package hyperref Info: Backreferencing OFF on input line 4182.
Package hyperref Info: Implicit mode ON; LaTeX internals redefined.
Package hyperref Info: Bookmarks ON on input line 4408.
\c@Hy@tempcnt=\count286

(C:\Users\Cat\AppData\Local\Programs\MiKTeX\tex/latex/url\url.sty
\Urlmuskip=\muskip17
Package: url 2013/09/16  ver 3.4  Verb mode for urls, etc.
)
LaTeX Info: Redefining \url on input line 4746.
\XeTeXLinkMargin=\dimen168

(C:\Users\Cat\AppData\Local\Programs\MiKTeX\tex/generic/bitset\bitset.sty
Package: bitset 2019/12/09 v1.3 Handle bit-vector datatype (HO)

(C:\Users\Cat\AppData\Local\Programs\MiKTeX\tex/generic/bigintcalc\bigintcalc.s
ty
Package: bigintcalc 2019/12/15 v1.5 Expandable calculations on big integers (HO
)
))
\Fld@menulength=\count287
\Field@Width=\dimen169
\Fld@charsize=\dimen170
Package hyperref Info: Hyper figures OFF on input line 6024.
Package hyperref Info: Link nesting OFF on input line 6029.
Package hyperref Info: Hyper index ON on input line 6032.
Package hyperref Info: backreferencing OFF on input line 6039.
Package hyperref Info: Link coloring OFF on input line 6044.
Package hyperref Info: Link coloring with OCG OFF on input line 6049.
Package hyperref Info: PDF/A mode OFF on input line 6054.

(C:\Users\Cat\AppData\Local\Programs\MiKTeX\tex/latex/base\atbegshi-ltx.sty
Package: atbegshi-ltx 2021/01/10 v1.0c Emulation of the original atbegshi
package with kernel methods
)
\Hy@abspage=\count288
\c@Item=\count289
\c@Hfootnote=\count290
)
Package hyperref Info: Driver (autodetected): hpdftex.

(C:\Users\Cat\AppData\Local\Programs\MiKTeX\tex/latex/hyperref\hpdftex.def
File: hpdftex.def 2022-06-20 v7.00s Hyperref driver for pdfTeX

(C:\Users\Cat\AppData\Local\Programs\MiKTeX\tex/latex/base\atveryend-ltx.sty
Package: atveryend-ltx 2020/08/19 v1.0a Emulation of the original atveryend pac
kage
with kernel methods
)
\Fld@listcount=\count291
\c@bookmark@seq@number=\count292

(C:\Users\Cat\AppData\Local\Programs\MiKTeX\tex/latex/rerunfilecheck\rerunfilec
heck.sty
Package: rerunfilecheck 2022-07-10 v1.10 Rerun checks for auxiliary files (HO)

(C:\Users\Cat\AppData\Local\Programs\MiKTeX\tex/generic/uniquecounter\uniquecou
nter.sty
Package: uniquecounter 2019/12/15 v1.4 Provide unlimited unique counter (HO)
)
Package uniquecounter Info: New unique counter `rerunfilecheck' on input line 2
85.
)
\Hy@SectionHShift=\skip64
)
(C:\Users\Cat\AppData\Local\Programs\MiKTeX\tex/latex/tocloft\tocloft.sty
Package: tocloft 2017/08/31 v2.3i parameterised ToC, etc., typesetting
Package tocloft Info: The document has chapter divisions on input line 51.
\cftparskip=\skip65
\cftbeforetoctitleskip=\skip66
\cftaftertoctitleskip=\skip67
\cftbeforepartskip=\skip68
\cftpartnumwidth=\skip69
\cftpartindent=\skip70
\cftbeforechapskip=\skip71
\cftchapindent=\skip72
\cftchapnumwidth=\skip73
\cftbeforesecskip=\skip74
\cftsecindent=\skip75
\cftsecnumwidth=\skip76
\cftbeforesubsecskip=\skip77
\cftsubsecindent=\skip78
\cftsubsecnumwidth=\skip79
\cftbeforesubsubsecskip=\skip80
\cftsubsubsecindent=\skip81
\cftsubsubsecnumwidth=\skip82
\cftbeforeparaskip=\skip83
\cftparaindent=\skip84
\cftparanumwidth=\skip85
\cftbeforesubparaskip=\skip86
\cftsubparaindent=\skip87
\cftsubparanumwidth=\skip88
\cftbeforeloftitleskip=\skip89
\cftafterloftitleskip=\skip90
\cftbeforefigskip=\skip91
\cftfigindent=\skip92
\cftfignumwidth=\skip93
\c@lofdepth=\count293
\c@lotdepth=\count294
\cftbeforelottitleskip=\skip94
\cftafterlottitleskip=\skip95
\cftbeforetabskip=\skip96
\cfttabindent=\skip97
\cfttabnumwidth=\skip98
)
(C:\Users\Cat\AppData\Local\Programs\MiKTeX\tex/latex/wrapfig\wrapfig.sty
\wrapoverhang=\dimen171
\WF@size=\dimen172
\c@WF@wrappedlines=\count295
\WF@box=\box55
\WF@everypar=\toks33
Package: wrapfig 2003/01/31  v 3.6
)
(C:\Users\Cat\AppData\Local\Programs\MiKTeX\tex/latex/titlesec\titlesec.sty
Package: titlesec 2021/07/05 v2.14 Sectioning titles
\ttl@box=\box56
\beforetitleunit=\skip99
\aftertitleunit=\skip100
\ttl@plus=\dimen173
\ttl@minus=\dimen174
\ttl@toksa=\toks34
\titlewidth=\dimen175
\titlewidthlast=\dimen176
\titlewidthfirst=\dimen177
)
(C:\Users\Cat\AppData\Local\Programs\MiKTeX\tex/latex/colortbl\colortbl.sty
Package: colortbl 2022/06/20 v1.0f Color table columns (DPC)

(C:\Users\Cat\AppData\Local\Programs\MiKTeX\tex/latex/tools\array.sty
Package: array 2021/10/04 v2.5f Tabular extension package (FMi)
\col@sep=\dimen178
\ar@mcellbox=\box57
\extrarowheight=\dimen179
\NC@list=\toks35
\extratabsurround=\skip101
\backup@length=\skip102
\ar@cellbox=\box58
)
\everycr=\toks36
\minrowclearance=\skip103
\rownum=\count296
)
(C:\Users\Cat\AppData\Local\Programs\MiKTeX\tex/latex/stackengine\stackengine.s
ty
Package: stackengine 2021/07/22 v4.11\ Stacking text and objects in convenient 
ways
 (C:\Users\Cat\AppData\Local\Programs\MiKTeX\tex/latex/etoolbox\etoolbox.sty
Package: etoolbox 2020/10/05 v2.5k e-TeX tools for LaTeX (JAW)
\etb@tempcnta=\count297
)
(C:\Users\Cat\AppData\Local\Programs\MiKTeX\tex/latex/listofitems\listofitems.s
ty
(C:\Users\Cat\AppData\Local\Programs\MiKTeX\tex/generic/listofitems\listofitems
.tex
\loi_cnt_foreach_nest=\count298
\loi_nestcnt=\count299
)
Package: listofitems 2019/08/21 v1.63 Grab items in lists using user-specified 
sep char (CT)
)
\c@@stackindex=\count300
\@boxshift=\skip104
\stack@tmplength=\skip105
\temp@stkl=\skip106
\@stackedboxwidth=\skip107
\@addedbox=\box59
\@anchorbox=\box60
\@insetbox=\box61
\se@backgroundbox=\box62
\stackedbox=\box63
\@centerbox=\box64
\c@ROWcellindex@=\count301
)
\c@axiom=\count302
\c@thm=\count303
\c@lem=\count304
\c@corL=\count305
\c@defn=\count306

(C:\Users\Cat\AppData\Local\Programs\MiKTeX\tex/latex/l3backend\l3backend-pdfte
x.def
File: l3backend-pdftex.def 2022-07-01 L3 backend support: PDF output (pdfTeX)
\l__color_backend_stack_int=\count307
\l__pdf_internal_box=\box65
) (Physics402ClassNote.aux)
\openout1 = `Physics402ClassNote.aux'.

LaTeX Font Info:    Checking defaults for OML/cmm/m/it on input line 149.
LaTeX Font Info:    ... okay on input line 149.
LaTeX Font Info:    Checking defaults for OMS/cmsy/m/n on input line 149.
LaTeX Font Info:    ... okay on input line 149.
LaTeX Font Info:    Checking defaults for OT1/cmr/m/n on input line 149.
LaTeX Font Info:    ... okay on input line 149.
LaTeX Font Info:    Checking defaults for T1/cmr/m/n on input line 149.
LaTeX Font Info:    ... okay on input line 149.
LaTeX Font Info:    Checking defaults for TS1/cmr/m/n on input line 149.
LaTeX Font Info:    ... okay on input line 149.
LaTeX Font Info:    Checking defaults for OMX/cmex/m/n on input line 149.
LaTeX Font Info:    ... okay on input line 149.
LaTeX Font Info:    Checking defaults for U/cmr/m/n on input line 149.
LaTeX Font Info:    ... okay on input line 149.
LaTeX Font Info:    Checking defaults for PD1/pdf/m/n on input line 149.
LaTeX Font Info:    ... okay on input line 149.
LaTeX Font Info:    Checking defaults for PU/pdf/m/n on input line 149.
LaTeX Font Info:    ... okay on input line 149.

(C:\Users\Cat\AppData\Local\Programs\MiKTeX\tex/context/base/mkii\supp-pdf.mkii
[Loading MPS to PDF converter (version 2006.09.02).]
\scratchcounter=\count308
\scratchdimen=\dimen180
\scratchbox=\box66
\nofMPsegments=\count309
\nofMParguments=\count310
\everyMPshowfont=\toks37
\MPscratchCnt=\count311
\MPscratchDim=\dimen181
\MPnumerator=\count312
\makeMPintoPDFobject=\count313
\everyMPtoPDFconversion=\toks38
) (C:\Users\Cat\AppData\Local\Programs\MiKTeX\tex/latex/graphics\graphicx.sty
Package: graphicx 2021/09/16 v1.2d Enhanced LaTeX Graphics (DPC,SPQR)

(C:\Users\Cat\AppData\Local\Programs\MiKTeX\tex/latex/graphics\graphics.sty
Package: graphics 2022/03/10 v1.4e Standard LaTeX Graphics (DPC,SPQR)

(C:\Users\Cat\AppData\Local\Programs\MiKTeX\tex/latex/graphics\trig.sty
Package: trig 2021/08/11 v1.11 sin cos tan (DPC)
)
(C:\Users\Cat\AppData\Local\Programs\MiKTeX\tex/latex/graphics-cfg\graphics.cfg
File: graphics.cfg 2016/06/04 v1.11 sample graphics configuration
)
Package graphics Info: Driver file: pdftex.def on input line 107.
)
\Gin@req@height=\dimen182
\Gin@req@width=\dimen183
)
*geometry* driver: auto-detecting
*geometry* detected driver: pdftex
*geometry* verbose mode - [ preamble ] result:
* driver: pdftex
* paper: a4paper
* layout: <same size as paper>
* layoutoffset:(h,v)=(0.0pt,0.0pt)
* modes: twoside 
* h-part:(L,W,R)=(90.3375pt, 416.83289pt, 90.3375pt)
* v-part:(T,H,B)=(90.3375pt, 664.37186pt, 90.3375pt)
* \paperwidth=597.50787pt
* \paperheight=845.04684pt
* \textwidth=416.83289pt
* \textheight=664.37186pt
* \oddsidemargin=18.0675pt
* \evensidemargin=18.0675pt
* \topmargin=-13.80629pt
* \headheight=12.0pt
* \headsep=19.8738pt
* \topskip=11.0pt
* \footskip=27.46295pt
* \marginparwidth=116.0pt
* \marginparsep=7.0pt
* \columnsep=10.0pt
* \skip\footins=10.0pt plus 4.0pt minus 2.0pt
* \hoffset=0.0pt
* \voffset=0.0pt
* \mag=1000
* \@twocolumnfalse
* \@twosidetrue
* \@mparswitchtrue
* \@reversemarginfalse
* (1in=72.27pt=25.4mm, 1cm=28.453pt)

Package hyperref Info: Link coloring OFF on input line 149.
(Physics402ClassNote.out) (Physics402ClassNote.out)
\@outlinefile=\write3
\openout3 = `Physics402ClassNote.out'.



pdfTeX warning: pdflatex (file ./hmm.pdf): PDF inclusion: found PDF version <1.
7>, but at most version <1.5> allowed
<hmm.pdf, id=355, 221.36029pt x 224.36021pt>
File: hmm.pdf Graphic file (type pdf)
<use hmm.pdf>
Package pdftex.def Info: hmm.pdf  used on input line 163.
(pdftex.def)             Requested size: 188.15712pt x 190.70706pt.
[1


{C:/Users/Cat/AppData/Local/MiKTeX/fonts/map/pdftex/pdftex.map} <./hmm.pdf>]
(Physics402ClassNote.toc
LaTeX Font Info:    Trying to load font information for U+msa on input line 2.

(C:\Users\Cat\AppData\Local\Programs\MiKTeX\tex/latex/amsfonts\umsa.fd
File: umsa.fd 2013/01/14 v3.01 AMS symbols A
)
LaTeX Font Info:    Trying to load font information for U+msb on input line 2.

(C:\Users\Cat\AppData\Local\Programs\MiKTeX\tex/latex/amsfonts\umsb.fd
File: umsb.fd 2013/01/14 v3.01 AMS symbols B
)
LaTeX Font Info:    Trying to load font information for U+wasy on input line 2.


(C:\Users\Cat\AppData\Local\Programs\MiKTeX\tex/latex/wasysym\uwasy.fd
File: uwasy.fd 2020/01/19 v2.4 Wasy-2 symbol font definitions
)
[2] [3])
\tf@toc=\write4
\openout4 = `Physics402ClassNote.toc'.

 [4]
pdfTeX warning (ext4): destination with the same identifier (name{page.1}) has 
been already used, duplicate ignored
<to be read again> 
                   \relax 
l.185 \newpage
               [1]
pdfTeX warning (ext4): destination with the same identifier (name{page.2}) has 
been already used, duplicate ignored
<to be read again> 
                   \relax 
l.186 \chapter
              {Nature of Light} [2

]
Chapter 1.

Underfull \hbox (badness 10000) in paragraph at lines 192--194

 []


Underfull \hbox (badness 10000) in paragraph at lines 198--200

 []


Underfull \hbox (badness 10000) in paragraph at lines 203--205

 []


Underfull \hbox (badness 10000) in paragraph at lines 223--226

 []


pdfTeX warning (ext4): destination with the same identifier (name{page.3}) has 
been already used, duplicate ignored
<to be read again> 
                   \relax 
l.227 \newpage
               [3]
Underfull \hbox (badness 10000) in paragraph at lines 229--230

 []


Underfull \hbox (badness 10000) in paragraph at lines 231--232

 []


Underfull \hbox (badness 10000) in paragraph at lines 245--247

 []


Underfull \hbox (badness 10000) in paragraph at lines 248--249

 []


Underfull \hbox (badness 10000) in paragraph at lines 257--259

 []


Overfull \hbox (12.61548pt too wide) in paragraph at lines 260--262
[]\OT1/cmr/m/n/10.95 Example: []Con-sider a black-body of $5000 \OML/cmm/m/it/1
0.95 K$ \OT1/cmr/m/n/10.95 with spec-tral ra-di-ance around $10 \OML/cmm/m/it/1
0.95 kW=sr=m[]=nm$
 []


Underfull \hbox (badness 10000) in paragraph at lines 260--262

 []


pdfTeX warning (ext4): destination with the same identifier (name{page.4}) has 
been already used, duplicate ignored
<to be read again> 
                   \relax 
l.262 
       [4] [5] [6

]
Chapter 2.

Underfull \hbox (badness 10000) in paragraph at lines 266--267

 []

<Laws.png, id=525, 627.84563pt x 479.54156pt>
File: Laws.png Graphic file (type png)
<use Laws.png>
Package pdftex.def Info: Laws.png  used on input line 280.
(pdftex.def)             Requested size: 345.31616pt x 263.74867pt.

Underfull \hbox (badness 10000) in paragraph at lines 283--284

 []

[7 <./Laws.png>]
<Huygens.png, id=535, 518.6878pt x 493.0922pt>
File: Huygens.png Graphic file (type png)
<use Huygens.png>
Package pdftex.def Info: Huygens.png  used on input line 285.
(pdftex.def)             Requested size: 202.28743pt x 192.30518pt.

Underfull \hbox (badness 10000) in paragraph at lines 288--290

 []

<Fermat1.png, id=536, 537.50812pt x 397.485pt>
File: Fermat1.png Graphic file (type png)
<use Fermat1.png>
Package pdftex.def Info: Fermat1.png  used on input line 293.
(pdftex.def)             Requested size: 241.87642pt x 178.8666pt.
<Fermat2.png, id=537, 387.69844pt x 338.01282pt>
File: Fermat2.png Graphic file (type png)
<use Fermat2.png>
Package pdftex.def Info: Fermat2.png  used on input line 298.
(pdftex.def)             Requested size: 213.23479pt x 185.90761pt.

Underfull \vbox (badness 7133) has occurred while \output is active []

 [8 <./Huygens.png> <./Fermat1.png>]
Underfull \hbox (badness 10000) in paragraph at lines 311--313

 []

[9 <./Fermat2.png>]
<HuygensRefl.png, id=552, 405.76593pt x 238.64156pt>
File: HuygensRefl.png Graphic file (type png)
<use HuygensRefl.png>
Package pdftex.def Info: HuygensRefl.png  used on input line 320.
(pdftex.def)             Requested size: 324.61317pt x 190.91348pt.
<HuygensRefr.png, id=553, 405.01312pt x 369.63094pt>
File: HuygensRefr.png Graphic file (type png)
<use HuygensRefr.png>
Package pdftex.def Info: HuygensRefr.png  used on input line 325.
(pdftex.def)             Requested size: 324.01093pt x 295.70514pt.
 [10 <./HuygensRefl.png> <./HuygensRefr.png>]
Underfull \hbox (badness 10000) in paragraph at lines 329--331

 []


Underfull \hbox (badness 10000) in paragraph at lines 335--336

 []


Underfull \hbox (badness 10000) in paragraph at lines 337--339

 []


Underfull \hbox (badness 10000) in paragraph at lines 340--341

 []

[11]
<mirrorIma1.png, id=565, 315.42844pt x 255.95625pt>
File: mirrorIma1.png Graphic file (type png)
<use mirrorIma1.png>
Package pdftex.def Info: mirrorIma1.png  used on input line 354.
(pdftex.def)             Requested size: 123.01659pt x 99.82253pt.
<mirrorIma2.png, id=566, 315.42844pt x 302.63063pt>
File: mirrorIma2.png Graphic file (type png)
<use mirrorIma2.png>
Package pdftex.def Info: mirrorIma2.png  used on input line 354.
(pdftex.def)             Requested size: 123.01659pt x 118.02547pt.

Underfull \hbox (badness 10000) in paragraph at lines 357--358

 []


Underfull \hbox (badness 10000) in paragraph at lines 359--361

 []

<refracIma.png, id=567, 641.39626pt x 271.76532pt>
File: refracIma.png Graphic file (type png)
<use refracIma.png>
Package pdftex.def Info: refracIma.png  used on input line 363.
(pdftex.def)             Requested size: 352.76903pt x 149.47137pt.
[12 <./mirrorIma1.png> <./mirrorIma2.png> <./refracIma.png>] [13]
Underfull \hbox (badness 10000) in paragraph at lines 376--377

 []


Underfull \hbox (badness 10000) in paragraph at lines 385--386

 []


Underfull \hbox (badness 10000) in paragraph at lines 389--390

 []

<catesianSurfaces.png, id=580, 911.65594pt x 536.0025pt>
File: catesianSurfaces.png Graphic file (type png)
<use catesianSurfaces.png>
Package pdftex.def Info: catesianSurfaces.png  used on input line 392.
(pdftex.def)             Requested size: 273.49889pt x 160.80199pt.
[14 <./catesianSurfaces.png>]
Underfull \hbox (badness 10000) in paragraph at lines 406--408

 []


Underfull \hbox (badness 10000) in paragraph at lines 412--413

 []

<reflectiveSur.png, id=589, 672.26157pt x 505.89pt>
File: reflectiveSur.png Graphic file (type png)
<use reflectiveSur.png>
Package pdftex.def Info: reflectiveSur.png  used on input line 416.
(pdftex.def)             Requested size: 235.29507pt x 177.06415pt.
[15 <./reflectiveSur.png>]
<reflectiveMag.png, id=600, 532.23843pt x 519.44063pt>
File: reflectiveMag.png Graphic file (type png)
<use reflectiveMag.png>
Package pdftex.def Info: reflectiveMag.png  used on input line 435.
(pdftex.def)             Requested size: 175.63922pt x 171.41594pt.

Underfull \hbox (badness 10000) in paragraph at lines 450--452

 []


Underfull \hbox (badness 10000) in paragraph at lines 450--452

 []

<drawRefle.png, id=601, 375.65344pt x 295.1025pt>
File: drawRefle.png Graphic file (type png)
<use drawRefle.png>
Package pdftex.def Info: drawRefle.png  used on input line 453.
(pdftex.def)             Requested size: 157.77336pt x 123.94218pt.
<drawRefle1.png, id=602, 573.64313pt x 287.57437pt>
File: drawRefle1.png Graphic file (type png)
<use drawRefle1.png>
Package pdftex.def Info: drawRefle1.png  used on input line 454.
(pdftex.def)             Requested size: 240.92847pt x 120.78041pt.
[16 <./reflectiveMag.png> <./drawRefle.png> <./drawRefle1.png>]
Underfull \hbox (badness 10000) in paragraph at lines 474--477

 []


Underfull \hbox (badness 10000) in paragraph at lines 474--477

 []

<refracSur.png, id=615, 456.95718pt x 532.23843pt>
File: refracSur.png Graphic file (type png)
<use refracSur.png>
Package pdftex.def Info: refracSur.png  used on input line 485.
(pdftex.def)             Requested size: 205.62883pt x 239.50507pt.
[17 <./refracSur.png>]
<refracMag.png, id=621, 638.385pt x 287.57437pt>
File: refracMag.png Graphic file (type png)
<use refracMag.png>
Package pdftex.def Info: refracMag.png  used on input line 512.
(pdftex.def)             Requested size: 293.66066pt x 132.28581pt.
 [18 <./refracMag.png>]
Underfull \hbox (badness 10000) in paragraph at lines 544--545

 []

<concave.png, id=631, 774.64406pt x 282.30469pt>
File: concave.png Graphic file (type png)
<use concave.png>
Package pdftex.def Info: concave.png  used on input line 546.
(pdftex.def)             Requested size: 333.09045pt x 121.38864pt.
<convex.png, id=632, 769.37437pt x 312.41719pt>
File: convex.png Graphic file (type png)
<use convex.png>
Package pdftex.def Info: convex.png  used on input line 549.
(pdftex.def)             Requested size: 330.82452pt x 134.33676pt.
[19 <./concave.png> <./convex.png>] [20] [21] [22]
<sphereSym.png, id=653, 250.68657pt x 296.60812pt>
File: sphereSym.png Graphic file (type png)
<use sphereSym.png>
Package pdftex.def Info: sphereSym.png  used on input line 634.
(pdftex.def)             Requested size: 162.94432pt x 192.79298pt.
<sphereSym1.png, id=654, 287.57437pt x 292.09125pt>
File: sphereSym1.png Graphic file (type png)
<use sphereSym1.png>
Package pdftex.def Info: sphereSym1.png  used on input line 635.
(pdftex.def)             Requested size: 186.92113pt x 189.85704pt.
<cylinSym.png, id=655, 661.72218pt x 465.23813pt>
File: cylinSym.png Graphic file (type png)
<use cylinSym.png>
Package pdftex.def Info: cylinSym.png  used on input line 641.
(pdftex.def)             Requested size: 297.77223pt x 209.35521pt.
 [23 <./sphereSym.png> <./sphereSym1.png> <./cylinSym.png>]
<cylinSym1.png, id=663, 411.78844pt x 499.8675pt>
File: cylinSym1.png Graphic file (type png)
<use cylinSym1.png>
Package pdftex.def Info: cylinSym1.png  used on input line 647.
(pdftex.def)             Requested size: 284.13431pt x 344.90894pt.
 [24 <./cylinSym1.png>]
Chapter 3.

Underfull \hbox (badness 10000) in paragraph at lines 656--657

 []


Underfull \hbox (badness 10000) in paragraph at lines 659--660

 []


Underfull \hbox (badness 10000) in paragraph at lines 661--662

 []


Underfull \hbox (badness 10000) in paragraph at lines 663--664

 []


Underfull \hbox (badness 10000) in paragraph at lines 665--666

 []

[25

]
Underfull \hbox (badness 10000) in paragraph at lines 670--672

 []


Underfull \hbox (badness 10000) in paragraph at lines 670--672

 []

<pupils.png, id=673, 466.74374pt x 663.22781pt>
File: pupils.png Graphic file (type png)
<use pupils.png>
Package pdftex.def Info: pupils.png  used on input line 673.
(pdftex.def)             Requested size: 420.06549pt x 596.89952pt.

Overfull \hbox (3.2326pt too wide) in paragraph at lines 673--674
 [] 
 []

[26 <./pupils.png>]
Underfull \hbox (badness 10000) in paragraph at lines 677--678

 []

[27]
Underfull \hbox (badness 10000) in paragraph at lines 716--717

 []

<sphAberr.png, id=685, 379.4175pt x 185.19188pt>
File: sphAberr.png Graphic file (type png)
<use sphAberr.png>
Package pdftex.def Info: sphAberr.png  used on input line 720.
(pdftex.def)             Requested size: 170.73628pt x 83.33556pt.
<sphAberr1.png, id=686, 295.1025pt x 249.18094pt>
File: sphAberr1.png Graphic file (type png)
<use sphAberr1.png>
Package pdftex.def Info: sphAberr1.png  used on input line 720.
(pdftex.def)             Requested size: 132.79489pt x 112.13037pt.

Underfull \hbox (badness 10000) in paragraph at lines 722--723

 []

<chroAberr.png, id=687, 646.66594pt x 184.43906pt>
File: chroAberr.png Graphic file (type png)
<use chroAberr.png>
Package pdftex.def Info: chroAberr.png  used on input line 726.
(pdftex.def)             Requested size: 375.0665pt x 106.97472pt.

Underfull \hbox (badness 10000) in paragraph at lines 729--730

 []


Underfull \hbox (badness 10000) in paragraph at lines 729--730

 []

<prism.png, id=688, 584.93532pt x 314.67563pt>
File: prism.png Graphic file (type png)
<use prism.png>
Package pdftex.def Info: prism.png  used on input line 733.
(pdftex.def)             Requested size: 263.21846pt x 141.60272pt.
[28 <./sphAberr.png> <./sphAberr1.png> <./chroAberr.png> <./prism.png>]
File: prism.png Graphic file (type png)
<use prism.png>
Package pdftex.def Info: prism.png  used on input line 752.
(pdftex.def)             Requested size: 263.21846pt x 141.60272pt.

[29]
LaTeX Font Info:    Trying to load font information for U+rsfso on input line 7
86.
 (C:\Users\Cat\AppData\Local\Programs\MiKTeX\tex/latex/rsfso\ursfso.fd
File: ursfso.fd 2011/02/13 Fontinst v1.933 font definitions for U/rsfso.
)
LaTeX Font Info:    Font shape `U/rsfso/m/n' will be
(Font)              scaled to size 10.95pt on input line 786.
LaTeX Font Info:    Font shape `U/rsfso/m/n' will be
(Font)              scaled to size 8.0pt on input line 786.
LaTeX Font Info:    Font shape `U/rsfso/m/n' will be
(Font)              scaled to size 6.0pt on input line 786.

Underfull \hbox (badness 10000) in paragraph at lines 786--788

 []

<resolvingPower.png, id=702, 649.67719pt x 173.89969pt>
File: resolvingPower.png Graphic file (type png)
<use resolvingPower.png>
Package pdftex.def Info: resolvingPower.png  used on input line 791.
(pdftex.def)             Requested size: 422.28517pt x 113.03345pt.

Overfull \hbox (5.45229pt too wide) in paragraph at lines 791--792
 [] 
 []

[30 <./resolvingPower.png>]
Underfull \hbox (badness 10000) in paragraph at lines 812--815

 []

[31]
Underfull \hbox (badness 10000) in paragraph at lines 845--847

 []

<dof.png, id=714, 648.17157pt x 301.8778pt>
File: dof.png Graphic file (type png)
<use dof.png>
Package pdftex.def Info: dof.png  used on input line 850.
(pdftex.def)             Requested size: 447.23886pt x 208.2959pt.

Overfull \hbox (30.40598pt too wide) in paragraph at lines 850--851
 [] 
 []


Underfull \hbox (badness 10000) in paragraph at lines 855--857

 []

[32 <./dof.png>]
<magnifier.png, id=720, 1066.7353pt x 536.75531pt>
File: magnifier.png Graphic file (type png)
<use magnifier.png>
Package pdftex.def Info: magnifier.png  used on input line 864.
(pdftex.def)             Requested size: 373.36295pt x 187.86716pt.
 [33 <./magnifier.png>]
Underfull \hbox (badness 10000) in paragraph at lines 916--918

 []


Underfull \hbox (badness 10000) in paragraph at lines 916--918

 []

[34]
Underfull \hbox (badness 10000) in paragraph at lines 941--943

 []


Underfull \hbox (badness 10000) in paragraph at lines 951--953

 []

<NA.png, id=734, 570.63188pt x 335.75438pt>
File: NA.png Graphic file (type png)
<use NA.png>
Package pdftex.def Info: NA.png  used on input line 961.
(pdftex.def)             Requested size: 325.26355pt x 191.38197pt.
[35] [36 <./NA.png>]
Underfull \hbox (badness 10000) in paragraph at lines 980--981

 []

[37]
Underfull \hbox (badness 10000) in paragraph at lines 997--999

 []

<nodel.png, id=748, 392.96812pt x 241.65282pt>
File: nodel.png Graphic file (type png)
<use nodel.png>
Package pdftex.def Info: nodel.png  used on input line 1004.
(pdftex.def)             Requested size: 168.97299pt x 103.90868pt.
<principal.png, id=749, 850.67813pt x 238.64156pt>
File: principal.png Graphic file (type png)
<use principal.png>
Package pdftex.def Info: principal.png  used on input line 1007.
(pdftex.def)             Requested size: 365.78447pt x 102.61386pt.
[38 <./nodel.png> <./principal.png>]
<thickLens.png, id=756, 657.95813pt x 380.92313pt>
File: thickLens.png Graphic file (type png)
<use thickLens.png>
Package pdftex.def Info: thickLens.png  used on input line 1013.
(pdftex.def)             Requested size: 328.97826pt x 190.46109pt.

Underfull \hbox (badness 10000) in paragraph at lines 1041--1042

 []

[39 <./thickLens.png>] [40]
<trans.png, id=767, 550.30594pt x 237.13594pt>
File: trans.png Graphic file (type png)
<use trans.png>
Package pdftex.def Info: trans.png  used on input line 1063.
(pdftex.def)             Requested size: 170.59308pt x 73.51137pt.

Underfull \hbox (badness 10000) in paragraph at lines 1079--1080

 []

<refracM.png, id=768, 459.21562pt x 323.70938pt>
File: refracM.png Graphic file (type png)
<use refracM.png>
Package pdftex.def Info: refracM.png  used on input line 1083.
(pdftex.def)             Requested size: 252.56937pt x 178.04071pt.
[41 <./trans.png> <./refracM.png>]
Underfull \hbox (badness 10000) in paragraph at lines 1100--1102

 []

<reflecM.png, id=775, 372.64218pt x 313.9228pt>
File: reflecM.png Graphic file (type png)
<use reflecM.png>
Package pdftex.def Info: reflecM.png  used on input line 1106.
(pdftex.def)             Requested size: 204.95383pt x 172.65807pt.

Overfull \hbox (0.48514pt too wide) detected at line 1111
[]
 []


Underfull \hbox (badness 10000) in paragraph at lines 1121--1124

 []

<matEx.png, id=776, 573.64313pt x 289.08pt>
File: matEx.png Graphic file (type png)
<use matEx.png>
Package pdftex.def Info: matEx.png  used on input line 1125.
(pdftex.def)             Requested size: 315.50468pt x 158.99448pt.
[42 <./reflecM.png>]
Underfull \hbox (badness 10000) in paragraph at lines 1155--1161

 []


Underfull \hbox (badness 10000) in paragraph at lines 1155--1161

 []

[43 <./matEx.png>]
<ABCD.png, id=789, 797.22844pt x 493.0922pt>
File: ABCD.png Graphic file (type png)
<use ABCD.png>
Package pdftex.def Info: ABCD.png  used on input line 1186.
(pdftex.def)             Requested size: 398.61325pt x 246.54549pt.
 [44 <./ABCD.png>]
<sepCP.png, id=800, 425.33907pt x 689.57625pt>
File: sepCP.png Graphic file (type png)
<use sepCP.png>
Package pdftex.def Info: sepCP.png  used on input line 1196.
(pdftex.def)             Requested size: 263.70749pt x 427.53285pt.
 [45 <./sepCP.png>]
<oneCP.png, id=807, 1013.28563pt x 583.42969pt>
File: oneCP.png Graphic file (type png)
<use oneCP.png>
Package pdftex.def Info: oneCP.png  used on input line 1233.
(pdftex.def)             Requested size: 354.65529pt x 204.20345pt.
 [46 <./oneCP.png>]
Underfull \hbox (badness 10000) in paragraph at lines 1260--1262

 []

[47] [48

]
Chapter 4.
LaTeX Font Info:    Font shape `U/rsfso/m/n' will be
(Font)              scaled to size 24.88pt on input line 1280.
LaTeX Font Info:    Font shape `U/rsfso/m/n' will be
(Font)              scaled to size 20.74pt on input line 1280.
LaTeX Font Info:    Font shape `U/rsfso/m/n' will be
(Font)              scaled to size 17.28pt on input line 1280.

Underfull \hbox (badness 10000) in paragraph at lines 1295--1297

 []

[49]
Underfull \hbox (badness 10000) in paragraph at lines 1319--1321

 []


Underfull \hbox (badness 10000) in paragraph at lines 1328--1330

 []


Underfull \hbox (badness 10000) in paragraph at lines 1339--1341

 []


Underfull \hbox (badness 10000) in paragraph at lines 1348--1350

 []

[50]
Underfull \hbox (badness 10000) in paragraph at lines 1383--1385

 []

[51]
Underfull \hbox (badness 10000) in paragraph at lines 1412--1414

 []


Underfull \hbox (badness 10000) in paragraph at lines 1427--1429

 []

[52]
Underfull \hbox (badness 10000) in paragraph at lines 1457--1459

 []

[53]
Underfull \hbox (badness 10000) in paragraph at lines 1492--1494

 []


Underfull \hbox (badness 10000) in paragraph at lines 1498--1500

 []


Underfull \hbox (badness 10000) in paragraph at lines 1506--1510

 []

[54]
Underfull \hbox (badness 10000) in paragraph at lines 1522--1523

 []


Underfull \hbox (badness 10000) in paragraph at lines 1535--1537

 []

[55]
<superpo.png, id=855, 575.90157pt x 415.5525pt>
File: superpo.png Graphic file (type png)
<use superpo.png>
Package pdftex.def Info: superpo.png  used on input line 1589.
(pdftex.def)             Requested size: 218.84486pt x 157.91159pt.
 [56 <./superpo.png>]
Underfull \hbox (badness 10000) in paragraph at lines 1615--1617

 []

[57]
Underfull \hbox (badness 10000) in paragraph at lines 1653--1655

 []

[58]
Underfull \hbox (badness 10000) in paragraph at lines 1726--1728

 []

[59] [60]
Chapter 5.
[61

]
Underfull \hbox (badness 10000) in paragraph at lines 1832--1835

 []

[62] [63]
<doubleSlit.png, id=898, 966.61125pt x 502.87875pt>
File: doubleSlit.png Graphic file (type png)
<use doubleSlit.png>
Package pdftex.def Info: doubleSlit.png  used on input line 1875.
(pdftex.def)             Requested size: 434.97105pt x 226.29333pt.

Overfull \hbox (18.13817pt too wide) in paragraph at lines 1875--1876
 [] 
 []

[64 <./doubleSlit.png>] [65]
Underfull \hbox (badness 10000) in paragraph at lines 1905--1906

 []

<film.png, id=908, 841.34325pt x 475.7775pt>
File: film.png Graphic file (type png)
<use film.png>
Package pdftex.def Info: film.png  used on input line 1907.
(pdftex.def)             Requested size: 328.12254pt x 185.55246pt.

Underfull \hbox (badness 10000) in paragraph at lines 1912--1914

 []


Underfull \hbox (badness 10000) in paragraph at lines 1918--1920

 []

[66 <./film.png>]
Underfull \hbox (badness 10000) in paragraph at lines 1928--1930

 []

<tiltedFilm.png, id=914, 774.4935pt x 521.5485pt>
File: tiltedFilm.png Graphic file (type png)
<use tiltedFilm.png>
Package pdftex.def Info: tiltedFilm.png  used on input line 1933.
(pdftex.def)             Requested size: 348.51886pt x 234.69464pt.

Underfull \hbox (badness 10000) in paragraph at lines 1959--1961

 []

[67 <./tiltedFilm.png>]
Underfull \hbox (badness 10000) in paragraph at lines 1967--1969

 []

<newton.png, id=920, 317.38576pt x 332.442pt>
File: newton.png Graphic file (type png)
<use newton.png>
Package pdftex.def Info: newton.png  used on input line 1972.
(pdftex.def)             Requested size: 174.5627pt x 182.84366pt.

Underfull \hbox (badness 10000) in paragraph at lines 1979--1980

 []


Underfull \hbox (badness 10000) in paragraph at lines 1981--1984

 []

[68 <./newton.png>] [69]
<stokes.png, id=931, 910.602pt x 335.45325pt>
File: stokes.png Graphic file (type png)
<use stokes.png>
Package pdftex.def Info: stokes.png  used on input line 2008.
(pdftex.def)             Requested size: 355.13335pt x 130.82623pt.
 [70 <./stokes.png>]
<multiFilm.png, id=937, 526.96875pt x 479.391pt>
File: multiFilm.png Graphic file (type png)
<use multiFilm.png>
Package pdftex.def Info: multiFilm.png  used on input line 2023.
(pdftex.def)             Requested size: 421.57556pt x 383.51332pt.

Overfull \hbox (4.74268pt too wide) in paragraph at lines 2023--2024
 [] 
 []


Underfull \vbox (badness 10000) has occurred while \output is active []

 [71 <./multiFilm.png>]
Underfull \hbox (badness 10000) in paragraph at lines 2048--2050

 []


Underfull \hbox (badness 10000) in paragraph at lines 2058--2060

 []

[72] [73] [74

]
Chapter 6.
<Michelson.png, id=956, 675.7245pt x 458.9145pt>
File: Michelson.png Graphic file (type png)
<use Michelson.png>
Package pdftex.def Info: Michelson.png  used on input line 2077.
(pdftex.def)             Requested size: 371.64963pt x 252.40375pt.
[75 <./Michelson.png>]
Underfull \hbox (badness 10000) in paragraph at lines 2102--2104

 []


Underfull \hbox (badness 10000) in paragraph at lines 2112--2114

 []

[76] [77]
<fbCavity.png, id=973, 495.0495pt x 268.00125pt>
File: fbCavity.png Graphic file (type png)
<use fbCavity.png>
Package pdftex.def Info: fbCavity.png  used on input line 2129.
(pdftex.def)             Requested size: 272.27806pt x 147.40112pt.
<ab.png, id=974, 500.46976pt x 317.38576pt>
File: ab.png Graphic file (type png)
<use ab.png>
Package pdftex.def Info: ab.png  used on input line 2139.
(pdftex.def)             Requested size: 325.30148pt x 206.2983pt.
<fbTrans.png, id=975, 501.072pt x 249.93375pt>
File: fbTrans.png Graphic file (type png)
<use fbTrans.png>
Package pdftex.def Info: fbTrans.png  used on input line 2147.
(pdftex.def)             Requested size: 275.59045pt x 137.46397pt.
 [78 <./fbCavity.png> <./ab.png>]
Underfull \hbox (badness 10000) in paragraph at lines 2176--2178

 []


Overfull \hbox (55.1064pt too wide) detected at line 2190
[]
 []

[79 <./fbTrans.png>]
<rtpd.png, id=989, 449.88075pt x 301.125pt>
File: rtpd.png Graphic file (type png)
<use rtpd.png>
Package pdftex.def Info: rtpd.png  used on input line 2198.
(pdftex.def)             Requested size: 449.87965pt x 301.12425pt.

Overfull \hbox (33.04677pt too wide) in paragraph at lines 2198--2199
 [] 
 []

[80 <./rtpd.png>]
<fsr1.png, id=996, 386.04225pt x 203.5605pt>
File: fsr1.png Graphic file (type png)
<use fsr1.png>
Package pdftex.def Info: fsr1.png  used on input line 2237.
(pdftex.def)             Requested size: 366.73805pt x 193.38136pt.
 [81 <./fsr1.png>]
<fsr2.png, id=1003, 398.6895pt x 203.5605pt>
File: fsr2.png Graphic file (type png)
<use fsr2.png>
Package pdftex.def Info: fsr2.png  used on input line 2264.
(pdftex.def)             Requested size: 378.75287pt x 193.38136pt.
 [82 <./fsr2.png>]
<fsr3.png, id=1009, 365.56575pt x 199.947pt>
File: fsr3.png Graphic file (type png)
<use fsr3.png>
Package pdftex.def Info: fsr3.png  used on input line 2281.
(pdftex.def)             Requested size: 365.56485pt x 199.9465pt.
<resolP.png, id=1010, 512.51476pt x 301.125pt>
File: resolP.png Graphic file (type png)
<use resolP.png>
Package pdftex.def Info: resolP.png  used on input line 2286.
(pdftex.def)             Requested size: 384.38512pt x 225.84319pt.
 [83 <./fsr3.png> <./resolP.png>]
Underfull \hbox (badness 10000) in paragraph at lines 2303--2305

 []

[84] [85] [86]
Chapter 7.

Underfull \hbox (badness 10000) in paragraph at lines 2414--2415

 []


Underfull \hbox (badness 10000) in paragraph at lines 2444--2446

 []

[87

]
<powerSpectrum.png, id=1038, 457.71pt x 242.1045pt>
File: powerSpectrum.png Graphic file (type png)
<use powerSpectrum.png>
Package pdftex.def Info: powerSpectrum.png  used on input line 2461.
(pdftex.def)             Requested size: 389.05534pt x 205.7898pt.
 [88 <./powerSpectrum.png>] [89]
Underfull \hbox (badness 10000) in paragraph at lines 2495--2497

 []

<diffPaths.png, id=1049, 344.487pt x 149.358pt>
File: diffPaths.png Graphic file (type png)
<use diffPaths.png>
Package pdftex.def Info: diffPaths.png  used on input line 2507.
(pdftex.def)             Requested size: 155.0177pt x 67.21046pt.
[90 <./diffPaths.png>]
Underfull \hbox (badness 10000) in paragraph at lines 2528--2530

 []


Underfull \hbox (badness 10000) in paragraph at lines 2564--2567

 []

[91]
<timeCoh.png, id=1060, 329.43076pt x 492.03825pt>
File: timeCoh.png Graphic file (type png)
<use timeCoh.png>
Package pdftex.def Info: timeCoh.png  used on input line 2582.
(pdftex.def)             Requested size: 329.42995pt x 492.03705pt.
 [92 <./timeCoh.png>]
<VGamma.png, id=1066, 278.2395pt x 156.585pt>
File: VGamma.png Graphic file (type png)
<use VGamma.png>
Package pdftex.def Info: VGamma.png  used on input line 2614.
(pdftex.def)             Requested size: 166.94498pt x 93.95172pt.
 [93 <./VGamma.png>] [94]
Underfull \hbox (badness 10000) in paragraph at lines 2637--2639

 []

<spatialCoh.png, id=1077, 646.21425pt x 323.40825pt>
File: spatialCoh.png Graphic file (type png)
<use spatialCoh.png>
Package pdftex.def Info: spatialCoh.png  used on input line 2644.
(pdftex.def)             Requested size: 387.73154pt x 194.04643pt.
[95 <./spatialCoh.png>] [96]
Chapter 8.

Underfull \hbox (badness 10000) in paragraph at lines 2669--2670

 []


Underfull \hbox (badness 10000) in paragraph at lines 2671--2672

 []


Underfull \hbox (badness 10000) in paragraph at lines 2673--2674

 []


Underfull \hbox (badness 10000) in paragraph at lines 2681--2682

 []

<SingleSlit.png, id=1087, 499.8675pt x 308.352pt>
File: SingleSlit.png Graphic file (type png)
<use SingleSlit.png>
Package pdftex.def Info: SingleSlit.png  used on input line 2683.
(pdftex.def)             Requested size: 399.89453pt x 246.68193pt.
[97

]
Underfull \hbox (badness 10000) in paragraph at lines 2712--2714

 []

[98 <./SingleSlit.png>]
Underfull \hbox (badness 10000) in paragraph at lines 2744--2746

 []

<rectangularSlit.png, id=1098, 509.5035pt x 169.8345pt>
File: rectangularSlit.png Graphic file (type png)
<use rectangularSlit.png>
Package pdftex.def Info: rectangularSlit.png  used on input line 2756.
(pdftex.def)             Requested size: 407.60335pt x 135.86777pt.
[99]
<spherical.png, id=1105, 264.99pt x 290.88675pt>
File: spherical.png Graphic file (type png)
<use spherical.png>
Package pdftex.def Info: spherical.png  used on input line 2776.
(pdftex.def)             Requested size: 132.49467pt x 145.44301pt.
 [100 <./rectangularSlit.png> <./spherical.png>]
<aiaryDisk.png, id=1112, 493.845pt x 313.77225pt>
File: aiaryDisk.png Graphic file (type png)
<use aiaryDisk.png>
Package pdftex.def Info: aiaryDisk.png  used on input line 2827.
(pdftex.def)             Requested size: 395.07652pt x 251.01813pt.
 [101] [102 <./aiaryDisk.png>]
<doubleSlitDiff.png, id=1123, 421.575pt x 310.15875pt>
File: doubleSlitDiff.png Graphic file (type png)
<use doubleSlitDiff.png>
Package pdftex.def Info: doubleSlitDiff.png  used on input line 2841.
(pdftex.def)             Requested size: 189.70699pt x 139.57014pt.
<doubleSlitPatt.png, id=1124, 487.8225pt x 194.52675pt>
File: doubleSlitPatt.png Graphic file (type png)
<use doubleSlitPatt.png>
Package pdftex.def Info: doubleSlitPatt.png  used on input line 2876.
(pdftex.def)             Requested size: 429.28513pt x 171.18405pt.

Overfull \hbox (12.45224pt too wide) in paragraph at lines 2876--2877
 [] 
 []

[103 <./doubleSlitDiff.png>]
Overfull \hbox (51.2646pt too wide) detected at line 2888
[]
 []

[104 <./doubleSlitPatt.png>]
Overfull \hbox (6.31538pt too wide) in paragraph at lines 2914--2916
\OT1/cmr/m/n/10.95 where the term $[][](\OML/cmm/m/it/10.95 ^^L\OT1/cmr/m/n/10.
95 )$ comes from single-slit diffrac-tion, and the term $([](\OML/cmm/m/it/10.9
5 N\OT1/cmr/m/n/10.95 )\OML/cmm/m/it/10.95 = []\OT1/cmr/m/n/10.95 (\OML/cmm/m/
it/10.95 \OT1/cmr/m/n/10.95 ))[]$
 []


Underfull \hbox (badness 10000) in paragraph at lines 2914--2916

 []

<PrincipalMax.png, id=1136, 400.49625pt x 352.31625pt>
File: PrincipalMax.png Graphic file (type png)
<use PrincipalMax.png>
Package pdftex.def Info: PrincipalMax.png  used on input line 2930.
(pdftex.def)             Requested size: 276.34271pt x 243.09846pt.

Underfull \vbox (badness 2426) has occurred while \output is active []

 [105]
Underfull \hbox (badness 10000) in paragraph at lines 2935--2937

 []

[106 <./PrincipalMax.png>]
<DiffAngle.png, id=1149, 386.6445pt x 287.27325pt>
File: DiffAngle.png Graphic file (type png)
<use DiffAngle.png>
Package pdftex.def Info: DiffAngle.png  used on input line 2944.
(pdftex.def)             Requested size: 309.31601pt x 229.81891pt.

Underfull \hbox (badness 10000) in paragraph at lines 2953--2955

 []

<overlap.png, id=1150, 317.38576pt x 380.622pt>
File: overlap.png Graphic file (type png)
<use overlap.png>
Package pdftex.def Info: overlap.png  used on input line 2959.
(pdftex.def)             Requested size: 317.38498pt x 380.62105pt.
[107 <./DiffAngle.png>]
Underfull \hbox (badness 10000) in paragraph at lines 2966--2968

 []

[108 <./overlap.png>]
Underfull \hbox (badness 10000) in paragraph at lines 3000--3005

 []

<FBvsGra.png, id=1162, 483.60675pt x 160.80075pt>
File: FBvsGra.png Graphic file (type png)
<use FBvsGra.png>
Package pdftex.def Info: FBvsGra.png  used on input line 3012.
(pdftex.def)             Requested size: 386.88591pt x 128.64075pt.
[109] [110 <./FBvsGra.png>]
<ReflecGrat.png, id=1172, 230.0595pt x 283.65974pt>
File: ReflecGrat.png Graphic file (type png)
<use ReflecGrat.png>
Package pdftex.def Info: ReflecGrat.png  used on input line 3019.
(pdftex.def)             Requested size: 184.04784pt x 226.92809pt.
<unblazedReflec.png, id=1173, 268.00125pt x 158.39175pt>
File: unblazedReflec.png Graphic file (type png)
<use unblazedReflec.png>
Package pdftex.def Info: unblazedReflec.png  used on input line 3033.
(pdftex.def)             Requested size: 184.92105pt x 109.29042pt.
<blazedReflec.png, id=1174, 268.00125pt x 191.5155pt>
File: blazedReflec.png Graphic file (type png)
<use blazedReflec.png>
Package pdftex.def Info: blazedReflec.png  used on input line 3034.
(pdftex.def)             Requested size: 184.92105pt x 132.14581pt.
 [111 <./ReflecGrat.png> <./unblazedReflec.png> <./blazedReflec.png>]
<blazed.png, id=1183, 449.88075pt x 478.78876pt>
File: blazed.png Graphic file (type png)
<use blazed.png>
Package pdftex.def Info: blazed.png  used on input line 3038.
(pdftex.def)             Requested size: 157.46062pt x 167.57857pt.
 [112 <./blazed.png>]
Chapter 9.

Underfull \hbox (badness 10000) in paragraph at lines 3064--3065

 []

<Fresnel.png, id=1189, 487.8225pt x 263.18324pt>
File: Fresnel.png Graphic file (type png)
<use Fresnel.png>
Package pdftex.def Info: Fresnel.png  used on input line 3069.
(pdftex.def)             Requested size: 390.25853pt x 210.54688pt.
[113

 <./Fresnel.png>]
Underfull \hbox (badness 10000) in paragraph at lines 3099--3101

 []

<FresnelP.png, id=1195, 196.93575pt x 245.11575pt>
File: FresnelP.png Graphic file (type png)
<use FresnelP.png>
Package pdftex.def Info: FresnelP.png  used on input line 3112.
(pdftex.def)             Requested size: 147.70143pt x 183.83635pt.
<FresnelQ.png, id=1196, 196.93575pt x 252.34274pt>
File: FresnelQ.png Graphic file (type png)
<use FresnelQ.png>
Package pdftex.def Info: FresnelQ.png  used on input line 3114.
(pdftex.def)             Requested size: 147.70143pt x 189.25658pt.
[114]
Underfull \hbox (badness 10000) in paragraph at lines 3135--3137

 []

[115 <./FresnelP.png> <./FresnelQ.png>]
<obli.png, id=1210, 400.49625pt x 260.77425pt>
File: obli.png Graphic file (type png)
<use obli.png>
Package pdftex.def Info: obli.png  used on input line 3142.
(pdftex.def)             Requested size: 200.24763pt x 130.3868pt.
<zones.png, id=1211, 519.1395pt x 301.72725pt>
File: zones.png Graphic file (type png)
<use zones.png>
Package pdftex.def Info: zones.png  used on input line 3159.
(pdftex.def)             Requested size: 415.31215pt x 241.38211pt.

Underfull \vbox (badness 3657) has occurred while \output is active []

 [116 <./obli.png>]
Underfull \hbox (badness 10000) in paragraph at lines 3161--3163

 []

<zonesAmp.png, id=1217, 741.972pt x 435.42674pt>
File: zonesAmp.png Graphic file (type png)
<use zonesAmp.png>
Package pdftex.def Info: zonesAmp.png  used on input line 3190.
(pdftex.def)             Requested size: 408.08586pt x 239.48544pt.
[117 <./zones.png>]
<zonalPlate.png, id=1230, 422.7795pt x 316.7835pt>
File: zonalPlate.png Graphic file (type png)
<use zonalPlate.png>
Package pdftex.def Info: zonalPlate.png  used on input line 3195.
(pdftex.def)             Requested size: 211.38922pt x 158.39136pt.

Underfull \hbox (badness 10000) in paragraph at lines 3204--3207

 []


Underfull \hbox (badness 10000) in paragraph at lines 3208--3209

 []

[118 <./zonesAmp.png> <./zonalPlate.png>]
<reactZone.png, id=1237, 732.93825pt x 355.3275pt>
File: reactZone.png Graphic file (type png)
<use reactZone.png>
Package pdftex.def Info: reactZone.png  used on input line 3225.
(pdftex.def)             Requested size: 403.11728pt x 195.43071pt.
 [119 <./reactZone.png>] [120

]
Chapter 10.

Underfull \hbox (badness 10000) in paragraph at lines 3231--3232

 []


Underfull \hbox (badness 10000) in paragraph at lines 3233--3234

 []


Underfull \hbox (badness 10000) in paragraph at lines 3257--3259

 []

[121]
<polarziedAngle.png, id=1252, 525.162pt x 314.97675pt>
File: polarziedAngle.png Graphic file (type png)
<use polarziedAngle.png>
Package pdftex.def Info: polarziedAngle.png  used on input line 3287.
(pdftex.def)             Requested size: 362.36217pt x 217.33418pt.
 [122]
<ellipse.png, id=1263, 500.46976pt x 374.5995pt>
File: ellipse.png Graphic file (type png)
<use ellipse.png>
Package pdftex.def Info: ellipse.png  used on input line 3296.
(pdftex.def)             Requested size: 175.16702pt x 131.11179pt.
 [123 <./polarziedAngle.png> <./ellipse.png>]
Underfull \hbox (badness 10000) in paragraph at lines 3316--3318

 []

<linearPol.png, id=1272, 542.62724pt x 504.6855pt>
File: linearPol.png Graphic file (type png)
<use linearPol.png>
Package pdftex.def Info: linearPol.png  used on input line 3319.
(pdftex.def)             Requested size: 189.92238pt x 176.64256pt.
<retarder.png, id=1273, 576.35326pt x 507.0945pt>
File: retarder.png Graphic file (type png)
<use retarder.png>
Package pdftex.def Info: retarder.png  used on input line 3323.
(pdftex.def)             Requested size: 201.72665pt x 177.48572pt.
[124 <./linearPol.png> <./retarder.png>]
<rotator.png, id=1280, 382.42876pt x 362.5545pt>
File: rotator.png Graphic file (type png)
<use rotator.png>
Package pdftex.def Info: rotator.png  used on input line 3328.
(pdftex.def)             Requested size: 149.1466pt x 141.39568pt.
 [125 <./rotator.png>] [126]
Underfull \hbox (badness 10000) in paragraph at lines 3405--3408

 []


Underfull \hbox (badness 10000) in paragraph at lines 3405--3408

 []

<circularPol.png, id=1298, 569.7285pt x 514.92375pt>
File: circularPol.png Graphic file (type png)
<use circularPol.png>
Package pdftex.def Info: circularPol.png  used on input line 3409.
(pdftex.def)             Requested size: 284.86356pt x 257.46124pt.
[127 <./circularPol.png>]
Underfull \hbox (badness 10000) in paragraph at lines 3414--3415

 []

<PolAna.png, id=1304, 579.3645pt x 272.217pt>
File: PolAna.png Graphic file (type png)
<use PolAna.png>
Package pdftex.def Info: PolAna.png  used on input line 3424.
(pdftex.def)             Requested size: 399.76193pt x 187.82991pt.
<Ep.png, id=1305, 148.75575pt x 174.05025pt>
File: Ep.png Graphic file (type png)
<use Ep.png>
Package pdftex.def Info: Ep.png  used on input line 3430.
(pdftex.def)             Requested size: 119.00475pt x 139.24037pt.
<Es.png, id=1306, 148.75575pt x 172.2435pt>
File: Es.png Graphic file (type png)
<use Es.png>
Package pdftex.def Info: Es.png  used on input line 3432.
(pdftex.def)             Requested size: 119.00475pt x 137.79498pt.
[128 <./PolAna.png>]
<Brewster.png, id=1313, 304.13625pt x 307.1475pt>
File: Brewster.png Graphic file (type png)
<use Brewster.png>
Package pdftex.def Info: Brewster.png  used on input line 3440.
(pdftex.def)             Requested size: 118.61266pt x 119.78703pt.

Underfull \hbox (badness 10000) in paragraph at lines 3448--3450

 []

[129 <./Ep.png> <./Es.png> <./Brewster.png>]
Underfull \hbox (badness 10000) in paragraph at lines 3459--3462

 []


Underfull \hbox (badness 10000) in paragraph at lines 3463--3464

 []


Underfull \hbox (badness 10000) in paragraph at lines 3466--3468

 []


Underfull \hbox (badness 10000) in paragraph at lines 3469--3470

 []


Underfull \hbox (badness 10000) in paragraph at lines 3471--3472

 []

[130]
<biA.png, id=1327, 208.98074pt x 162.00525pt>
File: biA.png Graphic file (type png)
<use biA.png>
Package pdftex.def Info: biA.png  used on input line 3477.
(pdftex.def)             Requested size: 104.49011pt x 81.00241pt.
<biC.png, id=1328, 208.98074pt x 172.84575pt>
File: biC.png Graphic file (type png)
<use biC.png>
Package pdftex.def Info: biC.png  used on input line 3478.
(pdftex.def)             Requested size: 104.49011pt x 86.42265pt.
<biB.png, id=1329, 208.98074pt x 161.403pt>
File: biB.png Graphic file (type png)
<use biB.png>
Package pdftex.def Info: biB.png  used on input line 3479.
(pdftex.def)             Requested size: 104.49011pt x 80.7013pt.
<doubleRefrac.png, id=1330, 477.58424pt x 202.356pt>
File: doubleRefrac.png Graphic file (type png)
<use doubleRefrac.png>
Package pdftex.def Info: doubleRefrac.png  used on input line 3498.
(pdftex.def)             Requested size: 310.42607pt x 131.52983pt.
 [131 <./biA.png> <./biC.png> <./biB.png> <./doubleRefrac.png>]
<waveletsOA.png, id=1339, 368.577pt x 371.58826pt>
File: waveletsOA.png Graphic file (type png)
<use waveletsOA.png>
Package pdftex.def Info: waveletsOA.png  used on input line 3508.
(pdftex.def)             Requested size: 143.74445pt x 144.91882pt.
<EllipWaveFront.png, id=1340, 142.73325pt x 224.037pt>
File: EllipWaveFront.png Graphic file (type png)
<use EllipWaveFront.png>
Package pdftex.def Info: EllipWaveFront.png  used on input line 3514.
(pdftex.def)             Requested size: 121.3238pt x 190.43233pt.
 [132 <./waveletsOA.png> <./EllipWaveFront.png>]
Chapter 11.

Underfull \hbox (badness 10000) in paragraph at lines 3527--3529

 []

<multilayer.png, id=1347, 751.608pt x 487.22025pt>
File: multilayer.png Graphic file (type png)
<use multilayer.png>
Package pdftex.def Info: multilayer.png  used on input line 3532.
(pdftex.def)             Requested size: 413.38568pt x 267.97195pt.

Underfull \hbox (badness 10000) in paragraph at lines 3534--3535

 []

[133

 <./multilayer.png>] [134] [135]
Underfull \hbox (badness 10000) in paragraph at lines 3651--3653

 []

[136] [137] [138

]
Chapter 12.

Underfull \hbox (badness 10000) in paragraph at lines 3692--3693

 []


Underfull \hbox (badness 10000) in paragraph at lines 3694--3695

 []


Underfull \hbox (badness 10000) in paragraph at lines 3699--3706

 []


Underfull \hbox (badness 10000) in paragraph at lines 3708--3709

 []


Underfull \hbox (badness 10000) in paragraph at lines 3716--3717

 []


Underfull \hbox (badness 10000) in paragraph at lines 3721--3723

 []

[139]
Underfull \hbox (badness 10000) in paragraph at lines 3735--3737

 []


Underfull \hbox (badness 10000) in paragraph at lines 3741--3743

 []


Underfull \hbox (badness 10000) in paragraph at lines 3748--3750

 []

[140] [141]
Underfull \hbox (badness 10000) in paragraph at lines 3845--3847

 []

[142] [143]
Overfull \hbox (6.6235pt too wide) detected at line 3915
[]
 []

[144]
Underfull \hbox (badness 10000) in paragraph at lines 3941--3943

 []


Underfull \hbox (badness 10000) in paragraph at lines 3951--3953

 []

[145] [146] (Physics402ClassNote.aux)
Package rerunfilecheck Info: File `Physics402ClassNote.out' has not changed.
(rerunfilecheck)             Checksum: AD7E80820569CFB14FE353A931B6BBBE;14176.
 ) 
Here is how much of TeX's memory you used:
 14717 strings out of 478338
 228364 string characters out of 2837644
 548598 words of memory out of 3000000
 32520 multiletter control sequences out of 15000+600000
 484065 words of font info for 87 fonts, out of 8000000 for 9000
 1141 hyphenation exceptions out of 8191
 72i,17n,77p,1083b,513s stack positions out of 10000i,1000n,20000p,200000b,80000s
<C:/Users/Cat/AppData/Local/Programs/MiKTeX/fonts/type1/public/amsfonts/cm/cm
bx10.pfb><C:/Users/Cat/AppData/Local/Programs/MiKTeX/fonts/type1/public/amsfont
s/cm/cmbx12.pfb><C:/Users/Cat/AppData/Local/Programs/MiKTeX/fonts/type1/public/
amsfonts/cm/cmex10.pfb><C:/Users/Cat/AppData/Local/Programs/MiKTeX/fonts/type1/
public/amsfonts/cm/cmmi10.pfb><C:/Users/Cat/AppData/Local/Programs/MiKTeX/fonts
/type1/public/amsfonts/cm/cmmi6.pfb><C:/Users/Cat/AppData/Local/Programs/MiKTeX
/fonts/type1/public/amsfonts/cm/cmmi8.pfb><C:/Users/Cat/AppData/Local/Programs/
MiKTeX/fonts/type1/public/amsfonts/cm/cmr10.pfb><C:/Users/Cat/AppData/Local/Pro
grams/MiKTeX/fonts/type1/public/amsfonts/cm/cmr12.pfb><C:/Users/Cat/AppData/Loc
al/Programs/MiKTeX/fonts/type1/public/amsfonts/cm/cmr17.pfb><C:/Users/Cat/AppDa
ta/Local/Programs/MiKTeX/fonts/type1/public/amsfonts/cm/cmr6.pfb><C:/Users/Cat/
AppData/Local/Programs/MiKTeX/fonts/type1/public/amsfonts/cm/cmr8.pfb><C:/Users
/Cat/AppData/Local/Programs/MiKTeX/fonts/type1/public/amsfonts/cm/cmsl10.pfb><C
:/Users/Cat/AppData/Local/Programs/MiKTeX/fonts/type1/public/amsfonts/cm/cmsy10
.pfb><C:/Users/Cat/AppData/Local/Programs/MiKTeX/fonts/type1/public/amsfonts/cm
/cmsy6.pfb><C:/Users/Cat/AppData/Local/Programs/MiKTeX/fonts/type1/public/amsfo
nts/cm/cmsy8.pfb><C:/Users/Cat/AppData/Local/Programs/MiKTeX/fonts/type1/public
/amsfonts/cm/cmti10.pfb><C:/Users/Cat/AppData/Local/Programs/MiKTeX/fonts/type1
/public/amsfonts/symbols/msbm10.pfb><C:/Users/Cat/AppData/Local/Programs/MiKTeX
/fonts/type1/public/rsfs/rsfs10.pfb>
Output written on Physics402ClassNote.pdf (150 pages, 4811836 bytes).
PDF statistics:
 1586 PDF objects out of 1728 (max. 8388607)
 356 named destinations out of 1000 (max. 500000)
 1215 words of extra memory for PDF output out of 10000 (max. 10000000)

