\BOOKMARK [0][-]{chapter.1}{The Algebra and Topology}{}% 1
\BOOKMARK [1][-]{section.1.1}{Functions and Sets}{chapter.1}% 2
\BOOKMARK [1][-]{section.1.2}{Affine Sets}{chapter.1}% 3
\BOOKMARK [1][-]{section.1.3}{Metric Spaces}{chapter.1}% 4
\BOOKMARK [1][-]{section.1.4}{Connectivity and Continuity}{chapter.1}% 5
\BOOKMARK [0][-]{chapter.2}{Multivariate Differentiation}{}% 6
\BOOKMARK [1][-]{section.2.5}{Differentiability}{chapter.2}% 7
\BOOKMARK [1][-]{section.2.6}{Continuously Differentiable Functions}{chapter.2}% 8
\BOOKMARK [1][-]{section.2.7}{Homeomorphisms and Diffeomorphisms}{chapter.2}% 9
\BOOKMARK [1][-]{section.2.8}{The Implicit Function Theorem}{chapter.2}% 10
\BOOKMARK [1][-]{section.2.9}{Optimization}{chapter.2}% 11
\BOOKMARK [0][-]{chapter.3}{Multivariate Integration}{}% 12
\BOOKMARK [1][-]{section.3.10}{Integrating Over a Box}{chapter.3}% 13
\BOOKMARK [1][-]{section.3.11}{Integrating Over a Bounded Set}{chapter.3}% 14
\BOOKMARK [1][-]{section.3.12}{Extended Riemann Integral}{chapter.3}% 15
\BOOKMARK [1][-]{section.3.13}{Change of Variables}{chapter.3}% 16
\BOOKMARK [1][-]{section.3.14}{Volume of Parallelopipeds}{chapter.3}% 17
\BOOKMARK [0][-]{chapter.4}{Manifolds}{}% 18
\BOOKMARK [1][-]{section.4.15}{Parametrized Manifolds}{chapter.4}% 19
\BOOKMARK [1][-]{section.4.16}{Manifolds without Boundaries}{chapter.4}% 20
\BOOKMARK [1][-]{section.4.17}{Manifolds which might have Boundaries}{chapter.4}% 21
\BOOKMARK [1][-]{section.4.18}{One-forms and Pullbacks}{chapter.4}% 22
\BOOKMARK [1][-]{section.4.19}{Integration of One-forms}{chapter.4}% 23
\BOOKMARK [1][-]{section.4.20}{Integral Manifolds}{chapter.4}% 24
\BOOKMARK [0][-]{chapter.5}{Complex Analysis \040I}{}% 25
\BOOKMARK [1][-]{section.5.21}{Integration of Complex-valued Functions}{chapter.5}% 26
\BOOKMARK [1][-]{section.5.22}{Holomorphic Functions}{chapter.5}% 27
\BOOKMARK [1][-]{section.5.23}{Complex Differentiability}{chapter.5}% 28
\BOOKMARK [1][-]{section.5.24}{Complex Series}{chapter.5}% 29
\BOOKMARK [0][-]{chapter.6}{Exterior Calculus}{}% 30
\BOOKMARK [1][-]{section.6.25}{Tensors}{chapter.6}% 31
\BOOKMARK [1][-]{section.6.26}{Permutation Group}{chapter.6}% 32
\BOOKMARK [1][-]{section.6.27}{The Wedge Product}{chapter.6}% 33
\BOOKMARK [1][-]{section.6.28}{Differential Forms and Pullbacks}{chapter.6}% 34
\BOOKMARK [1][-]{section.6.29}{Integration of Differential Forms}{chapter.6}% 35
\BOOKMARK [1][-]{section.6.30}{Orientations of a Manifold}{chapter.6}% 36
\BOOKMARK [1][-]{section.6.31}{Orientable Manifolds}{chapter.6}% 37
\BOOKMARK [1][-]{section.6.32}{The Generalized Stokes' Theorem}{chapter.6}% 38
\BOOKMARK [1][-]{section.6.33}{Application in Vector Calculus}{chapter.6}% 39
\BOOKMARK [0][-]{chapter.7}{Differential Equations}{}% 40
\BOOKMARK [1][-]{section.7.34}{The Cauchy-Lipschitz Theorem}{chapter.7}% 41
\BOOKMARK [1][-]{section.7.35}{Retractions}{chapter.7}% 42
\BOOKMARK [1][-]{section.7.36}{Equilibrium and Flow of Vector Fields}{chapter.7}% 43
\BOOKMARK [0][-]{chapter.8}{Complex Analysis \040II}{}% 44
\BOOKMARK [1][-]{section.8.37}{Residues and Contour Integrals}{chapter.8}% 45
\BOOKMARK [1][-]{section.8.38}{Fourier Transform}{chapter.8}% 46
\BOOKMARK [1][-]{section.8.39}{The Cotangent Function}{chapter.8}% 47
\BOOKMARK [1][-]{section.8.40}{Winding Numbers}{chapter.8}% 48
\BOOKMARK [0][-]{chapter.9}{Geometry}{}% 49
\BOOKMARK [1][-]{section.9.41}{The Isoperimetric Inequality}{chapter.9}% 50
\BOOKMARK [1][-]{section.9.42}{Riemannian Metrics}{chapter.9}% 51
