This is pdfTeX, Version 3.14159265-2.6-1.40.21 (MiKTeX 20.12) (preloaded format=pdflatex 2020.12.25)  6 APR 2022 15:47
entering extended mode
**./Math396ClassNotes.tex
(Math396ClassNotes.tex
LaTeX2e <2020-10-01> patch level 2
L3 programming layer <2020-12-07> xparse <2020-03-03>
(C:\Users\Cat\AppData\Local\Programs\MiKTeX\tex/latex/base\book.cls
Document Class: book 2020/04/10 v1.4m Standard LaTeX document class
(C:\Users\Cat\AppData\Local\Programs\MiKTeX\tex/latex/base\bk11.clo
File: bk11.clo 2020/04/10 v1.4m Standard LaTeX file (size option)
)
\c@part=\count177
\c@chapter=\count178
\c@section=\count179
\c@subsection=\count180
\c@subsubsection=\count181
\c@paragraph=\count182
\c@subparagraph=\count183
\c@figure=\count184
\c@table=\count185
\abovecaptionskip=\skip47
\belowcaptionskip=\skip48
\bibindent=\dimen138
)
(C:\Users\Cat\AppData\Local\Programs\MiKTeX\tex/latex/xcolor\xcolor.sty
Package: xcolor 2016/05/11 v2.12 LaTeX color extensions (UK)

(C:\Users\Cat\AppData\Local\Programs\MiKTeX\tex/latex/graphics-cfg\color.cfg
File: color.cfg 2016/01/02 v1.6 sample color configuration
)
Package xcolor Info: Driver file: pdftex.def on input line 225.

(C:\Users\Cat\AppData\Local\Programs\MiKTeX\tex/latex/graphics-def\pdftex.def
File: pdftex.def 2020/10/05 v1.2a Graphics/color driver for pdftex
)
Package xcolor Info: Model `cmy' substituted by `cmy0' on input line 1348.
Package xcolor Info: Model `hsb' substituted by `rgb' on input line 1352.
Package xcolor Info: Model `RGB' extended on input line 1364.
Package xcolor Info: Model `HTML' substituted by `rgb' on input line 1366.
Package xcolor Info: Model `Hsb' substituted by `hsb' on input line 1367.
Package xcolor Info: Model `tHsb' substituted by `hsb' on input line 1368.
Package xcolor Info: Model `HSB' substituted by `hsb' on input line 1369.
Package xcolor Info: Model `Gray' substituted by `gray' on input line 1370.
Package xcolor Info: Model `wave' substituted by `hsb' on input line 1371.
) (C:\Users\Cat\AppData\Local\Programs\MiKTeX\tex/latex/mathtools\mathtools.sty
Package: mathtools 2020/03/24 v1.24 mathematical typesetting tools

(C:\Users\Cat\AppData\Local\Programs\MiKTeX\tex/latex/graphics\keyval.sty
Package: keyval 2014/10/28 v1.15 key=value parser (DPC)
\KV@toks@=\toks15
)
(C:\Users\Cat\AppData\Local\Programs\MiKTeX\tex/latex/tools\calc.sty
Package: calc 2017/05/25 v4.3 Infix arithmetic (KKT,FJ)
\calc@Acount=\count186
\calc@Bcount=\count187
\calc@Adimen=\dimen139
\calc@Bdimen=\dimen140
\calc@Askip=\skip49
\calc@Bskip=\skip50
LaTeX Info: Redefining \setlength on input line 80.
LaTeX Info: Redefining \addtolength on input line 81.
\calc@Ccount=\count188
\calc@Cskip=\skip51
)
(C:\Users\Cat\AppData\Local\Programs\MiKTeX\tex/latex/mathtools\mhsetup.sty
Package: mhsetup 2017/03/31 v1.3 programming setup (MH)
)
(C:\Users\Cat\AppData\Local\Programs\MiKTeX\tex/latex/amsmath\amsmath.sty
Package: amsmath 2020/09/23 v2.17i AMS math features
\@mathmargin=\skip52

For additional information on amsmath, use the `?' option.
(C:\Users\Cat\AppData\Local\Programs\MiKTeX\tex/latex/amsmath\amstext.sty
Package: amstext 2000/06/29 v2.01 AMS text

(C:\Users\Cat\AppData\Local\Programs\MiKTeX\tex/latex/amsmath\amsgen.sty
File: amsgen.sty 1999/11/30 v2.0 generic functions
\@emptytoks=\toks16
\ex@=\dimen141
))
(C:\Users\Cat\AppData\Local\Programs\MiKTeX\tex/latex/amsmath\amsbsy.sty
Package: amsbsy 1999/11/29 v1.2d Bold Symbols
\pmbraise@=\dimen142
)
(C:\Users\Cat\AppData\Local\Programs\MiKTeX\tex/latex/amsmath\amsopn.sty
Package: amsopn 2016/03/08 v2.02 operator names
)
\inf@bad=\count189
LaTeX Info: Redefining \frac on input line 234.
\uproot@=\count190
\leftroot@=\count191
LaTeX Info: Redefining \overline on input line 399.
\classnum@=\count192
\DOTSCASE@=\count193
LaTeX Info: Redefining \ldots on input line 496.
LaTeX Info: Redefining \dots on input line 499.
LaTeX Info: Redefining \cdots on input line 620.
\Mathstrutbox@=\box47
\strutbox@=\box48
\big@size=\dimen143
LaTeX Font Info:    Redeclaring font encoding OML on input line 743.
LaTeX Font Info:    Redeclaring font encoding OMS on input line 744.
\macc@depth=\count194
\c@MaxMatrixCols=\count195
\dotsspace@=\muskip16
\c@parentequation=\count196
\dspbrk@lvl=\count197
\tag@help=\toks17
\row@=\count198
\column@=\count199
\maxfields@=\count266
\andhelp@=\toks18
\eqnshift@=\dimen144
\alignsep@=\dimen145
\tagshift@=\dimen146
\tagwidth@=\dimen147
\totwidth@=\dimen148
\lineht@=\dimen149
\@envbody=\toks19
\multlinegap=\skip53
\multlinetaggap=\skip54
\mathdisplay@stack=\toks20
LaTeX Info: Redefining \[ on input line 2923.
LaTeX Info: Redefining \] on input line 2924.
)
LaTeX Info: Thecontrolsequence`\('isalreadyrobust on input line 130.
LaTeX Info: Thecontrolsequence`\)'isalreadyrobust on input line 130.
LaTeX Info: Thecontrolsequence`\['isalreadyrobust on input line 130.
LaTeX Info: Thecontrolsequence`\]'isalreadyrobust on input line 130.
\g_MT_multlinerow_int=\count267
\l_MT_multwidth_dim=\dimen150
\origjot=\skip55
\l_MT_shortvdotswithinadjustabove_dim=\dimen151
\l_MT_shortvdotswithinadjustbelow_dim=\dimen152
\l_MT_above_intertext_sep=\dimen153
\l_MT_below_intertext_sep=\dimen154
\l_MT_above_shortintertext_sep=\dimen155
\l_MT_below_shortintertext_sep=\dimen156
\xmathstrut@box=\box49
\xmathstrut@dim=\dimen157
)
(C:\Users\Cat\AppData\Local\Programs\MiKTeX\tex/latex/geometry\geometry.sty
Package: geometry 2020/01/02 v5.9 Page Geometry

(C:\Users\Cat\AppData\Local\Programs\MiKTeX\tex/generic/iftex\ifvtex.sty
Package: ifvtex 2019/10/25 v1.7 ifvtex legacy package. Use iftex instead.

(C:\Users\Cat\AppData\Local\Programs\MiKTeX\tex/generic/iftex\iftex.sty
Package: iftex 2020/03/06 v1.0d TeX engine tests
))
\Gm@cnth=\count268
\Gm@cntv=\count269
\c@Gm@tempcnt=\count270
\Gm@bindingoffset=\dimen158
\Gm@wd@mp=\dimen159
\Gm@odd@mp=\dimen160
\Gm@even@mp=\dimen161
\Gm@layoutwidth=\dimen162
\Gm@layoutheight=\dimen163
\Gm@layouthoffset=\dimen164
\Gm@layoutvoffset=\dimen165
\Gm@dimlist=\toks21

(C:\Users\Cat\AppData\Local\Programs\MiKTeX\tex/latex/geometry\geometry.cfg))
(C:\Users\Cat\AppData\Local\Programs\MiKTeX\tex/latex/amsfonts\amssymb.sty
Package: amssymb 2013/01/14 v3.01 AMS font symbols

(C:\Users\Cat\AppData\Local\Programs\MiKTeX\tex/latex/amsfonts\amsfonts.sty
Package: amsfonts 2013/01/14 v3.01 Basic AMSFonts support
\symAMSa=\mathgroup4
\symAMSb=\mathgroup5
LaTeX Font Info:    Redeclaring math symbol \hbar on input line 98.
LaTeX Font Info:    Overwriting math alphabet `\mathfrak' in version `bold'
(Font)                  U/euf/m/n --> U/euf/b/n on input line 106.
))
(C:\Users\Cat\AppData\Local\Programs\MiKTeX\tex/latex/paralist\paralist.sty
Package: paralist 2017/01/22 v2.7 Extended list environments
\pltopsep=\skip56
\plpartopsep=\skip57
\plitemsep=\skip58
\plparsep=\skip59
\pl@lab=\toks22
)
(C:\Users\Cat\AppData\Local\Programs\MiKTeX\tex/latex/rsfso\rsfso.sty
Package: rsfso 2013/11/02 v1.01 U/rsfso (Michael Sharpe)

(C:\Users\Cat\AppData\Local\Programs\MiKTeX\tex/latex/xkeyval\xkeyval.sty
Package: xkeyval 2020/11/20 v2.8 package option processing (HA)

(C:\Users\Cat\AppData\Local\Programs\MiKTeX\tex/generic/xkeyval\xkeyval.tex
(C:\Users\Cat\AppData\Local\Programs\MiKTeX\tex/generic/xkeyval\xkvutils.tex
\XKV@toks=\toks23
\XKV@tempa@toks=\toks24
)
\XKV@depth=\count271
File: xkeyval.tex 2014/12/03 v2.7a key=value parser (HA)
))
LaTeX Font Info:    Redeclaring math alphabet \mathcal on input line 12.
) (C:\Users\Cat\AppData\Local\Programs\MiKTeX\tex/latex/amscls\amsthm.sty
Package: amsthm 2020/05/29 v2.20.6
\thm@style=\toks25
\thm@bodyfont=\toks26
\thm@headfont=\toks27
\thm@notefont=\toks28
\thm@headpunct=\toks29
\thm@preskip=\skip60
\thm@postskip=\skip61
\thm@headsep=\skip62
\dth@everypar=\toks30
)
(C:\Users\Cat\AppData\Local\Programs\MiKTeX\tex/latex/wasysym\wasysym.sty
Package: wasysym 2020/01/19 v2.4 Wasy-2 symbol support package
\symwasy=\mathgroup6
LaTeX Font Info:    Overwriting symbol font `wasy' in version `bold'
(Font)                  U/wasy/m/n --> U/wasy/b/n on input line 93.
)
(C:\Users\Cat\AppData\Local\Programs\MiKTeX\tex/latex/enumitem\enumitem.sty
Package: enumitem 2019/06/20 v3.9 Customized lists
\labelindent=\skip63
\enit@outerparindent=\dimen166
\enit@toks=\toks31
\enit@inbox=\box50
\enit@count@id=\count272
\enitdp@description=\count273
)
(C:\Users\Cat\AppData\Local\Programs\MiKTeX\tex/latex/hyperref\hyperref.sty
Package: hyperref 2020-05-15 v7.00e Hypertext links for LaTeX

(C:\Users\Cat\AppData\Local\Programs\MiKTeX\tex/generic/ltxcmds\ltxcmds.sty
Package: ltxcmds 2020-05-10 v1.25 LaTeX kernel commands for general use (HO)
)
(C:\Users\Cat\AppData\Local\Programs\MiKTeX\tex/generic/pdftexcmds\pdftexcmds.s
ty
Package: pdftexcmds 2020-06-27 v0.33 Utility functions of pdfTeX for LuaTeX (HO
)

(C:\Users\Cat\AppData\Local\Programs\MiKTeX\tex/generic/infwarerr\infwarerr.sty
Package: infwarerr 2019/12/03 v1.5 Providing info/warning/error messages (HO)
)
Package pdftexcmds Info: \pdf@primitive is available.
Package pdftexcmds Info: \pdf@ifprimitive is available.
Package pdftexcmds Info: \pdfdraftmode found.
)
(C:\Users\Cat\AppData\Local\Programs\MiKTeX\tex/generic/kvsetkeys\kvsetkeys.sty
Package: kvsetkeys 2019/12/15 v1.18 Key value parser (HO)
)
(C:\Users\Cat\AppData\Local\Programs\MiKTeX\tex/generic/kvdefinekeys\kvdefineke
ys.sty
Package: kvdefinekeys 2019-12-19 v1.6 Define keys (HO)
)
(C:\Users\Cat\AppData\Local\Programs\MiKTeX\tex/generic/pdfescape\pdfescape.sty
Package: pdfescape 2019/12/09 v1.15 Implements pdfTeX's escape features (HO)
) (C:\Users\Cat\AppData\Local\Programs\MiKTeX\tex/latex/hycolor\hycolor.sty
Package: hycolor 2020-01-27 v1.10 Color options for hyperref/bookmark (HO)
)
(C:\Users\Cat\AppData\Local\Programs\MiKTeX\tex/latex/letltxmacro\letltxmacro.s
ty
Package: letltxmacro 2019/12/03 v1.6 Let assignment for LaTeX macros (HO)
) (C:\Users\Cat\AppData\Local\Programs\MiKTeX\tex/latex/auxhook\auxhook.sty
Package: auxhook 2019-12-17 v1.6 Hooks for auxiliary files (HO)
)
(C:\Users\Cat\AppData\Local\Programs\MiKTeX\tex/latex/kvoptions\kvoptions.sty
Package: kvoptions 2020-10-07 v3.14 Key value format for package options (HO)
)
\@linkdim=\dimen167
\Hy@linkcounter=\count274
\Hy@pagecounter=\count275

(C:\Users\Cat\AppData\Local\Programs\MiKTeX\tex/latex/hyperref\pd1enc.def
File: pd1enc.def 2020-05-15 v7.00e Hyperref: PDFDocEncoding definition (HO)
Now handling font encoding PD1 ...
... no UTF-8 mapping file for font encoding PD1
)
(C:\Users\Cat\AppData\Local\Programs\MiKTeX\tex/generic/intcalc\intcalc.sty
Package: intcalc 2019/12/15 v1.3 Expandable calculations with integers (HO)
)
(C:\Users\Cat\AppData\Local\Programs\MiKTeX\tex/generic/etexcmds\etexcmds.sty
Package: etexcmds 2019/12/15 v1.7 Avoid name clashes with e-TeX commands (HO)
)
\Hy@SavedSpaceFactor=\count276
Package hyperref Info: Hyper figures OFF on input line 4464.
Package hyperref Info: Link nesting OFF on input line 4469.
Package hyperref Info: Hyper index ON on input line 4472.
Package hyperref Info: Plain pages OFF on input line 4479.
Package hyperref Info: Backreferencing OFF on input line 4484.
Package hyperref Info: Implicit mode ON; LaTeX internals redefined.
Package hyperref Info: Bookmarks ON on input line 4717.
\c@Hy@tempcnt=\count277

(C:\Users\Cat\AppData\Local\Programs\MiKTeX\tex/latex/url\url.sty
\Urlmuskip=\muskip17
Package: url 2013/09/16  ver 3.4  Verb mode for urls, etc.
)
LaTeX Info: Redefining \url on input line 5076.
\XeTeXLinkMargin=\dimen168

(C:\Users\Cat\AppData\Local\Programs\MiKTeX\tex/generic/bitset\bitset.sty
Package: bitset 2019/12/09 v1.3 Handle bit-vector datatype (HO)

(C:\Users\Cat\AppData\Local\Programs\MiKTeX\tex/generic/bigintcalc\bigintcalc.s
ty
Package: bigintcalc 2019/12/15 v1.5 Expandable calculations on big integers (HO
)
))
\Fld@menulength=\count278
\Field@Width=\dimen169
\Fld@charsize=\dimen170
Package hyperref Info: Hyper figures OFF on input line 6347.
Package hyperref Info: Link nesting OFF on input line 6352.
Package hyperref Info: Hyper index ON on input line 6355.
Package hyperref Info: backreferencing OFF on input line 6362.
Package hyperref Info: Link coloring OFF on input line 6367.
Package hyperref Info: Link coloring with OCG OFF on input line 6372.
Package hyperref Info: PDF/A mode OFF on input line 6377.
LaTeX Info: Redefining \ref on input line 6417.
LaTeX Info: Redefining \pageref on input line 6421.

(C:\Users\Cat\AppData\Local\Programs\MiKTeX\tex/latex/base\atbegshi-ltx.sty
Package: atbegshi-ltx 2020/08/17 v1.0a Emulation of the original atbegshi packa
ge
with kernel methods
)
\Hy@abspage=\count279
\c@Item=\count280
\c@Hfootnote=\count281
)
Package hyperref Info: Driver (autodetected): hpdftex.

(C:\Users\Cat\AppData\Local\Programs\MiKTeX\tex/latex/hyperref\hpdftex.def
File: hpdftex.def 2020-05-15 v7.00e Hyperref driver for pdfTeX

(C:\Users\Cat\AppData\Local\Programs\MiKTeX\tex/latex/base\atveryend-ltx.sty
Package: atveryend-ltx 2020/08/19 v1.0a Emulation of the original atvery packag
e
with kernel methods
)
\Fld@listcount=\count282
\c@bookmark@seq@number=\count283

(C:\Users\Cat\AppData\Local\Programs\MiKTeX\tex/latex/rerunfilecheck\rerunfilec
heck.sty
Package: rerunfilecheck 2019/12/05 v1.9 Rerun checks for auxiliary files (HO)

(C:\Users\Cat\AppData\Local\Programs\MiKTeX\tex/generic/uniquecounter\uniquecou
nter.sty
Package: uniquecounter 2019/12/15 v1.4 Provide unlimited unique counter (HO)
)
Package uniquecounter Info: New unique counter `rerunfilecheck' on input line 2
86.
)
\Hy@SectionHShift=\skip64
)
(C:\Users\Cat\AppData\Local\Programs\MiKTeX\tex/latex/tocloft\tocloft.sty
Package: tocloft 2017/08/31 v2.3i parameterised ToC, etc., typesetting
Package tocloft Info: The document has chapter divisions on input line 51.
\cftparskip=\skip65
\cftbeforetoctitleskip=\skip66
\cftaftertoctitleskip=\skip67
\cftbeforepartskip=\skip68
\cftpartnumwidth=\skip69
\cftpartindent=\skip70
\cftbeforechapskip=\skip71
\cftchapindent=\skip72
\cftchapnumwidth=\skip73
\cftbeforesecskip=\skip74
\cftsecindent=\skip75
\cftsecnumwidth=\skip76
\cftbeforesubsecskip=\skip77
\cftsubsecindent=\skip78
\cftsubsecnumwidth=\skip79
\cftbeforesubsubsecskip=\skip80
\cftsubsubsecindent=\skip81
\cftsubsubsecnumwidth=\skip82
\cftbeforeparaskip=\skip83
\cftparaindent=\skip84
\cftparanumwidth=\skip85
\cftbeforesubparaskip=\skip86
\cftsubparaindent=\skip87
\cftsubparanumwidth=\skip88
\cftbeforeloftitleskip=\skip89
\cftafterloftitleskip=\skip90
\cftbeforefigskip=\skip91
\cftfigindent=\skip92
\cftfignumwidth=\skip93
\c@lofdepth=\count284
\c@lotdepth=\count285
\cftbeforelottitleskip=\skip94
\cftafterlottitleskip=\skip95
\cftbeforetabskip=\skip96
\cfttabindent=\skip97
\cfttabnumwidth=\skip98
)
(C:\Users\Cat\AppData\Local\Programs\MiKTeX\tex/latex/wrapfig\wrapfig.sty
\wrapoverhang=\dimen171
\WF@size=\dimen172
\c@WF@wrappedlines=\count286
\WF@box=\box51
\WF@everypar=\toks32
Package: wrapfig 2003/01/31  v 3.6
)
(C:\Users\Cat\AppData\Local\Programs\MiKTeX\tex/latex/titlesec\titlesec.sty
Package: titlesec 2021/07/05 v2.14 Sectioning titles
\ttl@box=\box52
\beforetitleunit=\skip99
\aftertitleunit=\skip100
\ttl@plus=\dimen173
\ttl@minus=\dimen174
\ttl@toksa=\toks33
\titlewidth=\dimen175
\titlewidthlast=\dimen176
\titlewidthfirst=\dimen177
)
(C:\Users\Cat\AppData\Local\Programs\MiKTeX\tex/latex/colortbl\colortbl.sty
Package: colortbl 2020/01/04 v1.0e Color table columns (DPC)

(C:\Users\Cat\AppData\Local\Programs\MiKTeX\tex/latex/tools\array.sty
Package: array 2019/08/31 v2.4l Tabular extension package (FMi)
\col@sep=\dimen178
\ar@mcellbox=\box53
\extrarowheight=\dimen179
\NC@list=\toks34
\extratabsurround=\skip101
\backup@length=\skip102
\ar@cellbox=\box54
)
\everycr=\toks35
\minrowclearance=\skip103
)
\c@axiom=\count287
\c@thm=\count288
\c@lem=\count289
\c@corL=\count290
\c@defn=\count291

(C:\Users\Cat\AppData\Local\Programs\MiKTeX\tex/latex/l3backend\l3backend-pdfte
x.def
File: l3backend-pdftex.def 2020-09-24 L3 backend support: PDF output (pdfTeX)
\l__kernel_color_stack_int=\count292
\l__pdf_internal_box=\box55
) (Math396ClassNotes.aux)
\openout1 = `Math396ClassNotes.aux'.

LaTeX Font Info:    Checking defaults for OML/cmm/m/it on input line 150.
LaTeX Font Info:    ... okay on input line 150.
LaTeX Font Info:    Checking defaults for OMS/cmsy/m/n on input line 150.
LaTeX Font Info:    ... okay on input line 150.
LaTeX Font Info:    Checking defaults for OT1/cmr/m/n on input line 150.
LaTeX Font Info:    ... okay on input line 150.
LaTeX Font Info:    Checking defaults for T1/cmr/m/n on input line 150.
LaTeX Font Info:    ... okay on input line 150.
LaTeX Font Info:    Checking defaults for TS1/cmr/m/n on input line 150.
LaTeX Font Info:    ... okay on input line 150.
LaTeX Font Info:    Checking defaults for OMX/cmex/m/n on input line 150.
LaTeX Font Info:    ... okay on input line 150.
LaTeX Font Info:    Checking defaults for U/cmr/m/n on input line 150.
LaTeX Font Info:    ... okay on input line 150.
LaTeX Font Info:    Checking defaults for PD1/pdf/m/n on input line 150.
LaTeX Font Info:    ... okay on input line 150.

(C:\Users\Cat\AppData\Local\Programs\MiKTeX\tex/context/base/mkii\supp-pdf.mkii
[Loading MPS to PDF converter (version 2006.09.02).]
\scratchcounter=\count293
\scratchdimen=\dimen180
\scratchbox=\box56
\nofMPsegments=\count294
\nofMParguments=\count295
\everyMPshowfont=\toks36
\MPscratchCnt=\count296
\MPscratchDim=\dimen181
\MPnumerator=\count297
\makeMPintoPDFobject=\count298
\everyMPtoPDFconversion=\toks37
) (C:\Users\Cat\AppData\Local\Programs\MiKTeX\tex/latex/graphics\graphicx.sty
Package: graphicx 2020/09/09 v1.2b Enhanced LaTeX Graphics (DPC,SPQR)

(C:\Users\Cat\AppData\Local\Programs\MiKTeX\tex/latex/graphics\graphics.sty
Package: graphics 2020/08/30 v1.4c Standard LaTeX Graphics (DPC,SPQR)

(C:\Users\Cat\AppData\Local\Programs\MiKTeX\tex/latex/graphics\trig.sty
Package: trig 2016/01/03 v1.10 sin cos tan (DPC)
)
(C:\Users\Cat\AppData\Local\Programs\MiKTeX\tex/latex/graphics-cfg\graphics.cfg
File: graphics.cfg 2016/06/04 v1.11 sample graphics configuration
)
Package graphics Info: Driver file: pdftex.def on input line 105.
)
\Gin@req@height=\dimen182
\Gin@req@width=\dimen183
)
*geometry* driver: auto-detecting
*geometry* detected driver: pdftex
*geometry* verbose mode - [ preamble ] result:
* driver: pdftex
* paper: legalpaper
* layout: <same size as paper>
* layoutoffset:(h,v)=(0.0pt,0.0pt)
* modes: 
* h-part:(L,W,R)=(72.26999pt, 469.75502pt, 72.26999pt)
* v-part:(T,H,B)=(72.26999pt, 867.24002pt, 72.26999pt)
* \paperwidth=614.295pt
* \paperheight=1011.78pt
* \textwidth=469.75502pt
* \textheight=867.24002pt
* \oddsidemargin=0.0pt
* \evensidemargin=0.0pt
* \topmargin=-31.8738pt
* \headheight=12.0pt
* \headsep=19.8738pt
* \topskip=11.0pt
* \footskip=27.46295pt
* \marginparwidth=62.0pt
* \marginparsep=7.0pt
* \columnsep=10.0pt
* \skip\footins=10.0pt plus 4.0pt minus 2.0pt
* \hoffset=0.0pt
* \voffset=0.0pt
* \mag=1000
* \@twocolumnfalse
* \@twosidefalse
* \@mparswitchfalse
* \@reversemarginfalse
* (1in=72.27pt=25.4mm, 1cm=28.453pt)

Package hyperref Info: Link coloring OFF on input line 150.
(C:\Users\Cat\AppData\Local\Programs\MiKTeX\tex/latex/hyperref\nameref.sty
Package: nameref 2019/09/16 v2.46 Cross-referencing by name of section

(C:\Users\Cat\AppData\Local\Programs\MiKTeX\tex/latex/refcount\refcount.sty
Package: refcount 2019/12/15 v3.6 Data extraction from label references (HO)
)
(C:\Users\Cat\AppData\Local\Programs\MiKTeX\tex/generic/gettitlestring\gettitle
string.sty
Package: gettitlestring 2019/12/15 v1.6 Cleanup title references (HO)
)
\c@section@level=\count299
)
LaTeX Info: Redefining \ref on input line 150.
LaTeX Info: Redefining \pageref on input line 150.
LaTeX Info: Redefining \nameref on input line 150.
 (Math396ClassNotes.out) (Math396ClassNotes.out)
\@outlinefile=\write3
\openout3 = `Math396ClassNotes.out'.



pdfTeX warning: pdflatex (file ./hmm.pdf): PDF inclusion: found PDF version <1.
7>, but at most version <1.5> allowed
<hmm.pdf, id=207, 221.36029pt x 224.36021pt>
File: hmm.pdf Graphic file (type pdf)
<use hmm.pdf>
Package pdftex.def Info: hmm.pdf  used on input line 165.
(pdftex.def)             Requested size: 177.08846pt x 179.4884pt.
[1


{C:/Users/Cat/AppData/Local/MiKTeX/pdftex/config/pdftex.map} <./hmm.pdf>]
(Math396ClassNotes.toc
LaTeX Font Info:    Trying to load font information for U+msa on input line 2.

(C:\Users\Cat\AppData\Local\Programs\MiKTeX\tex/latex/amsfonts\umsa.fd
File: umsa.fd 2013/01/14 v3.01 AMS symbols A
)
LaTeX Font Info:    Trying to load font information for U+msb on input line 2.

(C:\Users\Cat\AppData\Local\Programs\MiKTeX\tex/latex/amsfonts\umsb.fd
File: umsb.fd 2013/01/14 v3.01 AMS symbols B
)
LaTeX Font Info:    Trying to load font information for U+wasy on input line 2.


(C:\Users\Cat\AppData\Local\Programs\MiKTeX\tex/latex/wasysym\uwasy.fd
File: uwasy.fd 2020/01/19 v2.4 Wasy-2 symbol font definitions
)pdfTeX warning (ext4): destination with the same identifier (name{page.1}) has
 been already used, duplicate ignored
<to be read again> 
                   \relax 
l.50 ...}{\numberline {9}Geometry}{126}{chapter.9}
                                                  % [1])
\tf@toc=\write4
\openout4 = `Math396ClassNotes.toc'.

 [2]

pdfTeX warning: pdflatex (file ./cor13.4.pdf): PDF inclusion: found PDF version
 <1.7>, but at most version <1.5> allowed
<cor13.4.pdf, id=302, 502.7091pt x 163.77084pt>
File: cor13.4.pdf Graphic file (type pdf)
<use cor13.4.pdf>
Package pdftex.def Info: cor13.4.pdf  used on input line 188.
(pdftex.def)             Requested size: 402.16782pt x 131.01683pt.

Underfull \hbox (badness 10000) in paragraph at lines 192--193

 []


Underfull \hbox (badness 10000) in paragraph at lines 194--195

 []


Underfull \hbox (badness 10000) in paragraph at lines 196--197

 []


Underfull \hbox (badness 10000) in paragraph at lines 198--199

 []

[3 <./cor13.4.pdf>]
Chapter 1.

Underfull \hbox (badness 10000) in paragraph at lines 207--208

 []


Underfull \hbox (badness 10000) in paragraph at lines 210--212

 []

LaTeX Font Info:    Trying to load font information for U+rsfso on input line 2
20.
(C:\Users\Cat\AppData\Local\Programs\MiKTeX\tex/latex/rsfso\ursfso.fd
File: ursfso.fd 2011/02/13 Fontinst v1.933 font definitions for U/rsfso.
)
LaTeX Font Info:    Font shape `U/rsfso/m/n' will be
(Font)              scaled to size 10.95pt on input line 220.
LaTeX Font Info:    Font shape `U/rsfso/m/n' will be
(Font)              scaled to size 8.0pt on input line 220.
LaTeX Font Info:    Font shape `U/rsfso/m/n' will be
(Font)              scaled to size 6.0pt on input line 220.
 [4

]
Underfull \hbox (badness 10000) in paragraph at lines 269--272

 []


Underfull \hbox (badness 10000) in paragraph at lines 280--281

 []


Underfull \hbox (badness 10000) in paragraph at lines 314--315

 []


Underfull \hbox (badness 10000) in paragraph at lines 316--319

 []

[5]
Underfull \hbox (badness 10000) in paragraph at lines 321--322

 []


Underfull \hbox (badness 10000) in paragraph at lines 327--329

 []


Underfull \hbox (badness 10000) in paragraph at lines 334--337

 []

[6]
Underfull \hbox (badness 10000) in paragraph at lines 413--414

 []

[7]
Underfull \hbox (badness 10000) in paragraph at lines 498--499

 []


Underfull \hbox (badness 10000) in paragraph at lines 500--502

 []

[8

]
Underfull \hbox (badness 10000) in paragraph at lines 510--513

 []


Underfull \hbox (badness 10000) in paragraph at lines 547--548

 []


Underfull \hbox (badness 10000) in paragraph at lines 550--551

 []

[9]
Underfull \hbox (badness 10000) in paragraph at lines 610--611

 []


Underfull \hbox (badness 10000) in paragraph at lines 612--613

 []

[10]
Chapter 2.
LaTeX Font Info:    Font shape `U/rsfso/m/n' will be
(Font)              scaled to size 24.88pt on input line 625.
LaTeX Font Info:    Font shape `U/rsfso/m/n' will be
(Font)              scaled to size 20.74pt on input line 625.
LaTeX Font Info:    Font shape `U/rsfso/m/n' will be
(Font)              scaled to size 17.28pt on input line 625.

Underfull \hbox (badness 10000) in paragraph at lines 628--629

 []


Underfull \hbox (badness 10000) in paragraph at lines 631--632

 []


Underfull \hbox (badness 10000) in paragraph at lines 634--635

 []


Underfull \hbox (badness 10000) in paragraph at lines 636--637

 []


Underfull \hbox (badness 10000) in paragraph at lines 638--640

 []


Underfull \hbox (badness 10000) in paragraph at lines 641--642

 []

[11

]
Underfull \hbox (badness 10000) in paragraph at lines 656--657

 []

[12]
Underfull \hbox (badness 10000) in paragraph at lines 709--711

 []


Underfull \hbox (badness 10000) in paragraph at lines 712--714

 []


Underfull \hbox (badness 10000) in paragraph at lines 715--717

 []


Underfull \hbox (badness 10000) in paragraph at lines 718--719

 []

[13]
Underfull \hbox (badness 10000) in paragraph at lines 739--740

 []


Underfull \hbox (badness 10000) in paragraph at lines 741--742

 []


Underfull \hbox (badness 10000) in paragraph at lines 743--744

 []


Underfull \hbox (badness 10000) in paragraph at lines 745--748

 []


Underfull \hbox (badness 10000) in paragraph at lines 763--764

 []

[14]
Underfull \hbox (badness 10000) in paragraph at lines 798--799

 []



pdfTeX warning: pdflatex (file ./thm6_1.pdf): PDF inclusion: found PDF version 
<1.7>, but at most version <1.5> allowed
<thm6_1.pdf, id=500, 631.15872pt x 388.94308pt>
File: thm6_1.pdf Graphic file (type pdf)
<use thm6_1.pdf>
Package pdftex.def Info: thm6_1.pdf  used on input line 813.
(pdftex.def)             Requested size: 315.57858pt x 194.47105pt.

Underfull \hbox (badness 10000) in paragraph at lines 823--824

 []

[15 <./thm6_1.pdf>]
Underfull \hbox (badness 10000) in paragraph at lines 833--834

 []

<thm6_2.png, id=550, 626.34pt x 357.58594pt>
File: thm6_2.png Graphic file (type png)
<use thm6_2.png>
Package pdftex.def Info: thm6_2.png  used on input line 845.
(pdftex.def)             Requested size: 244.2716pt x 139.45795pt.

Underfull \hbox (badness 10000) in paragraph at lines 850--851

 []

[16 <./thm6_2.png>]
Underfull \hbox (badness 10000) in paragraph at lines 876--877

 []


Underfull \hbox (badness 10000) in paragraph at lines 878--880

 []


Underfull \hbox (badness 10000) in paragraph at lines 881--882

 []


Underfull \hbox (badness 10000) in paragraph at lines 883--885

 []


Underfull \hbox (badness 10000) in paragraph at lines 886--887

 []


Underfull \hbox (badness 10000) in paragraph at lines 891--893

 []


Underfull \hbox (badness 10000) in paragraph at lines 891--893

 []


Underfull \hbox (badness 10000) in paragraph at lines 894--895

 []

[17]
Underfull \hbox (badness 10000) in paragraph at lines 928--929

 []

[18]
Underfull \hbox (badness 10000) in paragraph at lines 969--971

 []

[19]
Underfull \hbox (badness 10000) in paragraph at lines 1028--1029

 []


Underfull \hbox (badness 10000) in paragraph at lines 1028--1029

 []


Underfull \hbox (badness 10000) in paragraph at lines 1030--1032

 []


Underfull \hbox (badness 10000) in paragraph at lines 1033--1034

 []


Underfull \hbox (badness 10000) in paragraph at lines 1035--1039

 []

LaTeX Font Info:    Font shape `U/rsfso/m/n' will be
(Font)              scaled to size 9.0pt on input line 1041.
LaTeX Font Info:    Font shape `U/rsfso/m/n' will be
(Font)              scaled to size 5.0pt on input line 1041.
[20]
Underfull \hbox (badness 10000) in paragraph at lines 1087--1089

 []

[21]
Underfull \hbox (badness 10000) in paragraph at lines 1098--1099

 []


Underfull \hbox (badness 10000) in paragraph at lines 1125--1127

 []


Underfull \hbox (badness 10000) in paragraph at lines 1128--1130

 []


Underfull \hbox (badness 10000) in paragraph at lines 1161--1162

 []

[22]
Underfull \hbox (badness 10000) in paragraph at lines 1236--1238

 []

[23]
Underfull \hbox (badness 10000) in paragraph at lines 1286--1287

 []

[24]
Underfull \hbox (badness 10000) in paragraph at lines 1295--1296

 []


Underfull \hbox (badness 10000) in paragraph at lines 1311--1312

 []


Underfull \hbox (badness 10000) in paragraph at lines 1316--1318

 []


Underfull \hbox (badness 10000) in paragraph at lines 1321--1322

 []

[25]
Underfull \hbox (badness 10000) in paragraph at lines 1371--1377

 []

[26] [27] [28]
Chapter 3.


pdfTeX warning: pdflatex (file ./integration.pdf): PDF inclusion: found PDF ver
sion <1.7>, but at most version <1.5> allowed
<integration.pdf, id=684, 575.29604pt x 210.56267pt>
File: integration.pdf Graphic file (type pdf)
<use integration.pdf>
Package pdftex.def Info: integration.pdf  used on input line 1489.
(pdftex.def)             Requested size: 419.96262pt x 153.70946pt.
[29

 <./integration.pdf>]
Underfull \hbox (badness 10000) in paragraph at lines 1563--1566

 []

[30] [31] [32]
Underfull \hbox (badness 10000) in paragraph at lines 1683--1685

 []

[33]

pdfTeX warning: pdflatex (file ./IntOverBddSet.pdf): PDF inclusion: found PDF v
ersion <1.7>, but at most version <1.5> allowed
<IntOverBddSet.pdf, id=764, 260.95291pt x 268.15181pt>
File: IntOverBddSet.pdf Graphic file (type pdf)
<use IntOverBddSet.pdf>
Package pdftex.def Info: IntOverBddSet.pdf  used on input line 1707.
(pdftex.def)             Requested size: 130.47614pt x 134.07556pt.
[34 <./IntOverBddSet.pdf>] [35]
Underfull \hbox (badness 10000) in paragraph at lines 1830--1831

 []

[36] [37]
Underfull \hbox (badness 10000) in paragraph at lines 1892--1894

 []


Underfull \hbox (badness 10000) in paragraph at lines 1907--1909

 []

[38]
Underfull \hbox (badness 10000) in paragraph at lines 1938--1939

 []

[39]
Underfull \hbox (badness 10000) in paragraph at lines 1987--1988

 []



pdfTeX warning: pdflatex (file ./chngOfVar.pdf): PDF inclusion: found PDF versi
on <1.7>, but at most version <1.5> allowed
<chngOfVar.pdf, id=874, 524.30518pt x 133.77579pt>
File: chngOfVar.pdf Graphic file (type pdf)
<use chngOfVar.pdf>
Package pdftex.def Info: chngOfVar.pdf  used on input line 1989.
(pdftex.def)             Requested size: 361.77097pt x 92.30537pt.

Underfull \hbox (badness 10000) in paragraph at lines 2030--2032

 []

[40 <./chngOfVar.pdf>]
Underfull \hbox (badness 10000) in paragraph at lines 2041--2042

 []


Underfull \hbox (badness 10000) in paragraph at lines 2046--2047

 []


Overfull \hbox (0.17299pt too wide) detected at line 2067
[]
 []


Underfull \hbox (badness 10000) in paragraph at lines 2067--2069

 []

[41]
Underfull \hbox (badness 10000) in paragraph at lines 2081--2083

 []

[42]
File: cor13.4.pdf Graphic file (type pdf)
<use cor13.4.pdf>
Package pdftex.def Info: cor13.4.pdf  used on input line 2136.
(pdftex.def)             Requested size: 346.86964pt x 113.00198pt.
 [43]
Underfull \hbox (badness 10000) in paragraph at lines 2197--2198

 []

[44]
Underfull \hbox (badness 10000) in paragraph at lines 2215--2216

 []


Underfull \hbox (badness 10000) in paragraph at lines 2217--2218

 []


Underfull \hbox (badness 10000) in paragraph at lines 2241--2243

 []

[45]
Underfull \hbox (badness 10000) in paragraph at lines 2250--2251

 []


Underfull \hbox (badness 10000) in paragraph at lines 2261--2262

 []

[46]
Underfull \hbox (badness 10000) in paragraph at lines 2279--2280

 []


Underfull \hbox (badness 10000) in paragraph at lines 2334--2335

 []

[47]
Underfull \hbox (badness 10000) in paragraph at lines 2336--2337

 []



pdfTeX warning: pdflatex (file ./parallpied.pdf): PDF inclusion: found PDF vers
ion <1.7>, but at most version <1.5> allowed
<parallpied.pdf, id=987, 378.53221pt x 313.1439pt>
File: parallpied.pdf Graphic file (type pdf)
<use parallpied.pdf>
Package pdftex.def Info: parallpied.pdf  used on input line 2338.
(pdftex.def)             Requested size: 189.26564pt x 156.57156pt.

Overfull \hbox (18.93799pt too wide) in paragraph at lines 2349--2350
\OT1/cmr/m/n/10.95 For ex-pec-ta-tion (1). Sup-pose we have $\OML/cmm/m/it/10.9
5 A[] \OT1/cmr/m/n/10.95 = [][]$, then we see that $[] = [] =
 []


Underfull \hbox (badness 10000) in paragraph at lines 2349--2350

 []


Underfull \hbox (badness 10000) in paragraph at lines 2368--2368

 []

[48 <./parallpied.pdf>]
Chapter 4.


pdfTeX warning: pdflatex (file ./par-manifold.pdf): PDF inclusion: found PDF ve
rsion <1.7>, but at most version <1.5> allowed
<par-manifold.pdf, id=1024, 338.59187pt x 215.56033pt>
File: par-manifold.pdf Graphic file (type pdf)
<use par-manifold.pdf>
Package pdftex.def Info: par-manifold.pdf  used on input line 2395.
(pdftex.def)             Requested size: 270.87386pt x 172.44849pt.

Underfull \hbox (badness 10000) in paragraph at lines 2397--2398

 []

[49

 <./par-manifold.pdf>]
Underfull \hbox (badness 10000) in paragraph at lines 2414--2416

 []



pdfTeX warning: pdflatex (file ./manifold-disk.pdf): PDF inclusion: found PDF v
ersion <1.7>, but at most version <1.5> allowed
<manifold-disk.pdf, id=1066, 203.964pt x 122.3782pt>
File: manifold-disk.pdf Graphic file (type pdf)
<use manifold-disk.pdf>
Package pdftex.def Info: manifold-disk.pdf  used on input line 2428.
(pdftex.def)             Requested size: 163.1714pt x 97.90268pt.

Underfull \hbox (badness 10000) in paragraph at lines 2431--2433

 []

[50 <./manifold-disk.pdf>]
Underfull \hbox (badness 10000) in paragraph at lines 2442--2443

 []


Underfull \hbox (badness 10000) in paragraph at lines 2444--2445

 []


Underfull \hbox (badness 10000) in paragraph at lines 2446--2447

 []


Underfull \hbox (badness 10000) in paragraph at lines 2448--2449

 []

[51]

pdfTeX warning: pdflatex (file ./coorPatch.pdf): PDF inclusion: found PDF versi
on <1.7>, but at most version <1.5> allowed
<coorPatch.pdf, id=1094, 475.69722pt x 237.11185pt>
File: coorPatch.pdf Graphic file (type pdf)
<use coorPatch.pdf>
Package pdftex.def Info: coorPatch.pdf  used on input line 2468.
(pdftex.def)             Requested size: 328.23143pt x 163.60733pt.

Underfull \hbox (badness 10000) in paragraph at lines 2470--2471

 []



pdfTeX warning: pdflatex (file ./manifoldsDefn.pdf): PDF inclusion: found PDF v
ersion <1.7>, but at most version <1.5> allowed
<manifoldsDefn.pdf, id=1095, 490.71129pt x 295.7469pt>
File: manifoldsDefn.pdf Graphic file (type pdf)
<use manifoldsDefn.pdf>
Package pdftex.def Info: manifoldsDefn.pdf  used on input line 2482.
(pdftex.def)             Requested size: 338.59114pt x 204.06558pt.
[52 <./coorPatch.pdf> <./manifoldsDefn.pdf>]
Underfull \hbox (badness 10000) in paragraph at lines 2506--2508

 []

[53]
Underfull \hbox (badness 10000) in paragraph at lines 2520--2521

 []


Underfull \hbox (badness 10000) in paragraph at lines 2526--2527

 []


Underfull \hbox (badness 10000) in paragraph at lines 2531--2532

 []


Underfull \hbox (badness 10000) in paragraph at lines 2557--2558

 []


Underfull \hbox (badness 10000) in paragraph at lines 2559--2560

 []


Underfull \hbox (badness 10000) in paragraph at lines 2561--2563

 []

[54]
Underfull \hbox (badness 10000) in paragraph at lines 2568--2569

 []


Underfull \hbox (badness 10000) in paragraph at lines 2570--2572

 []


Underfull \hbox (badness 10000) in paragraph at lines 2573--2574

 []


Underfull \hbox (badness 10000) in paragraph at lines 2587--2588

 []


Underfull \hbox (badness 10000) in paragraph at lines 2589--2590

 []



pdfTeX warning: pdflatex (file ./1-manifoldHom.pdf): PDF inclusion: found PDF v
ersion <1.7>, but at most version <1.5> allowed
<1-manifoldHom.pdf, id=1153, 325.14072pt x 201.56404pt>
File: 1-manifoldHom.pdf Graphic file (type pdf)
<use 1-manifoldHom.pdf>
Package pdftex.def Info: 1-manifoldHom.pdf  used on input line 2595.
(pdftex.def)             Requested size: 162.56995pt x 100.78177pt.

Underfull \hbox (badness 10000) in paragraph at lines 2599--2601

 []


Underfull \hbox (badness 10000) in paragraph at lines 2602--2603

 []


Underfull \hbox (badness 10000) in paragraph at lines 2605--2607

 []

[55 <./1-manifoldHom.pdf>]
Underfull \hbox (badness 10000) in paragraph at lines 2608--2609

 []


Underfull \hbox (badness 10000) in paragraph at lines 2610--2611

 []


Underfull \hbox (badness 10000) in paragraph at lines 2612--2613

 []


Underfull \hbox (badness 10000) in paragraph at lines 2614--2615

 []



pdfTeX warning: pdflatex (file ./handleBody.pdf): PDF inclusion: found PDF vers
ion <1.7>, but at most version <1.5> allowed
<handleBody.pdf, id=1186, 345.53802pt x 227.35841pt>
File: handleBody.pdf Graphic file (type pdf)
<use handleBody.pdf>
Package pdftex.def Info: handleBody.pdf  used on input line 2646.
(pdftex.def)             Requested size: 276.43079pt x 181.88696pt.

Underfull \hbox (badness 10000) in paragraph at lines 2650--2651

 []

[56 <./handleBody.pdf>]
Underfull \hbox (badness 10000) in paragraph at lines 2671--2672

 []


Underfull \hbox (badness 10000) in paragraph at lines 2673--2674

 []


Underfull \hbox (badness 10000) in paragraph at lines 2675--2676

 []


Underfull \hbox (badness 10000) in paragraph at lines 2681--2682

 []


Underfull \hbox (badness 10000) in paragraph at lines 2690--2692

 []


Underfull \hbox (badness 10000) in paragraph at lines 2697--2700

 []


Underfull \hbox (badness 10000) in paragraph at lines 2706--2708

 []

[57]
Overfull \hbox (19.21266pt too wide) detected at line 2714
[]
 []


Underfull \hbox (badness 10000) in paragraph at lines 2747--2748

 []

[58]

pdfTeX warning: pdflatex (file ./M.pdf): PDF inclusion: found PDF version <1.7>
, but at most version <1.5> allowed
<M.pdf, id=1233, 141.57422pt x 122.3782pt>
File: M.pdf Graphic file (type pdf)
<use M.pdf>
Package pdftex.def Info: M.pdf  used on input line 2775.
(pdftex.def)             Requested size: 70.78693pt x 61.18895pt.
[59 <./M.pdf>]
Underfull \hbox (badness 10000) in paragraph at lines 2812--2814

 []

[60]
Underfull \hbox (badness 10000) in paragraph at lines 2893--2894

 []

[61]
Underfull \hbox (badness 10000) in paragraph at lines 2937--2938

 []


Underfull \hbox (badness 10000) in paragraph at lines 2947--2948

 []


Underfull \hbox (badness 10000) in paragraph at lines 2949--2950

 []

[62]
Underfull \hbox (badness 10000) in paragraph at lines 2954--2956

 []


Underfull \hbox (badness 10000) in paragraph at lines 2962--2964

 []



pdfTeX warning: pdflatex (file ./integralCurve.pdf): PDF inclusion: found PDF v
ersion <1.7>, but at most version <1.5> allowed
<integralCurve.pdf, id=1293, 409.72604pt x 202.16328pt>
File: integralCurve.pdf Graphic file (type pdf)
<use integralCurve.pdf>
Package pdftex.def Info: integralCurve.pdf  used on input line 2969.
(pdftex.def)             Requested size: 307.29378pt x 151.62207pt.

Underfull \hbox (badness 10000) in paragraph at lines 2979--2981

 []

[63 <./integralCurve.pdf>]
Underfull \hbox (badness 10000) in paragraph at lines 2982--2983

 []


Underfull \hbox (badness 10000) in paragraph at lines 2992--2994

 []


Underfull \hbox (badness 10000) in paragraph at lines 2996--2997

 []


Underfull \hbox (badness 10000) in paragraph at lines 3000--3001

 []

[64]
Chapter 5.
[65

]
Underfull \hbox (badness 10000) in paragraph at lines 3080--3082

 []


Underfull \hbox (badness 10000) in paragraph at lines 3083--3084

 []


Underfull \hbox (badness 10000) in paragraph at lines 3092--3094

 []

[66]
Underfull \hbox (badness 10000) in paragraph at lines 3139--3140

 []


Underfull \hbox (badness 10000) in paragraph at lines 3156--3157

 []


Underfull \hbox (badness 10000) in paragraph at lines 3159--3161

 []

[67]
Underfull \hbox (badness 10000) in paragraph at lines 3238--3239

 []



pdfTeX warning: pdflatex (file ./paths.pdf): PDF inclusion: found PDF version <
1.7>, but at most version <1.5> allowed
<paths.pdf, id=1384, 457.11678pt x 131.97606pt>
File: paths.pdf Graphic file (type pdf)
<use paths.pdf>
Package pdftex.def Info: paths.pdf  used on input line 3240.
(pdftex.def)             Requested size: 411.40129pt x 118.77734pt.
[68]
Underfull \hbox (badness 10000) in paragraph at lines 3266--3268

 []


Underfull \hbox (badness 10000) in paragraph at lines 3266--3268

 []

[69 <./paths.pdf>]
Underfull \hbox (badness 10000) in paragraph at lines 3309--3311

 []

[70] [71]
Underfull \hbox (badness 10000) in paragraph at lines 3367--3368

 []


Underfull \hbox (badness 10000) in paragraph at lines 3383--3384

 []


Underfull \hbox (badness 10000) in paragraph at lines 3387--3389

 []


Underfull \hbox (badness 10000) in paragraph at lines 3416--3418

 []

[72] [73]
Underfull \hbox (badness 10000) in paragraph at lines 3481--3482

 []

[74] [75]
Underfull \hbox (badness 10000) in paragraph at lines 3611--3612

 []


Underfull \hbox (badness 10000) in paragraph at lines 3613--3614

 []

[76]
Chapter 6.

Underfull \hbox (badness 10000) in paragraph at lines 3662--3664

 []


Overfull \hbox (14.92146pt too wide) detected at line 3671
[]
 []

[77

]
Underfull \hbox (badness 10000) in paragraph at lines 3729--3730

 []

[78] [79]
Underfull \hbox (badness 10000) in paragraph at lines 3761--3762

 []


Underfull \hbox (badness 10000) in paragraph at lines 3772--3773

 []

[80]
Underfull \hbox (badness 10000) in paragraph at lines 3825--3827

 []


Underfull \hbox (badness 10000) in paragraph at lines 3828--3829

 []


Underfull \hbox (badness 10000) in paragraph at lines 3848--3850

 []

[81]
Underfull \hbox (badness 10000) in paragraph at lines 3851--3852

 []


Underfull \hbox (badness 10000) in paragraph at lines 3853--3854

 []


Underfull \hbox (badness 10000) in paragraph at lines 3856--3858

 []

[82]
Underfull \hbox (badness 10000) in paragraph at lines 3902--3907

 []


Underfull \hbox (badness 10000) in paragraph at lines 3902--3907

 []


Overfull \hbox (8.19453pt too wide) detected at line 3917
[]
 []

[83]
Underfull \hbox (badness 10000) in paragraph at lines 3943--3948

 []

[84] [85]
Underfull \hbox (badness 10000) in paragraph at lines 4053--4054

 []


Underfull \hbox (badness 10000) in paragraph at lines 4067--4069

 []

[86]

pdfTeX warning: pdflatex (file ./Intkform.pdf): PDF inclusion: found PDF versio
n <1.7>, but at most version <1.5> allowed
<Intkform.pdf, id=1590, 373.08987pt x 233.25844pt>
File: Intkform.pdf Graphic file (type pdf)
<use Intkform.pdf>
Package pdftex.def Info: Intkform.pdf  used on input line 4081.
(pdftex.def)             Requested size: 186.54446pt x 116.62892pt.

Underfull \hbox (badness 10000) in paragraph at lines 4087--4089

 []



pdfTeX warning: pdflatex (file ./Intkform1.pdf): PDF inclusion: found PDF versi
on <1.7>, but at most version <1.5> allowed
<Intkform1.pdf, id=1591, 370.64774pt x 255.85066pt>
File: Intkform1.pdf Graphic file (type pdf)
<use Intkform1.pdf>
Package pdftex.def Info: Intkform1.pdf  used on input line 4094.
(pdftex.def)             Requested size: 185.32341pt x 127.925pt.
[87 <./Intkform.pdf> <./Intkform1.pdf>]
Underfull \hbox (badness 10000) in paragraph at lines 4108--4110

 []


Underfull \hbox (badness 10000) in paragraph at lines 4113--4114

 []


Underfull \hbox (badness 10000) in paragraph at lines 4115--4116

 []


Underfull \hbox (badness 10000) in paragraph at lines 4117--4118

 []


Underfull \hbox (badness 10000) in paragraph at lines 4135--4136

 []

[88]
Underfull \hbox (badness 10000) in paragraph at lines 4165--4166

 []

<1tangent.png, id=1639, 1063.72406pt x 292.09125pt>
File: 1tangent.png Graphic file (type png)
<use 1tangent.png>
Package pdftex.def Info: 1tangent.png  used on input line 4174.
(pdftex.def)             Requested size: 319.11967pt x 87.62804pt.

Underfull \hbox (badness 10000) in paragraph at lines 4178--4179

 []

<ntangent.png, id=1640, 1154.81438pt x 549.55313pt>
File: ntangent.png Graphic file (type png)
<use ntangent.png>
Package pdftex.def Info: ntangent.png  used on input line 4189.
(pdftex.def)             Requested size: 334.88759pt x 159.36632pt.

Underfull \hbox (badness 10000) in paragraph at lines 4193--4194

 []


Underfull \hbox (badness 10000) in paragraph at lines 4195--4196

 []

[89 <./1tangent.png> <./ntangent.png>]
<mtangent.png, id=1652, 623.32875pt x 399.74344pt>
File: mtangent.png Graphic file (type png)
<use mtangent.png>
Package pdftex.def Info: mtangent.png  used on input line 4208.
(pdftex.def)             Requested size: 280.49535pt x 179.88287pt.

Underfull \hbox (badness 10000) in paragraph at lines 4213--4215

 []


Underfull \hbox (badness 10000) in paragraph at lines 4219--4221

 []

[90 <./mtangent.png>]
Underfull \hbox (badness 10000) in paragraph at lines 4240--4241

 []

[91]
Underfull \hbox (badness 10000) in paragraph at lines 4246--4247

 []


Underfull \hbox (badness 10000) in paragraph at lines 4248--4249

 []


Underfull \hbox (badness 10000) in paragraph at lines 4259--4260

 []

<tangent1.png, id=1669, 846.16125pt x 624.83438pt>
File: tangent1.png Graphic file (type png)
<use tangent1.png>
Package pdftex.def Info: tangent1.png  used on input line 4276.
(pdftex.def)             Requested size: 160.77231pt x 118.71976pt.
<tangent1-1.png, id=1670, 841.64438pt x 606.01407pt>
File: tangent1-1.png Graphic file (type png)
<use tangent1-1.png>
Package pdftex.def Info: tangent1-1.png  used on input line 4276.
(pdftex.def)             Requested size: 210.41058pt x 151.50314pt.

Underfull \hbox (badness 10000) in paragraph at lines 4280--4281

 []


Underfull \hbox (badness 10000) in paragraph at lines 4282--4283

 []

[92 <./tangent1.png> <./tangent1-1.png>]
Underfull \hbox (badness 10000) in paragraph at lines 4299--4300

 []


Underfull \hbox (badness 10000) in paragraph at lines 4301--4302

 []


Underfull \hbox (badness 10000) in paragraph at lines 4322--4323

 []


Underfull \hbox (badness 10000) in paragraph at lines 4325--4326

 []


Underfull \hbox (badness 10000) in paragraph at lines 4327--4328

 []


Underfull \hbox (badness 10000) in paragraph at lines 4329--4330

 []


Underfull \hbox (badness 10000) in paragraph at lines 4331--4332

 []

[93]
<3Orientation.png, id=1686, 988.44281pt x 529.22719pt>
File: 3Orientation.png Graphic file (type png)
<use 3Orientation.png>
Package pdftex.def Info: 3Orientation.png  used on input line 4366.
(pdftex.def)             Requested size: 286.64107pt x 153.47195pt.
 [94 <./3Orientation.png>]
Underfull \hbox (badness 10000) in paragraph at lines 4374--4375

 []

<2Orientation.png, id=1696, 909.3975pt x 560.8453pt>
File: 2Orientation.png Graphic file (type png)
<use 2Orientation.png>
Package pdftex.def Info: 2Orientation.png  used on input line 4376.
(pdftex.def)             Requested size: 263.71852pt x 162.64096pt.

Underfull \hbox (badness 10000) in paragraph at lines 4380--4382

 []


Underfull \hbox (badness 10000) in paragraph at lines 4384--4386

 []


Underfull \hbox (badness 10000) in paragraph at lines 4387--4388

 []


Underfull \hbox (badness 10000) in paragraph at lines 4389--4391

 []


Underfull \hbox (badness 10000) in paragraph at lines 4392--4393

 []


Underfull \hbox (badness 10000) in paragraph at lines 4394--4395

 []

[95 <./2Orientation.png>]
Underfull \hbox (badness 10000) in paragraph at lines 4397--4399

 []


Underfull \hbox (badness 10000) in paragraph at lines 4405--4406

 []


Underfull \hbox (badness 10000) in paragraph at lines 4416--4418

 []


Underfull \hbox (badness 10000) in paragraph at lines 4423--4424

 []

[96] [97]
Underfull \hbox (badness 10000) in paragraph at lines 4472--4473

 []


Underfull \hbox (badness 10000) in paragraph at lines 4477--4479

 []


Underfull \hbox (badness 10000) in paragraph at lines 4513--4514

 []

[98]

pdfTeX warning: pdflatex (file ./chef-hat.pdf): PDF inclusion: found PDF versio
n <1.7>, but at most version <1.5> allowed
<chef-hat.pdf, id=1726, 291.26736pt x 239.97455pt>
File: chef-hat.pdf Graphic file (type pdf)
<use chef-hat.pdf>
Package pdftex.def Info: chef-hat.pdf  used on input line 4518.
(pdftex.def)             Requested size: 189.32153pt x 155.9816pt.

Underfull \hbox (badness 10000) in paragraph at lines 4525--4527

 []


Underfull \hbox (badness 10000) in paragraph at lines 4525--4527

 []


Underfull \hbox (badness 10000) in paragraph at lines 4538--4539

 []


Underfull \hbox (badness 10000) in paragraph at lines 4538--4539

 []


Underfull \hbox (badness 10000) in paragraph at lines 4538--4539

 []


Underfull \hbox (badness 10000) in paragraph at lines 4540--4541

 []

[99 <./chef-hat.pdf>]
Overfull \hbox (6.06918pt too wide) detected at line 4573
[]
 []

[100]
Underfull \hbox (badness 10000) in paragraph at lines 4631--4632

 []


Underfull \hbox (badness 10000) in paragraph at lines 4640--4642

 []


Underfull \hbox (badness 10000) in paragraph at lines 4655--4657

 []

File: chef-hat.pdf Graphic file (type pdf)
<use chef-hat.pdf>
Package pdftex.def Info: chef-hat.pdf  used on input line 4658.
(pdftex.def)             Requested size: 189.32153pt x 155.9816pt.
[101]
Underfull \hbox (badness 10000) in paragraph at lines 4667--4669

 []


Underfull \hbox (badness 10000) in paragraph at lines 4667--4669

 []


Underfull \hbox (badness 10000) in paragraph at lines 4692--4694

 []


Underfull \hbox (badness 10000) in paragraph at lines 4692--4694

 []

[102]
Underfull \hbox (badness 10000) in paragraph at lines 4733--4735

 []


Underfull \hbox (badness 10000) in paragraph at lines 4751--4752

 []

[103]
Underfull \hbox (badness 10000) in paragraph at lines 4811--4813

 []

[104]
Underfull \hbox (badness 10000) in paragraph at lines 4858--4860

 []


Underfull \hbox (badness 10000) in paragraph at lines 4869--4870

 []


Underfull \hbox (badness 10000) in paragraph at lines 4886--4887

 []

[105]
Underfull \hbox (badness 10000) in paragraph at lines 4915--4916

 []

[106]
Underfull \hbox (badness 10000) in paragraph at lines 4959--4960

 []

[107]
Underfull \hbox (badness 10000) in paragraph at lines 5031--5032

 []


Underfull \hbox (badness 10000) in paragraph at lines 5038--5039

 []

[108]
Underfull \hbox (badness 10000) in paragraph at lines 5079--5081

 []


Underfull \hbox (badness 10000) in paragraph at lines 5082--5083

 []


Underfull \hbox (badness 10000) in paragraph at lines 5090--5092

 []

[109]
Chapter 7.

Overfull \hbox (6.45508pt too wide) detected at line 5161
\OML/cmm/m/it/10.95 f[]\OT1/cmr/m/n/10.95 (\OML/cmm/m/it/10.95 t\OT1/cmr/m/n/10
.95 ) = (\OML/cmm/m/it/10.95 Tf\OT1/cmr/m/n/10.95 )[](\OML/cmm/m/it/10.95 t\OT1
/cmr/m/n/10.95 ) = [] [] = [][] + [] [][] (\OML/cmm/m/it/10.95 f\OT1/cmr/m/n/1
0.95 (\OML/cmm/m/it/10.95 s\OT1/cmr/m/n/10.95 )\OML/cmm/m/it/10.95 ; s\OT1/cmr/
m/n/10.95 ) \OML/cmm/m/it/10.95 ds \OT1/cmr/m/n/10.95 = [] + (\OML/cmm/m/it/10
.95 f\OT1/cmr/m/n/10.95 (\OML/cmm/m/it/10.95 t\OT1/cmr/m/n/10.95 )\OML/cmm/m/it
/10.95 ; t\OT1/cmr/m/n/10.95 ) = (\OML/cmm/m/it/10.95 f\OT1/cmr/m/n/10.95 (\OM
L/cmm/m/it/10.95 t\OT1/cmr/m/n/10.95 )\OML/cmm/m/it/10.95 ; t\OT1/cmr/m/n/10.95
 )
 []

[110

]
Underfull \hbox (badness 10000) in paragraph at lines 5187--5189

 []


Underfull \hbox (badness 10000) in paragraph at lines 5187--5189

 []

[111]

pdfTeX warning: pdflatex (file ./retraction.pdf): PDF inclusion: found PDF vers
ion <1.7>, but at most version <1.5> allowed
<retraction.pdf, id=1839, 499.48907pt x 144.71666pt>
File: retraction.pdf Graphic file (type pdf)
<use retraction.pdf>
Package pdftex.def Info: retraction.pdf  used on input line 5240.
(pdftex.def)             Requested size: 399.5918pt x 115.77347pt.
[112 <./retraction.pdf>]

pdfTeX warning: pdflatex (file ./fixpt.pdf): PDF inclusion: found PDF version <
1.7>, but at most version <1.5> allowed
<fixpt.pdf, id=1870, 136.44176pt x 147.36455pt>
File: fixpt.pdf Graphic file (type pdf)
<use fixpt.pdf>
Package pdftex.def Info: fixpt.pdf  used on input line 5279.
(pdftex.def)             Requested size: 122.79643pt x 132.62685pt.

Underfull \hbox (badness 10000) in paragraph at lines 5284--5287

 []

[113 <./fixpt.pdf>]
Underfull \hbox (badness 10000) in paragraph at lines 5300--5301

 []


Underfull \hbox (badness 10000) in paragraph at lines 5310--5311

 []


Underfull \hbox (badness 10000) in paragraph at lines 5333--5335

 []


Underfull \hbox (badness 10000) in paragraph at lines 5341--5343

 []


Underfull \hbox (badness 10000) in paragraph at lines 5347--5349

 []

[114]
Underfull \hbox (badness 10000) in paragraph at lines 5359--5361

 []


Underfull \hbox (badness 10000) in paragraph at lines 5385--5387

 []


Underfull \hbox (badness 10000) in paragraph at lines 5388--5390

 []


Underfull \hbox (badness 10000) in paragraph at lines 5391--5393

 []

[115] [116]
Chapter 8.

Underfull \hbox (badness 10000) in paragraph at lines 5494--5495

 []

[117

]
Underfull \hbox (badness 10000) in paragraph at lines 5510--5512

 []


Overfull \hbox (3.3513pt too wide) in paragraph at lines 5517--5519
\OT1/cmr/m/it/10.95 mor-phic func-tion $[][]$, with as-so-ci-ated $[][]$ on eac
h neigh-bor-hood of $\OML/cmm/m/it/10.95 C[]$ \OT1/cmr/m/it/10.95 solv-ing $[]\
OT1/cmr/m/n/10.95 ([][](\OML/cmm/m/it/10.95 h\OT1/cmr/m/n/10.95 (\OML/cmm/m/it/
10.95 x\OT1/cmr/m/n/10.95 ))) =
 []

[118]
Underfull \hbox (badness 10000) in paragraph at lines 5561--5563

 []

[119]
Underfull \hbox (badness 10000) in paragraph at lines 5578--5580

 []


Overfull \hbox (5.54274pt too wide) detected at line 5597
[]
 []


Underfull \hbox (badness 10000) in paragraph at lines 5607--5608

 []


Underfull \hbox (badness 10000) in paragraph at lines 5615--5617

 []

[120] [121] [122]

pdfTeX warning: pdflatex (file ./MNSN.pdf): PDF inclusion: found PDF version <1
.7>, but at most version <1.5> allowed
<MNSN.pdf, id=1979, 243.09792pt x 203.84456pt>
File: MNSN.pdf Graphic file (type pdf)
<use MNSN.pdf>
Package pdftex.def Info: MNSN.pdf  used on input line 5714.
(pdftex.def)             Requested size: 194.47859pt x 163.07585pt.

Underfull \hbox (badness 10000) in paragraph at lines 5733--5735

 []


Underfull \hbox (badness 10000) in paragraph at lines 5737--5739

 []

[123 <./MNSN.pdf>]
Overfull \hbox (12.99622pt too wide) in paragraph at lines 5766--5768
\OT1/cmr/m/n/10.95 the term $[][](\OML/cmm/m/it/10.95  \OMS/cmsy/m/n/10.95   
\OML/cmm/m/it/10.95 z\OT1/cmr/m/n/10.95 )$ mea-sures the to-tal an-gle of the p
ath $\OML/cmm/m/it/10.95 M[]$ \OT1/cmr/m/n/10.95 wind-ing around $\OML/cmm/m/it
/10.95 z$\OT1/cmr/m/n/10.95 , hence $[] [][](\OML/cmm/m/it/10.95  \OMS/cmsy/m
/n/10.95  
 []


Underfull \hbox (badness 10000) in paragraph at lines 5766--5768

 []


Underfull \hbox (badness 10000) in paragraph at lines 5770--5771

 []


Underfull \hbox (badness 10000) in paragraph at lines 5772--5773

 []


Underfull \hbox (badness 10000) in paragraph at lines 5774--5775

 []



pdfTeX warning: pdflatex (file ./winding.pdf): PDF inclusion: found PDF version
 <1.7>, but at most version <1.5> allowed
<winding.pdf, id=2020, 412.50911pt x 163.21275pt>
File: winding.pdf Graphic file (type pdf)
<use winding.pdf>
Package pdftex.def Info: winding.pdf  used on input line 5779.
(pdftex.def)             Requested size: 268.12775pt x 106.08702pt.

Underfull \hbox (badness 10000) in paragraph at lines 5799--5800

 []


Underfull \hbox (badness 10000) in paragraph at lines 5801--5804

 []

[124 <./winding.pdf>] [125]
Chapter 9.

Underfull \hbox (badness 10000) in paragraph at lines 5816--5819

 []


Underfull \hbox (badness 10000) in paragraph at lines 5836--5838

 []


Underfull \hbox (badness 10000) in paragraph at lines 5849--5851

 []

[126

]
Underfull \hbox (badness 10000) in paragraph at lines 5874--5875

 []


Underfull \hbox (badness 10000) in paragraph at lines 5876--5879

 []


Underfull \hbox (badness 10000) in paragraph at lines 5886--5888

 []


Underfull \hbox (badness 10000) in paragraph at lines 5889--5890

 []


Underfull \hbox (badness 10000) in paragraph at lines 5896--5897

 []


Underfull \hbox (badness 10000) in paragraph at lines 5905--5906

 []


Underfull \hbox (badness 10000) in paragraph at lines 5914--5916

 []

[127]
Underfull \hbox (badness 10000) in paragraph at lines 5923--5925

 []


Underfull \hbox (badness 10000) in paragraph at lines 5926--5927

 []


Underfull \hbox (badness 10000) in paragraph at lines 5928--5929

 []


Underfull \hbox (badness 10000) in paragraph at lines 5935--5936

 []


Underfull \hbox (badness 10000) in paragraph at lines 5940--5942

 []


Underfull \hbox (badness 10000) in paragraph at lines 5943--5944

 []


Underfull \hbox (badness 10000) in paragraph at lines 5952--5954

 []


Underfull \hbox (badness 10000) in paragraph at lines 5955--5956

 []


Underfull \hbox (badness 10000) in paragraph at lines 5957--5961

 []


Underfull \hbox (badness 10000) in paragraph at lines 5962--5963

 []

[128] [129]
Overfull \hbox (16.23984pt too wide) detected at line 6022
[]
 []


Underfull \hbox (badness 10000) in paragraph at lines 6034--6035

 []


Underfull \hbox (badness 10000) in paragraph at lines 6048--6049

 []


Underfull \hbox (badness 10000) in paragraph at lines 6053--6057

 []


Underfull \hbox (badness 10000) in paragraph at lines 6053--6057

 []


Underfull \hbox (badness 10000) in paragraph at lines 6053--6057

 []


Overfull \hbox (6.99266pt too wide) detected at line 6063
[]
 []

[130]
Underfull \hbox (badness 10000) in paragraph at lines 6075--6076

 []


Underfull \hbox (badness 10000) in paragraph at lines 6081--6083

 []


Underfull \hbox (badness 10000) in paragraph at lines 6084--6085

 []


Underfull \hbox (badness 10000) in paragraph at lines 6091--6093

 []


Underfull \hbox (badness 10000) in paragraph at lines 6120--6122

 []

[131]
Underfull \hbox (badness 10000) in paragraph at lines 6153--6155

 []


Underfull \hbox (badness 10000) in paragraph at lines 6163--6165

 []


Underfull \hbox (badness 10000) in paragraph at lines 6173--6177

 []

[132] [133]
Underfull \hbox (badness 10000) in paragraph at lines 6196--6197

 []


Underfull \hbox (badness 10000) in paragraph at lines 6201--6203

 []


Underfull \hbox (badness 10000) in paragraph at lines 6212--6214

 []


Underfull \hbox (badness 10000) in paragraph at lines 6220--6221

 []


Underfull \hbox (badness 10000) in paragraph at lines 6223--6224

 []


Underfull \hbox (badness 10000) in paragraph at lines 6225--6226

 []


Underfull \hbox (badness 10000) in paragraph at lines 6229--6231

 []


Underfull \hbox (badness 10000) in paragraph at lines 6244--6245

 []


Overfull \hbox (19.36414pt too wide) in paragraph at lines 6246--6249
\OT1/cmr/m/n/10.95 that the two ap-proaches match, one can show that $[]([]) = 
\OMS/cmsy/m/n/10.95 f\OML/cmm/m/it/10.95 ! \OMS/cmsy/m/n/10.95 2 \OT1/cmr/m/n/1
0.95 
[](\OML/cmm/m/it/10.95 U\OT1/cmr/m/n/10.95 ) \OMS/cmsy/m/n/10.95 j \OML/cmm/m/i
t/10.95 M[]!\OMS/cmsy/m/n/10.95 g$\OT1/cmr/m/n/10.95 .
 []


Overfull \hbox (30.25671pt too wide) in paragraph at lines 6254--6259
\OT1/cmr/m/n/10.95 with $\OML/cmm/m/it/10.95 s \OT1/cmr/m/n/10.95 = [](\OML/cmm
/m/it/10.95 M\OT1/cmr/m/n/10.95 )$. here $\OML/cmm/m/it/10.95 d[] \OMS/cmsy/m/n
/10.95  \OML/cmm/m/it/10.95 d[] \OT1/cmr/m/n/10.95 = 0$, $\OML/cmm/m/it/10.95 
Cl[]\OT1/cmr/m/n/10.95 (\OML/cmm/m/it/10.95 M\OT1/cmr/m/n/10.95 ) = [](\OML/cmm
/m/it/10.95 d[]\OT1/cmr/m/n/10.95 ) \OML/cmm/m/it/10.95 E[]\OT1/cmr/m/n/10.95 (
\OML/cmm/m/it/10.95 M\OT1/cmr/m/n/10.95 ) = [](\OML/cmm/m/it/10.95 d[]\OT1/cmr/
m/n/10.95 ) \OMS/cmsy/m/n/10.95  \OML/cmm/m/it/10.95 Cl[]\OT1/cmr/m/n/10.95 (\
OML/cmm/m/it/10.95 M\OT1/cmr/m/n/10.95 ) \OML/cmm/m/it/10.95 H[]\OT1/cmr/m/n/10
.95 (\OML/cmm/m/it/10.95 M\OT1/cmr/m/n/10.95 ) =
 []

[134]
Underfull \hbox (badness 10000) in paragraph at lines 6293--6295

 []


Underfull \hbox (badness 10000) in paragraph at lines 6296--6298

 []


Underfull \hbox (badness 10000) in paragraph at lines 6315--6316

 []


Underfull \hbox (badness 10000) in paragraph at lines 6317--6318

 []


Underfull \hbox (badness 10000) in paragraph at lines 6322--6324

 []


Underfull \hbox (badness 10000) in paragraph at lines 6325--6326

 []

[135]
Underfull \hbox (badness 10000) in paragraph at lines 6332--6334

 []


Underfull \hbox (badness 10000) in paragraph at lines 6336--6340

 []


Underfull \hbox (badness 10000) in paragraph at lines 6347--6348

 []


Underfull \hbox (badness 10000) in paragraph at lines 6387--6388

 []

[136]
Overfull \hbox (66.59042pt too wide) detected at line 6396
[][] \OML/cmm/m/it/10.95 f \OT1/cmr/m/n/10.95 \OML/cmm/m/it/10.95 g \OT1/cmr/m
/n/10.95 = [][] \OML/cmm/m/it/10.95 f \OMS/cmsy/m/n/10.95  \OT1/cmr/m/n/10.95 
\OML/cmm/m/it/10.95 g \OT1/cmr/m/n/10.95 = [][] \OML/cmm/m/it/10.95 fd \OMS/cm
sy/m/n/10.95  \OML/cmm/m/it/10.95 dg \OT1/cmr/m/n/10.95 = [][] \OML/cmm/m/it/1
0.95 d\OT1/cmr/m/n/10.95 (\OML/cmm/m/it/10.95 f \OMS/cmsy/m/n/10.95 ^ \OML/cmm
/m/it/10.95 dg\OT1/cmr/m/n/10.95 ) \OMS/cmsy/m/n/10.95   \OML/cmm/m/it/10.95 df
 \OMS/cmsy/m/n/10.95 ^ \OML/cmm/m/it/10.95 dg \OT1/cmr/m/n/10.95 = [][] \OML/c
mm/m/it/10.95 f \OMS/cmsy/m/n/10.95 ^ \OML/cmm/m/it/10.95 dg \OMS/cmsy/m/n/10.
95   [][] \OML/cmm/m/it/10.95 df \OMS/cmsy/m/n/10.95 ^ \OML/cmm/m/it/10.95 dg 
\OT1/cmr/m/n/10.95 = [][] \OML/cmm/m/it/10.95 f \OMS/cmsy/m/n/10.95 ^ \OML/cmm
/m/it/10.95 dg \OMS/cmsy/m/n/10.95   [][] []
 []


Underfull \hbox (badness 10000) in paragraph at lines 6414--6416

 []


Overfull \hbox (14.32175pt too wide) detected at line 6421
[]
 []


Underfull \hbox (badness 10000) in paragraph at lines 6434--6438

 []

[137] [138] (Math396ClassNotes.aux)
Package rerunfilecheck Info: File `Math396ClassNotes.out' has not changed.
(rerunfilecheck)             Checksum: C9BA021E21130AF7850319D26ED35E95;3488.
 ) 
Here is how much of TeX's memory you used:
 10533 strings out of 479697
 153464 string characters out of 2868082
 490122 words of memory out of 3000000
 26553 multiletter control sequences out of 15000+200000
 422976 words of font info for 105 fonts, out of 3000000 for 9000
 1141 hyphenation exceptions out of 8191
 78i,24n,85p,1935b,461s stack positions out of 5000i,500n,10000p,200000b,50000s
<C:/Users/Cat/AppData/Local/Programs/MiKTeX/fonts/type1/public/amsfonts/cm/cm
bx10.pfb><C:/Users/Cat/AppData/Local/Programs/MiKTeX/fonts/type1/public/amsfont
s/cm/cmbx12.pfb><C:/Users/Cat/AppData/Local/Programs/MiKTeX/fonts/type1/public/
amsfonts/cm/cmbxti10.pfb><C:/Users/Cat/AppData/Local/Programs/MiKTeX/fonts/type
1/public/amsfonts/cm/cmex10.pfb><C:/Users/Cat/AppData/Local/Programs/MiKTeX/fon
ts/type1/public/amsfonts/cmextra/cmex8.pfb><C:/Users/Cat/AppData/Local/Programs
/MiKTeX/fonts/type1/public/amsfonts/cmextra/cmex9.pfb><C:/Users/Cat/AppData/Loc
al/Programs/MiKTeX/fonts/type1/public/amsfonts/cm/cmmi10.pfb><C:/Users/Cat/AppD
ata/Local/Programs/MiKTeX/fonts/type1/public/amsfonts/cm/cmmi5.pfb><C:/Users/Ca
t/AppData/Local/Programs/MiKTeX/fonts/type1/public/amsfonts/cm/cmmi6.pfb><C:/Us
ers/Cat/AppData/Local/Programs/MiKTeX/fonts/type1/public/amsfonts/cm/cmmi8.pfb>
<C:/Users/Cat/AppData/Local/Programs/MiKTeX/fonts/type1/public/amsfonts/cm/cmmi
9.pfb><C:/Users/Cat/AppData/Local/Programs/MiKTeX/fonts/type1/public/amsfonts/c
m/cmr10.pfb><C:/Users/Cat/AppData/Local/Programs/MiKTeX/fonts/type1/public/amsf
onts/cm/cmr12.pfb><C:/Users/Cat/AppData/Local/Programs/MiKTeX/fonts/type1/publi
c/amsfonts/cm/cmr17.pfb><C:/Users/Cat/AppData/Local/Programs/MiKTeX/fonts/type1
/public/amsfonts/cm/cmr6.pfb><C:/Users/Cat/AppData/Local/Programs/MiKTeX/fonts/
type1/public/amsfonts/cm/cmr8.pfb><C:/Users/Cat/AppData/Local/Programs/MiKTeX/f
onts/type1/public/amsfonts/cm/cmr9.pfb><C:/Users/Cat/AppData/Local/Programs/MiK
TeX/fonts/type1/public/amsfonts/cm/cmsl10.pfb><C:/Users/Cat/AppData/Local/Progr
ams/MiKTeX/fonts/type1/public/amsfonts/cm/cmsy10.pfb><C:/Users/Cat/AppData/Loca
l/Programs/MiKTeX/fonts/type1/public/amsfonts/cm/cmsy6.pfb><C:/Users/Cat/AppDat
a/Local/Programs/MiKTeX/fonts/type1/public/amsfonts/cm/cmsy8.pfb><C:/Users/Cat/
AppData/Local/Programs/MiKTeX/fonts/type1/public/amsfonts/cm/cmsy9.pfb><C:/User
s/Cat/AppData/Local/Programs/MiKTeX/fonts/type1/public/amsfonts/cm/cmti10.pfb><
C:/Users/Cat/AppData/Local/Programs/MiKTeX/fonts/type1/public/amsfonts/cm/cmti8
.pfb><C:/Users/Cat/AppData/Local/Programs/MiKTeX/fonts/type1/public/amsfonts/sy
mbols/msbm10.pfb><C:/Users/Cat/AppData/Local/Programs/MiKTeX/fonts/type1/public
/amsfonts/symbols/msbm7.pfb><C:/Users/Cat/AppData/Local/Programs/MiKTeX/fonts/t
ype1/public/rsfs/rsfs10.pfb>
Output written on Math396ClassNotes.pdf (139 pages, 11222000 bytes).
PDF statistics:
 2407 PDF objects out of 2487 (max. 8388607)
 842 named destinations out of 1000 (max. 500000)
 564 words of extra memory for PDF output out of 10000 (max. 10000000)

