\BOOKMARK [0][-]{chapter.1}{The Algebra and Topology}{}% 1
\BOOKMARK [1][-]{section.1.1}{Functions and Sets}{chapter.1}% 2
\BOOKMARK [1][-]{section.1.2}{Affine Sets}{chapter.1}% 3
\BOOKMARK [1][-]{section.1.3}{Metric Spaces}{chapter.1}% 4
\BOOKMARK [1][-]{section.1.4}{Connectivity and Continuity}{chapter.1}% 5
\BOOKMARK [0][-]{chapter.2}{Multivariate Differentiation}{}% 6
\BOOKMARK [1][-]{section.2.5}{Differentiability}{chapter.2}% 7
\BOOKMARK [1][-]{section.2.6}{Continuous Differentiable Functions}{chapter.2}% 8
\BOOKMARK [1][-]{section.2.7}{Homeomorphism and Diffeomorphism}{chapter.2}% 9
\BOOKMARK [1][-]{section.2.8}{Implicit Function Theorem}{chapter.2}% 10
\BOOKMARK [1][-]{section.2.9}{Optimization}{chapter.2}% 11
\BOOKMARK [0][-]{chapter.3}{Multivariate Integration}{}% 12
\BOOKMARK [1][-]{section.3.10}{Integrating Over a Box}{chapter.3}% 13
\BOOKMARK [1][-]{section.3.11}{Integrating Over a Bounded Set}{chapter.3}% 14
\BOOKMARK [1][-]{section.3.12}{Extended Riemann Integral}{chapter.3}% 15
\BOOKMARK [1][-]{section.3.13}{Change of Variables}{chapter.3}% 16
\BOOKMARK [1][-]{section.3.14}{Volume of Parallelopipeds}{chapter.3}% 17
\BOOKMARK [0][-]{chapter.4}{Manifolds}{}% 18
\BOOKMARK [1][-]{section.4.15}{Parametrized Manifolds}{chapter.4}% 19
\BOOKMARK [1][-]{section.4.16}{Manifolds without Boundaries}{chapter.4}% 20
\BOOKMARK [1][-]{section.4.17}{Manifolds which might have Boundaries}{chapter.4}% 21
\BOOKMARK [1][-]{section.4.18}{One-forms and Pullbacks}{chapter.4}% 22
\BOOKMARK [1][-]{section.4.19}{Integration of One-forms on Manifolds}{chapter.4}% 23
\BOOKMARK [1][-]{section.4.20}{Math 396}{chapter.4}% 24
