This is pdfTeX, Version 3.14159265-2.6-1.40.21 (MiKTeX 20.12) (preloaded format=pdflatex 2020.12.25)  27 APR 2022 02:24
entering extended mode
**./Physics401note.tex
(Physics401note.tex
LaTeX2e <2020-10-01> patch level 2
L3 programming layer <2020-12-07> xparse <2020-03-03>
(C:\Users\Cat\AppData\Local\Programs\MiKTeX\tex/latex/base\book.cls
Document Class: book 2020/04/10 v1.4m Standard LaTeX document class
(C:\Users\Cat\AppData\Local\Programs\MiKTeX\tex/latex/base\bk11.clo
File: bk11.clo 2020/04/10 v1.4m Standard LaTeX file (size option)
)
\c@part=\count177
\c@chapter=\count178
\c@section=\count179
\c@subsection=\count180
\c@subsubsection=\count181
\c@paragraph=\count182
\c@subparagraph=\count183
\c@figure=\count184
\c@table=\count185
\abovecaptionskip=\skip47
\belowcaptionskip=\skip48
\bibindent=\dimen138
)
(C:\Users\Cat\AppData\Local\Programs\MiKTeX\tex/latex/xcolor\xcolor.sty
Package: xcolor 2016/05/11 v2.12 LaTeX color extensions (UK)

(C:\Users\Cat\AppData\Local\Programs\MiKTeX\tex/latex/graphics-cfg\color.cfg
File: color.cfg 2016/01/02 v1.6 sample color configuration
)
Package xcolor Info: Driver file: pdftex.def on input line 225.

(C:\Users\Cat\AppData\Local\Programs\MiKTeX\tex/latex/graphics-def\pdftex.def
File: pdftex.def 2020/10/05 v1.2a Graphics/color driver for pdftex
)
Package xcolor Info: Model `cmy' substituted by `cmy0' on input line 1348.
Package xcolor Info: Model `hsb' substituted by `rgb' on input line 1352.
Package xcolor Info: Model `RGB' extended on input line 1364.
Package xcolor Info: Model `HTML' substituted by `rgb' on input line 1366.
Package xcolor Info: Model `Hsb' substituted by `hsb' on input line 1367.
Package xcolor Info: Model `tHsb' substituted by `hsb' on input line 1368.
Package xcolor Info: Model `HSB' substituted by `hsb' on input line 1369.
Package xcolor Info: Model `Gray' substituted by `gray' on input line 1370.
Package xcolor Info: Model `wave' substituted by `hsb' on input line 1371.
) (C:\Users\Cat\AppData\Local\Programs\MiKTeX\tex/latex/mathtools\mathtools.sty
Package: mathtools 2020/03/24 v1.24 mathematical typesetting tools

(C:\Users\Cat\AppData\Local\Programs\MiKTeX\tex/latex/graphics\keyval.sty
Package: keyval 2014/10/28 v1.15 key=value parser (DPC)
\KV@toks@=\toks15
)
(C:\Users\Cat\AppData\Local\Programs\MiKTeX\tex/latex/tools\calc.sty
Package: calc 2017/05/25 v4.3 Infix arithmetic (KKT,FJ)
\calc@Acount=\count186
\calc@Bcount=\count187
\calc@Adimen=\dimen139
\calc@Bdimen=\dimen140
\calc@Askip=\skip49
\calc@Bskip=\skip50
LaTeX Info: Redefining \setlength on input line 80.
LaTeX Info: Redefining \addtolength on input line 81.
\calc@Ccount=\count188
\calc@Cskip=\skip51
)
(C:\Users\Cat\AppData\Local\Programs\MiKTeX\tex/latex/mathtools\mhsetup.sty
Package: mhsetup 2017/03/31 v1.3 programming setup (MH)
)
(C:\Users\Cat\AppData\Local\Programs\MiKTeX\tex/latex/amsmath\amsmath.sty
Package: amsmath 2020/09/23 v2.17i AMS math features
\@mathmargin=\skip52

For additional information on amsmath, use the `?' option.
(C:\Users\Cat\AppData\Local\Programs\MiKTeX\tex/latex/amsmath\amstext.sty
Package: amstext 2000/06/29 v2.01 AMS text

(C:\Users\Cat\AppData\Local\Programs\MiKTeX\tex/latex/amsmath\amsgen.sty
File: amsgen.sty 1999/11/30 v2.0 generic functions
\@emptytoks=\toks16
\ex@=\dimen141
))
(C:\Users\Cat\AppData\Local\Programs\MiKTeX\tex/latex/amsmath\amsbsy.sty
Package: amsbsy 1999/11/29 v1.2d Bold Symbols
\pmbraise@=\dimen142
)
(C:\Users\Cat\AppData\Local\Programs\MiKTeX\tex/latex/amsmath\amsopn.sty
Package: amsopn 2016/03/08 v2.02 operator names
)
\inf@bad=\count189
LaTeX Info: Redefining \frac on input line 234.
\uproot@=\count190
\leftroot@=\count191
LaTeX Info: Redefining \overline on input line 399.
\classnum@=\count192
\DOTSCASE@=\count193
LaTeX Info: Redefining \ldots on input line 496.
LaTeX Info: Redefining \dots on input line 499.
LaTeX Info: Redefining \cdots on input line 620.
\Mathstrutbox@=\box47
\strutbox@=\box48
\big@size=\dimen143
LaTeX Font Info:    Redeclaring font encoding OML on input line 743.
LaTeX Font Info:    Redeclaring font encoding OMS on input line 744.
\macc@depth=\count194
\c@MaxMatrixCols=\count195
\dotsspace@=\muskip16
\c@parentequation=\count196
\dspbrk@lvl=\count197
\tag@help=\toks17
\row@=\count198
\column@=\count199
\maxfields@=\count266
\andhelp@=\toks18
\eqnshift@=\dimen144
\alignsep@=\dimen145
\tagshift@=\dimen146
\tagwidth@=\dimen147
\totwidth@=\dimen148
\lineht@=\dimen149
\@envbody=\toks19
\multlinegap=\skip53
\multlinetaggap=\skip54
\mathdisplay@stack=\toks20
LaTeX Info: Redefining \[ on input line 2923.
LaTeX Info: Redefining \] on input line 2924.
)
LaTeX Info: Thecontrolsequence`\('isalreadyrobust on input line 130.
LaTeX Info: Thecontrolsequence`\)'isalreadyrobust on input line 130.
LaTeX Info: Thecontrolsequence`\['isalreadyrobust on input line 130.
LaTeX Info: Thecontrolsequence`\]'isalreadyrobust on input line 130.
\g_MT_multlinerow_int=\count267
\l_MT_multwidth_dim=\dimen150
\origjot=\skip55
\l_MT_shortvdotswithinadjustabove_dim=\dimen151
\l_MT_shortvdotswithinadjustbelow_dim=\dimen152
\l_MT_above_intertext_sep=\dimen153
\l_MT_below_intertext_sep=\dimen154
\l_MT_above_shortintertext_sep=\dimen155
\l_MT_below_shortintertext_sep=\dimen156
\xmathstrut@box=\box49
\xmathstrut@dim=\dimen157
)
(C:\Users\Cat\AppData\Local\Programs\MiKTeX\tex/latex/geometry\geometry.sty
Package: geometry 2020/01/02 v5.9 Page Geometry

(C:\Users\Cat\AppData\Local\Programs\MiKTeX\tex/generic/iftex\ifvtex.sty
Package: ifvtex 2019/10/25 v1.7 ifvtex legacy package. Use iftex instead.

(C:\Users\Cat\AppData\Local\Programs\MiKTeX\tex/generic/iftex\iftex.sty
Package: iftex 2020/03/06 v1.0d TeX engine tests
))
\Gm@cnth=\count268
\Gm@cntv=\count269
\c@Gm@tempcnt=\count270
\Gm@bindingoffset=\dimen158
\Gm@wd@mp=\dimen159
\Gm@odd@mp=\dimen160
\Gm@even@mp=\dimen161
\Gm@layoutwidth=\dimen162
\Gm@layoutheight=\dimen163
\Gm@layouthoffset=\dimen164
\Gm@layoutvoffset=\dimen165
\Gm@dimlist=\toks21

(C:\Users\Cat\AppData\Local\Programs\MiKTeX\tex/latex/geometry\geometry.cfg))
(C:\Users\Cat\AppData\Local\Programs\MiKTeX\tex/latex/amsfonts\amssymb.sty
Package: amssymb 2013/01/14 v3.01 AMS font symbols

(C:\Users\Cat\AppData\Local\Programs\MiKTeX\tex/latex/amsfonts\amsfonts.sty
Package: amsfonts 2013/01/14 v3.01 Basic AMSFonts support
\symAMSa=\mathgroup4
\symAMSb=\mathgroup5
LaTeX Font Info:    Redeclaring math symbol \hbar on input line 98.
LaTeX Font Info:    Overwriting math alphabet `\mathfrak' in version `bold'
(Font)                  U/euf/m/n --> U/euf/b/n on input line 106.
))
(C:\Users\Cat\AppData\Local\Programs\MiKTeX\tex/latex/paralist\paralist.sty
Package: paralist 2017/01/22 v2.7 Extended list environments
\pltopsep=\skip56
\plpartopsep=\skip57
\plitemsep=\skip58
\plparsep=\skip59
\pl@lab=\toks22
)
(C:\Users\Cat\AppData\Local\Programs\MiKTeX\tex/latex/rsfso\rsfso.sty
Package: rsfso 2013/11/02 v1.01 U/rsfso (Michael Sharpe)

(C:\Users\Cat\AppData\Local\Programs\MiKTeX\tex/latex/xkeyval\xkeyval.sty
Package: xkeyval 2020/11/20 v2.8 package option processing (HA)

(C:\Users\Cat\AppData\Local\Programs\MiKTeX\tex/generic/xkeyval\xkeyval.tex
(C:\Users\Cat\AppData\Local\Programs\MiKTeX\tex/generic/xkeyval\xkvutils.tex
\XKV@toks=\toks23
\XKV@tempa@toks=\toks24
)
\XKV@depth=\count271
File: xkeyval.tex 2014/12/03 v2.7a key=value parser (HA)
))
LaTeX Font Info:    Redeclaring math alphabet \mathcal on input line 12.
) (C:\Users\Cat\AppData\Local\Programs\MiKTeX\tex/latex/amscls\amsthm.sty
Package: amsthm 2020/05/29 v2.20.6
\thm@style=\toks25
\thm@bodyfont=\toks26
\thm@headfont=\toks27
\thm@notefont=\toks28
\thm@headpunct=\toks29
\thm@preskip=\skip60
\thm@postskip=\skip61
\thm@headsep=\skip62
\dth@everypar=\toks30
)
(C:\Users\Cat\AppData\Local\Programs\MiKTeX\tex/latex/enumitem\enumitem.sty
Package: enumitem 2019/06/20 v3.9 Customized lists
\labelindent=\skip63
\enit@outerparindent=\dimen166
\enit@toks=\toks31
\enit@inbox=\box50
\enit@count@id=\count272
\enitdp@description=\count273
)
\c@axiom=\count274
\c@thm=\count275
\c@lem=\count276
\c@corL=\count277
\c@defn=\count278

(C:\Users\Cat\AppData\Local\Programs\MiKTeX\tex/latex/l3backend\l3backend-pdfte
x.def
File: l3backend-pdftex.def 2020-09-24 L3 backend support: PDF output (pdfTeX)
\l__kernel_color_stack_int=\count279
\l__pdf_internal_box=\box51
) (Physics401note.aux)
\openout1 = `Physics401note.aux'.

LaTeX Font Info:    Checking defaults for OML/cmm/m/it on input line 83.
LaTeX Font Info:    ... okay on input line 83.
LaTeX Font Info:    Checking defaults for OMS/cmsy/m/n on input line 83.
LaTeX Font Info:    ... okay on input line 83.
LaTeX Font Info:    Checking defaults for OT1/cmr/m/n on input line 83.
LaTeX Font Info:    ... okay on input line 83.
LaTeX Font Info:    Checking defaults for T1/cmr/m/n on input line 83.
LaTeX Font Info:    ... okay on input line 83.
LaTeX Font Info:    Checking defaults for TS1/cmr/m/n on input line 83.
LaTeX Font Info:    ... okay on input line 83.
LaTeX Font Info:    Checking defaults for OMX/cmex/m/n on input line 83.
LaTeX Font Info:    ... okay on input line 83.
LaTeX Font Info:    Checking defaults for U/cmr/m/n on input line 83.
LaTeX Font Info:    ... okay on input line 83.

(C:\Users\Cat\AppData\Local\Programs\MiKTeX\tex/context/base/mkii\supp-pdf.mkii
[Loading MPS to PDF converter (version 2006.09.02).]
\scratchcounter=\count280
\scratchdimen=\dimen167
\scratchbox=\box52
\nofMPsegments=\count281
\nofMParguments=\count282
\everyMPshowfont=\toks32
\MPscratchCnt=\count283
\MPscratchDim=\dimen168
\MPnumerator=\count284
\makeMPintoPDFobject=\count285
\everyMPtoPDFconversion=\toks33
) (C:\Users\Cat\AppData\Local\Programs\MiKTeX\tex/latex/graphics\graphicx.sty
Package: graphicx 2020/09/09 v1.2b Enhanced LaTeX Graphics (DPC,SPQR)

(C:\Users\Cat\AppData\Local\Programs\MiKTeX\tex/latex/graphics\graphics.sty
Package: graphics 2020/08/30 v1.4c Standard LaTeX Graphics (DPC,SPQR)

(C:\Users\Cat\AppData\Local\Programs\MiKTeX\tex/latex/graphics\trig.sty
Package: trig 2016/01/03 v1.10 sin cos tan (DPC)
)
(C:\Users\Cat\AppData\Local\Programs\MiKTeX\tex/latex/graphics-cfg\graphics.cfg
File: graphics.cfg 2016/06/04 v1.11 sample graphics configuration
)
Package graphics Info: Driver file: pdftex.def on input line 105.
)
\Gin@req@height=\dimen169
\Gin@req@width=\dimen170
)
*geometry* driver: auto-detecting
*geometry* detected driver: pdftex
*geometry* verbose mode - [ preamble ] result:
* driver: pdftex
* paper: legalpaper
* layout: <same size as paper>
* layoutoffset:(h,v)=(0.0pt,0.0pt)
* modes: 
* h-part:(L,W,R)=(72.26999pt, 469.75502pt, 72.26999pt)
* v-part:(T,H,B)=(72.26999pt, 867.24002pt, 72.26999pt)
* \paperwidth=614.295pt
* \paperheight=1011.78pt
* \textwidth=469.75502pt
* \textheight=867.24002pt
* \oddsidemargin=0.0pt
* \evensidemargin=0.0pt
* \topmargin=-31.8738pt
* \headheight=12.0pt
* \headsep=19.8738pt
* \topskip=11.0pt
* \footskip=27.46295pt
* \marginparwidth=62.0pt
* \marginparsep=7.0pt
* \columnsep=10.0pt
* \skip\footins=10.0pt plus 4.0pt minus 2.0pt
* \hoffset=0.0pt
* \voffset=0.0pt
* \mag=1000
* \@twocolumnfalse
* \@twosidefalse
* \@mparswitchfalse
* \@reversemarginfalse
* (1in=72.27pt=25.4mm, 1cm=28.453pt)



pdfTeX warning: pdflatex (file ./hmm.pdf): PDF inclusion: found PDF version <1.
7>, but at most version <1.5> allowed
<hmm.pdf, id=1, 221.36029pt x 224.36021pt>
File: hmm.pdf Graphic file (type pdf)
<use hmm.pdf>
Package pdftex.def Info: hmm.pdf  used on input line 99.
(pdftex.def)             Requested size: 177.08846pt x 179.4884pt.
[1


{C:/Users/Cat/AppData/Local/MiKTeX/pdftex/config/pdftex.map} <./hmm.pdf>]
(Physics401note.toc
LaTeX Font Info:    Trying to load font information for U+msa on input line 3.

(C:\Users\Cat\AppData\Local\Programs\MiKTeX\tex/latex/amsfonts\umsa.fd
File: umsa.fd 2013/01/14 v3.01 AMS symbols A
)
LaTeX Font Info:    Trying to load font information for U+msb on input line 3.

(C:\Users\Cat\AppData\Local\Programs\MiKTeX\tex/latex/amsfonts\umsb.fd
File: umsb.fd 2013/01/14 v3.01 AMS symbols B
))
\tf@toc=\write3
\openout3 = `Physics401note.toc'.


[1

]
Chapter 1.

Underfull \hbox (badness 10000) in paragraph at lines 118--119

 []


Underfull \hbox (badness 10000) in paragraph at lines 120--121

 []


Underfull \hbox (badness 10000) in paragraph at lines 122--123

 []


Underfull \hbox (badness 10000) in paragraph at lines 141--142

 []

<thetaAndPhi.png, id=39, 267.24844pt x 228.855pt>
File: thetaAndPhi.png Graphic file (type png)
<use thetaAndPhi.png>
Package pdftex.def Info: thetaAndPhi.png  used on input line 143.
(pdftex.def)             Requested size: 133.62389pt x 114.42722pt.

Underfull \hbox (badness 10000) in paragraph at lines 151--153

 []

[2

 <./thetaAndPhi.png>]
Underfull \hbox (badness 10000) in paragraph at lines 169--171

 []


Underfull \hbox (badness 10000) in paragraph at lines 188--189

 []


Underfull \hbox (badness 10000) in paragraph at lines 194--196

 []


Underfull \hbox (badness 10000) in paragraph at lines 198--200

 []

[3]
Underfull \hbox (badness 10000) in paragraph at lines 204--208

 []


Underfull \hbox (badness 10000) in paragraph at lines 232--236

 []


Underfull \hbox (badness 10000) in paragraph at lines 238--241

 []


Underfull \hbox (badness 10000) in paragraph at lines 247--248

 []

[4]
Underfull \hbox (badness 10000) in paragraph at lines 252--253

 []

[5]
Underfull \hbox (badness 10000) in paragraph at lines 262--264

 []


Overfull \hbox (5.23495pt too wide) detected at line 274
[]
 []


Overfull \hbox (19.60681pt too wide) detected at line 288
[]
 []


Underfull \hbox (badness 10000) in paragraph at lines 288--290

 []

LaTeX Font Info:    Trying to load font information for U+rsfso on input line 2
94.
(C:\Users\Cat\AppData\Local\Programs\MiKTeX\tex/latex/rsfso\ursfso.fd
File: ursfso.fd 2011/02/13 Fontinst v1.933 font definitions for U/rsfso.
)
LaTeX Font Info:    Font shape `U/rsfso/m/n' will be
(Font)              scaled to size 10.95pt on input line 294.
LaTeX Font Info:    Font shape `U/rsfso/m/n' will be
(Font)              scaled to size 8.0pt on input line 294.
LaTeX Font Info:    Font shape `U/rsfso/m/n' will be
(Font)              scaled to size 6.0pt on input line 294.

Underfull \hbox (badness 10000) in paragraph at lines 292--295

 []

[6]
Underfull \hbox (badness 10000) in paragraph at lines 344--347

 []


Underfull \hbox (badness 10000) in paragraph at lines 351--354

 []

[7]
Chapter 2.

Underfull \hbox (badness 10000) in paragraph at lines 371--372

 []


Underfull \hbox (badness 10000) in paragraph at lines 373--374

 []

[8

]
Underfull \hbox (badness 10000) in paragraph at lines 398--400

 []

[9]
Underfull \hbox (badness 10000) in paragraph at lines 438--440

 []


Underfull \hbox (badness 10000) in paragraph at lines 457--459

 []

[10]
Underfull \hbox (badness 10000) in paragraph at lines 472--475

 []


Underfull \hbox (badness 10000) in paragraph at lines 487--489

 []


Underfull \hbox (badness 10000) in paragraph at lines 499--501

 []

[11]
Underfull \hbox (badness 10000) in paragraph at lines 518--522

 []


Underfull \hbox (badness 10000) in paragraph at lines 542--545

 []

[12]
Underfull \hbox (badness 10000) in paragraph at lines 557--558

 []

[13]
Underfull \hbox (badness 10000) in paragraph at lines 574--576

 []


Underfull \hbox (badness 10000) in paragraph at lines 586--588

 []


Underfull \hbox (badness 10000) in paragraph at lines 590--592

 []

[14]
Underfull \hbox (badness 10000) in paragraph at lines 617--619

 []

[15]
Underfull \hbox (badness 10000) in paragraph at lines 670--672

 []


Underfull \hbox (badness 10000) in paragraph at lines 679--680

 []


Underfull \hbox (badness 10000) in paragraph at lines 693--695

 []


Underfull \hbox (badness 10000) in paragraph at lines 720--722

 []

[16]
Underfull \hbox (badness 10000) in paragraph at lines 728--731

 []


Underfull \hbox (badness 10000) in paragraph at lines 742--744

 []

[17] [18]
Underfull \hbox (badness 10000) in paragraph at lines 799--803

 []


Underfull \hbox (badness 10000) in paragraph at lines 805--807

 []


Underfull \hbox (badness 10000) in paragraph at lines 811--813

 []


Overfull \hbox (1.17699pt too wide) detected at line 818
[]
 []

[19]
Underfull \hbox (badness 10000) in paragraph at lines 854--856

 []

[20]
Chapter 3.

Underfull \hbox (badness 10000) in paragraph at lines 879--881

 []


Underfull \hbox (badness 10000) in paragraph at lines 901--903

 []

[21

]
Underfull \hbox (badness 10000) in paragraph at lines 917--919

 []


Underfull \hbox (badness 10000) in paragraph at lines 945--947

 []

[22] [23]
Underfull \hbox (badness 10000) in paragraph at lines 1010--1012

 []


Underfull \hbox (badness 10000) in paragraph at lines 1025--1028

 []


Underfull \hbox (badness 10000) in paragraph at lines 1036--1040

 []


Underfull \hbox (badness 10000) in paragraph at lines 1036--1040

 []


Underfull \hbox (badness 10000) in paragraph at lines 1041--1042

 []

[24]
Underfull \hbox (badness 10000) in paragraph at lines 1058--1062

 []


Underfull \hbox (badness 10000) in paragraph at lines 1058--1062

 []


Underfull \hbox (badness 10000) in paragraph at lines 1058--1062

 []


Underfull \hbox (badness 10000) in paragraph at lines 1073--1075

 []

[25]
Underfull \hbox (badness 10000) in paragraph at lines 1092--1093

 []


Underfull \hbox (badness 10000) in paragraph at lines 1094--1095

 []


Underfull \hbox (badness 10000) in paragraph at lines 1103--1105

 []

[26]
Chapter 4.

Overfull \hbox (2.36201pt too wide) detected at line 1156
[]
 []


Underfull \hbox (badness 10000) in paragraph at lines 1164--1167

 []


Underfull \hbox (badness 10000) in paragraph at lines 1164--1167

 []

[27

]
Underfull \hbox (badness 10000) in paragraph at lines 1202--1204

 []


Underfull \hbox (badness 10000) in paragraph at lines 1205--1206

 []

[28] [29]
Underfull \hbox (badness 10000) in paragraph at lines 1282--1284

 []

[30]
<PE.png, id=149, 881.54344pt x 618.05907pt>
File: PE.png Graphic file (type png)
<use PE.png>
Package pdftex.def Info: PE.png  used on input line 1288.
(pdftex.def)             Requested size: 343.80055pt x 241.04207pt.

Underfull \hbox (badness 10000) in paragraph at lines 1290--1291

 []

<epsilon.png, id=150, 647.41875pt x 707.64375pt>
File: epsilon.png Graphic file (type png)
<use epsilon.png>
Package pdftex.def Info: epsilon.png  used on input line 1294.
(pdftex.def)             Requested size: 420.8172pt x 459.963pt.
[31 <./PE.png> <./epsilon.png>]
Underfull \hbox (badness 10000) in paragraph at lines 1304--1306

 []

<ellipse.png, id=156, 1148.79187pt x 470.50781pt>
File: ellipse.png Graphic file (type png)
<use ellipse.png>
Package pdftex.def Info: ellipse.png  used on input line 1308.
(pdftex.def)             Requested size: 448.02702pt x 183.4973pt.
[32 <./ellipse.png>]
<K2L.png, id=161, 870.25125pt x 358.33875pt>
File: K2L.png Graphic file (type png)
<use K2L.png>
Package pdftex.def Info: K2L.png  used on input line 1328.
(pdftex.def)             Requested size: 435.12456pt x 179.16893pt.

Underfull \hbox (badness 10000) in paragraph at lines 1333--1337

 []


Underfull \hbox (badness 10000) in paragraph at lines 1333--1337

 []

[33 <./K2L.png>]
Underfull \hbox (badness 10000) in paragraph at lines 1359--1361

 []

<OrbitalDynamics.png, id=166, 833.36343pt x 653.44125pt>
File: OrbitalDynamics.png Graphic file (type png)
<use OrbitalDynamics.png>
Package pdftex.def Info: OrbitalDynamics.png  used on input line 1363.
(pdftex.def)             Requested size: 400.0099pt x 313.64824pt.

Underfull \hbox (badness 10000) in paragraph at lines 1367--1368

 []

[34 <./OrbitalDynamics.png>]
Underfull \hbox (badness 10000) in paragraph at lines 1401--1403

 []

[35]
Chapter 5.
[36

]
Underfull \hbox (badness 10000) in paragraph at lines 1479--1481

 []


Underfull \hbox (badness 10000) in paragraph at lines 1494--1496

 []

[37]
Underfull \hbox (badness 10000) in paragraph at lines 1502--1505

 []


Underfull \hbox (badness 10000) in paragraph at lines 1509--1510

 []


Underfull \hbox (badness 10000) in paragraph at lines 1511--1512

 []


Underfull \hbox (badness 10000) in paragraph at lines 1513--1514

 []


Underfull \hbox (badness 10000) in paragraph at lines 1515--1516

 []


Underfull \hbox (badness 10000) in paragraph at lines 1517--1518

 []

<scatter.png, id=181, 554.82281pt x 414.04688pt>
File: scatter.png Graphic file (type png)
<use scatter.png>
Package pdftex.def Info: scatter.png  used on input line 1520.
(pdftex.def)             Requested size: 382.82816pt x 285.69264pt.

Underfull \hbox (badness 10000) in paragraph at lines 1523--1524

 []

[38 <./scatter.png>]
<scatterf&b.png, id=186, 554.82281pt x 283.0575pt>
File: scatterf&b.png Graphic file (type png)
<use scatterf&b.png>
Package pdftex.def Info: scatterf&b.png  used on input line 1526.
(pdftex.def)             Requested size: 382.82816pt x 195.30988pt.

Underfull \hbox (badness 10000) in paragraph at lines 1568--1570

 []


Underfull \hbox (badness 10000) in paragraph at lines 1574--1576

 []

[39 <./scatterf&b.png>]
<restParticle.png, id=191, 1041.8925pt x 481.04718pt>
File: restParticle.png Graphic file (type png)
<use restParticle.png>
Package pdftex.def Info: restParticle.png  used on input line 1579.
(pdftex.def)             Requested size: 364.66785pt x 168.36903pt.

Underfull \hbox (badness 10000) in paragraph at lines 1600--1602

 []

[40 <./restParticle.png>]
Overfull \hbox (7.7072pt too wide) detected at line 1650
[]
 []


Underfull \hbox (badness 10000) in paragraph at lines 1657--1658

 []


Underfull \hbox (badness 10000) in paragraph at lines 1663--1665

 []


Underfull \hbox (badness 10000) in paragraph at lines 1666--1667

 []

[41]
<scatter2.png, id=199, 1185.67969pt x 526.96875pt>
File: scatter2.png Graphic file (type png)
<use scatter2.png>
Package pdftex.def Info: scatter2.png  used on input line 1674.
(pdftex.def)             Requested size: 450.56297pt x 200.2502pt.
<scatter1.png, id=200, 1245.15187pt x 474.27188pt>
File: scatter1.png Graphic file (type png)
<use scatter1.png>
Package pdftex.def Info: scatter1.png  used on input line 1675.
(pdftex.def)             Requested size: 473.16263pt x 180.22519pt.

Overfull \hbox (3.40761pt too wide) in paragraph at lines 1675--1676
 [][] 
 []

<solidAngle.png, id=201, 168.63pt x 155.3805pt>
File: solidAngle.png Graphic file (type png)
<use solidAngle.png>
Package pdftex.def Info: solidAngle.png  used on input line 1679.
(pdftex.def)             Requested size: 126.47218pt x 116.53506pt.

Underfull \hbox (badness 10000) in paragraph at lines 1688--1690

 []

[42 <./scatter2.png> <./scatter1.png> <./solidAngle.png>]
Underfull \hbox (badness 10000) in paragraph at lines 1706--1708

 []

[43] [44]
Chapter 6.

Underfull \hbox (badness 10000) in paragraph at lines 1809--1810

 []

<omega.png, id=214, 363.3575pt x 268.50313pt>
File: omega.png Graphic file (type png)
<use omega.png>
Package pdftex.def Info: omega.png  used on input line 1814.
(pdftex.def)             Requested size: 236.17957pt x 174.52495pt.

Underfull \hbox (badness 10000) in paragraph at lines 1819--1821

 []


Underfull \hbox (badness 10000) in paragraph at lines 1827--1829

 []

[45

 <./omega.png>]
<shaft.png, id=219, 1076.52188pt x 680.5425pt>
File: shaft.png Graphic file (type png)
<use shaft.png>
Package pdftex.def Info: shaft.png  used on input line 1838.
(pdftex.def)             Requested size: 376.7883pt x 238.19344pt.

Underfull \hbox (badness 10000) in paragraph at lines 1841--1842

 []


Underfull \hbox (badness 10000) in paragraph at lines 1843--1844

 []


Underfull \hbox (badness 10000) in paragraph at lines 1854--1856

 []


Underfull \hbox (badness 10000) in paragraph at lines 1854--1856

 []


Underfull \hbox (badness 10000) in paragraph at lines 1854--1856

 []


Underfull \hbox (badness 10000) in paragraph at lines 1858--1859

 []


Underfull \hbox (badness 10000) in paragraph at lines 1860--1861

 []


LaTeX Warning: Command \i invalid in math mode on input line 1864.


LaTeX Warning: Command \i invalid in math mode on input line 1864.


LaTeX Warning: Command \j invalid in math mode on input line 1864.


LaTeX Warning: Command \j invalid in math mode on input line 1864.


LaTeX Warning: Command \i invalid in math mode on input line 1864.


LaTeX Warning: Command \i invalid in math mode on input line 1864.


LaTeX Warning: Command \j invalid in math mode on input line 1864.


LaTeX Warning: Command \j invalid in math mode on input line 1864.


LaTeX Warning: Command \i invalid in math mode on input line 1864.


LaTeX Warning: Command \i invalid in math mode on input line 1864.


LaTeX Warning: Command \i invalid in math mode on input line 1867.


LaTeX Warning: Command \i invalid in math mode on input line 1867.


LaTeX Warning: Command \j invalid in math mode on input line 1867.


LaTeX Warning: Command \j invalid in math mode on input line 1867.


LaTeX Warning: Command \i invalid in math mode on input line 1867.


LaTeX Warning: Command \i invalid in math mode on input line 1867.


LaTeX Warning: Command \j invalid in math mode on input line 1867.


LaTeX Warning: Command \j invalid in math mode on input line 1867.

[46 <./shaft.png>]

LaTeX Warning: Command \i invalid in math mode on input line 1871.


LaTeX Warning: Command \i invalid in math mode on input line 1871.


LaTeX Warning: Command \j invalid in math mode on input line 1871.


LaTeX Warning: Command \j invalid in math mode on input line 1871.


LaTeX Warning: Command \j invalid in math mode on input line 1871.


LaTeX Warning: Command \j invalid in math mode on input line 1871.


LaTeX Warning: Command \j invalid in math mode on input line 1871.


LaTeX Warning: Command \j invalid in math mode on input line 1871.


LaTeX Warning: Command \i invalid in math mode on input line 1871.


LaTeX Warning: Command \i invalid in math mode on input line 1871.


LaTeX Warning: Command \i invalid in math mode on input line 1871.


LaTeX Warning: Command \i invalid in math mode on input line 1871.


LaTeX Warning: Command \i invalid in math mode on input line 1871.


LaTeX Warning: Command \i invalid in math mode on input line 1871.


LaTeX Warning: Command \j invalid in math mode on input line 1871.


LaTeX Warning: Command \j invalid in math mode on input line 1871.


LaTeX Warning: Command \j invalid in math mode on input line 1871.


LaTeX Warning: Command \j invalid in math mode on input line 1871.


LaTeX Warning: Command \j invalid in math mode on input line 1871.


LaTeX Warning: Command \j invalid in math mode on input line 1871.


LaTeX Warning: Command \i invalid in math mode on input line 1871.


LaTeX Warning: Command \i invalid in math mode on input line 1871.


LaTeX Warning: Command \i invalid in math mode on input line 1871.


LaTeX Warning: Command \i invalid in math mode on input line 1871.


LaTeX Warning: Command \i invalid in math mode on input line 1875.


LaTeX Warning: Command \i invalid in math mode on input line 1875.


LaTeX Warning: Command \j invalid in math mode on input line 1875.


LaTeX Warning: Command \j invalid in math mode on input line 1875.


LaTeX Warning: Command \i invalid in math mode on input line 1875.


LaTeX Warning: Command \i invalid in math mode on input line 1875.


LaTeX Warning: Command \j invalid in math mode on input line 1875.


LaTeX Warning: Command \j invalid in math mode on input line 1875.


LaTeX Warning: Command \i invalid in math mode on input line 1875.


LaTeX Warning: Command \i invalid in math mode on input line 1875.


LaTeX Warning: Command \j invalid in math mode on input line 1875.


LaTeX Warning: Command \j invalid in math mode on input line 1875.


LaTeX Warning: Command \j invalid in math mode on input line 1875.


LaTeX Warning: Command \j invalid in math mode on input line 1875.


LaTeX Warning: Command \i invalid in math mode on input line 1875.


LaTeX Warning: Command \i invalid in math mode on input line 1875.


LaTeX Warning: Command \i invalid in math mode on input line 1875.


LaTeX Warning: Command \i invalid in math mode on input line 1875.


LaTeX Warning: Command \j invalid in math mode on input line 1875.


LaTeX Warning: Command \j invalid in math mode on input line 1875.


LaTeX Warning: Command \i invalid in math mode on input line 1875.


LaTeX Warning: Command \i invalid in math mode on input line 1875.


LaTeX Warning: Command \j invalid in math mode on input line 1875.


LaTeX Warning: Command \j invalid in math mode on input line 1875.


LaTeX Warning: Command \i invalid in math mode on input line 1875.


LaTeX Warning: Command \i invalid in math mode on input line 1875.


LaTeX Warning: Command \j invalid in math mode on input line 1875.


LaTeX Warning: Command \j invalid in math mode on input line 1875.


LaTeX Warning: Command \j invalid in math mode on input line 1875.


LaTeX Warning: Command \j invalid in math mode on input line 1875.


LaTeX Warning: Command \i invalid in math mode on input line 1875.


LaTeX Warning: Command \i invalid in math mode on input line 1875.


LaTeX Warning: Command \i invalid in math mode on input line 1876.


LaTeX Warning: Command \i invalid in math mode on input line 1876.


LaTeX Warning: Command \j invalid in math mode on input line 1876.


LaTeX Warning: Command \j invalid in math mode on input line 1876.


LaTeX Warning: Command \i invalid in math mode on input line 1876.


LaTeX Warning: Command \i invalid in math mode on input line 1876.


LaTeX Warning: Command \j invalid in math mode on input line 1876.


LaTeX Warning: Command \j invalid in math mode on input line 1876.


LaTeX Warning: Command \j invalid in math mode on input line 1876.


LaTeX Warning: Command \j invalid in math mode on input line 1876.


LaTeX Warning: Command \i invalid in math mode on input line 1876.


LaTeX Warning: Command \i invalid in math mode on input line 1876.


Underfull \hbox (badness 10000) in paragraph at lines 1898--1900

 []

[47]
Underfull \hbox (badness 10000) in paragraph at lines 1952--1954

 []

[48]
Underfull \hbox (badness 10000) in paragraph at lines 1982--1984

 []


Underfull \hbox (badness 10000) in paragraph at lines 1985--1986

 []


Underfull \hbox (badness 10000) in paragraph at lines 1999--2001

 []


Underfull \hbox (badness 10000) in paragraph at lines 2002--2003

 []

[49]
Underfull \hbox (badness 10000) in paragraph at lines 2012--2014

 []


LaTeX Warning: Command \i invalid in math mode on input line 2015.


LaTeX Warning: Command \i invalid in math mode on input line 2015.


LaTeX Warning: Command \j invalid in math mode on input line 2015.


LaTeX Warning: Command \j invalid in math mode on input line 2015.


LaTeX Warning: Command \i invalid in math mode on input line 2015.


LaTeX Warning: Command \i invalid in math mode on input line 2015.


LaTeX Warning: Command \j invalid in math mode on input line 2015.


LaTeX Warning: Command \j invalid in math mode on input line 2015.


LaTeX Warning: Command \i invalid in math mode on input line 2015.


LaTeX Warning: Command \i invalid in math mode on input line 2015.


LaTeX Warning: Command \j invalid in math mode on input line 2015.


LaTeX Warning: Command \j invalid in math mode on input line 2015.


Underfull \hbox (badness 10000) in paragraph at lines 2015--2016

 []


LaTeX Warning: Command \i invalid in math mode on input line 2020.


LaTeX Warning: Command \i invalid in math mode on input line 2020.


LaTeX Warning: Command \j invalid in math mode on input line 2020.


LaTeX Warning: Command \j invalid in math mode on input line 2020.


LaTeX Warning: Command \i invalid in math mode on input line 2020.


LaTeX Warning: Command \i invalid in math mode on input line 2020.


LaTeX Warning: Command \j invalid in math mode on input line 2020.


LaTeX Warning: Command \j invalid in math mode on input line 2020.


LaTeX Warning: Command \i invalid in math mode on input line 2020.


LaTeX Warning: Command \i invalid in math mode on input line 2020.


LaTeX Warning: Command \j invalid in math mode on input line 2020.


LaTeX Warning: Command \j invalid in math mode on input line 2020.


LaTeX Warning: Command \i invalid in math mode on input line 2020.


LaTeX Warning: Command \i invalid in math mode on input line 2020.


LaTeX Warning: Command \j invalid in math mode on input line 2020.


LaTeX Warning: Command \j invalid in math mode on input line 2020.


LaTeX Warning: Command \i invalid in math mode on input line 2024.


LaTeX Warning: Command \i invalid in math mode on input line 2024.


LaTeX Warning: Command \j invalid in math mode on input line 2024.


LaTeX Warning: Command \j invalid in math mode on input line 2024.


LaTeX Warning: Command \i invalid in math mode on input line 2024.


LaTeX Warning: Command \i invalid in math mode on input line 2024.


LaTeX Warning: Command \j invalid in math mode on input line 2024.


LaTeX Warning: Command \j invalid in math mode on input line 2024.


Underfull \hbox (badness 10000) in paragraph at lines 2032--2034

 []

LaTeX Font Info:    Font shape `U/rsfso/m/n' will be
(Font)              scaled to size 9.0pt on input line 2036.
LaTeX Font Info:    Font shape `U/rsfso/m/n' will be
(Font)              scaled to size 5.0pt on input line 2036.

Underfull \hbox (badness 10000) in paragraph at lines 2039--2041

 []

[50]
<eulerian.png, id=239, 1193.96063pt x 637.63219pt>
File: eulerian.png Graphic file (type png)
<use eulerian.png>
Package pdftex.def Info: eulerian.png  used on input line 2072.
(pdftex.def)             Requested size: 417.89249pt x 223.1746pt.
 [51 <./eulerian.png>]
Underfull \hbox (badness 10000) in paragraph at lines 2124--2126

 []


Underfull \hbox (badness 10000) in paragraph at lines 2140--2142

 []

[52]
Underfull \hbox (badness 10000) in paragraph at lines 2168--2170

 []

<FFsymmetricTop.png, id=247, 993.7125pt x 573.64313pt>
File: FFsymmetricTop.png Graphic file (type png)
<use FFsymmetricTop.png>
Package pdftex.def Info: FFsymmetricTop.png  used on input line 2171.
(pdftex.def)             Requested size: 387.54631pt x 223.71991pt.

Underfull \hbox (badness 10000) in paragraph at lines 2174--2175

 []


Underfull \hbox (badness 10000) in paragraph at lines 2179--2181

 []

[53 <./FFsymmetricTop.png>]
<cones.png, id=252, 1055.44313pt x 572.1375pt>
File: cones.png Graphic file (type png)
<use cones.png>
Package pdftex.def Info: cones.png  used on input line 2192.
(pdftex.def)             Requested size: 411.62117pt x 223.13272pt.
 [54 <./cones.png>]
Chapter 7.
[55

]
Underfull \hbox (badness 10000) in paragraph at lines 2245--2247

 []


Underfull \hbox (badness 10000) in paragraph at lines 2299--2301

 []

[56]
Underfull \hbox (badness 10000) in paragraph at lines 2309--2311

 []

[57] (Physics401note.aux) ) 
Here is how much of TeX's memory you used:
 4794 strings out of 479697
 68180 string characters out of 2868082
 378989 words of memory out of 3000000
 21801 multiletter control sequences out of 15000+200000
 417215 words of font info for 80 fonts, out of 3000000 for 9000
 1141 hyphenation exceptions out of 8191
 78i,16n,85p,1266b,328s stack positions out of 5000i,500n,10000p,200000b,50000s
<C:/Users/Cat/AppData/Local/Programs/MiKTeX/fonts/ty
pe1/public/amsfonts/cm/cmbx10.pfb><C:/Users/Cat/AppData/Local/Programs/MiKTeX/f
onts/type1/public/amsfonts/cm/cmbx12.pfb><C:/Users/Cat/AppData/Local/Programs/M
iKTeX/fonts/type1/public/amsfonts/cm/cmex10.pfb><C:/Users/Cat/AppData/Local/Pro
grams/MiKTeX/fonts/type1/public/amsfonts/cm/cmmi10.pfb><C:/Users/Cat/AppData/Lo
cal/Programs/MiKTeX/fonts/type1/public/amsfonts/cm/cmmi6.pfb><C:/Users/Cat/AppD
ata/Local/Programs/MiKTeX/fonts/type1/public/amsfonts/cm/cmmi8.pfb><C:/Users/Ca
t/AppData/Local/Programs/MiKTeX/fonts/type1/public/amsfonts/cm/cmmi9.pfb><C:/Us
ers/Cat/AppData/Local/Programs/MiKTeX/fonts/type1/public/amsfonts/cm/cmr10.pfb>
<C:/Users/Cat/AppData/Local/Programs/MiKTeX/fonts/type1/public/amsfonts/cm/cmr1
2.pfb><C:/Users/Cat/AppData/Local/Programs/MiKTeX/fonts/type1/public/amsfonts/c
m/cmr17.pfb><C:/Users/Cat/AppData/Local/Programs/MiKTeX/fonts/type1/public/amsf
onts/cm/cmr6.pfb><C:/Users/Cat/AppData/Local/Programs/MiKTeX/fonts/type1/public
/amsfonts/cm/cmr8.pfb><C:/Users/Cat/AppData/Local/Programs/MiKTeX/fonts/type1/p
ublic/amsfonts/cm/cmr9.pfb><C:/Users/Cat/AppData/Local/Programs/MiKTeX/fonts/ty
pe1/public/amsfonts/cm/cmsl10.pfb><C:/Users/Cat/AppData/Local/Programs/MiKTeX/f
onts/type1/public/amsfonts/cm/cmsy10.pfb><C:/Users/Cat/AppData/Local/Programs/M
iKTeX/fonts/type1/public/amsfonts/cm/cmsy6.pfb><C:/Users/Cat/AppData/Local/Prog
rams/MiKTeX/fonts/type1/public/amsfonts/cm/cmsy8.pfb><C:/Users/Cat/AppData/Loca
l/Programs/MiKTeX/fonts/type1/public/amsfonts/cm/cmsy9.pfb><C:/Users/Cat/AppDat
a/Local/Programs/MiKTeX/fonts/type1/public/amsfonts/cm/cmti10.pfb><C:/Users/Cat
/AppData/Local/Programs/MiKTeX/fonts/type1/public/amsfonts/cm/cmti9.pfb><C:/Use
rs/Cat/AppData/Local/Programs/MiKTeX/fonts/type1/public/amsfonts/symbols/msbm10
.pfb><C:/Users/Cat/AppData/Local/Programs/MiKTeX/fonts/type1/public/rsfs/rsfs10
.pfb>
Output written on Physics401note.pdf (58 pages, 2222154 bytes).
PDF statistics:
 337 PDF objects out of 1000 (max. 8388607)
 0 named destinations out of 1000 (max. 500000)
 91 words of extra memory for PDF output out of 10000 (max. 10000000)

